#
# There is insufficient memory for the Java Runtime Environment to continue.
# Native memory allocation (malloc) failed to allocate 198656 bytes. Error detail: Chunk::new
# Possible reasons:
#   The system is out of physical RAM or swap space
#   This process is running with CompressedOops enabled, and the Java Heap may be blocking the growth of the native heap
# Possible solutions:
#   Reduce memory load on the system
#   Increase physical memory or swap space
#   Check if swap backing store is full
#   Decrease Java heap size (-Xmx/-Xms)
#   Decrease number of Java threads
#   Decrease Java thread stack sizes (-Xss)
#   Set larger code cache with -XX:ReservedCodeCacheSize=
#   JVM is running with Unscaled Compressed Oops mode in which the Java heap is
#     placed in the first 4GB address space. The Java Heap base address is the
#     maximum limit for the native heap growth. Please use -XX:HeapBaseMinAddress
#     to set the Java Heap base and to place the Java Heap above 4GB virtual address.
# This output file may be truncated or incomplete.
#
#  Out of Memory Error (arena.cpp:168), pid=26068, tid=18908
#
# JRE version: OpenJDK Runtime Environment Temurin-21.0.7+6 (21.0.7+6) (build 21.0.7+6-LTS)
# Java VM: OpenJDK 64-Bit Server VM Temurin-21.0.7+6 (21.0.7+6-LTS, mixed mode, sharing, tiered, compressed oops, compressed class ptrs, parallel gc, windows-amd64)
# No core dump will be written. Minidumps are not enabled by default on client versions of Windows
#

---------------  S U M M A R Y ------------

Command Line: --add-modules=ALL-SYSTEM --add-opens=java.base/java.util=ALL-UNNAMED --add-opens=java.base/java.lang=ALL-UNNAMED --add-opens=java.base/sun.nio.fs=ALL-UNNAMED -Declipse.application=org.eclipse.jdt.ls.core.id1 -Dosgi.bundles.defaultStartLevel=4 -Declipse.product=org.eclipse.jdt.ls.core.product -Djava.import.generatesMetadataFilesAtProjectRoot=false -DDetectVMInstallationsJob.disabled=true -Dfile.encoding=utf8 -XX:+UseParallelGC -XX:GCTimeRatio=4 -XX:AdaptiveSizePolicyWeight=90 -Dsun.zip.disableMemoryMapping=true -Xmx2G -Xms100m -Xlog:disable -javaagent:c:\Users\User\.vscode\extensions\redhat.java-1.43.0-win32-x64\lombok\lombok-1.18.39-4050.jar -XX:+HeapDumpOnOutOfMemoryError -XX:HeapDumpPath=c:\Users\User\AppData\Roaming\Code\User\workspaceStorage\7dd1fb8172539666cb3a5f840488d9b9\redhat.java -Daether.dependencyCollector.impl=bf c:\Users\User\.vscode\extensions\redhat.java-1.43.0-win32-x64\server\plugins\org.eclipse.equinox.launcher_1.7.0.v20250519-0528.jar -configuration c:\Users\User\AppData\Roaming\Code\User\globalStorage\redhat.java\1.43.0\config_win -data c:\Users\User\AppData\Roaming\Code\User\workspaceStorage\7dd1fb8172539666cb3a5f840488d9b9\redhat.java\jdt_ws --pipe=\\.\pipe\lsp-c3169752c70f497d80e1fe41a7745685-sock

Host: AMD Ryzen 7 6800H with Radeon Graphics         , 16 cores, 15G,  Windows 11 , 64 bit Build 26100 (10.0.26100.4484)
Time: Sat Jun 28 11:16:04 2025 Sri Lanka Standard Time elapsed time: 31.256716 seconds (0d 0h 0m 31s)

---------------  T H R E A D  ---------------

Current thread (0x0000019ee9a19c70):  JavaThread "C2 CompilerThread0" daemon [_thread_in_native, id=18908, stack(0x0000002bf0c00000,0x0000002bf0d00000) (1024K)]


Current CompileTask:
C2:31256 9183       4       java.io.DataOutputStream::writeUTF (389 bytes)

Stack: [0x0000002bf0c00000,0x0000002bf0d00000]
Native frames: (J=compiled Java code, j=interpreted, Vv=VM code, C=native code)
V  [jvm.dll+0x6ce119]
V  [jvm.dll+0x8a84a1]
V  [jvm.dll+0x8aa9ce]
V  [jvm.dll+0x8ab0b3]
V  [jvm.dll+0x27f8a6]
V  [jvm.dll+0xc507d]
V  [jvm.dll+0xc55b3]
V  [jvm.dll+0x2f2c6d]
V  [jvm.dll+0x5f6bca]
V  [jvm.dll+0x250cb2]
V  [jvm.dll+0x25106f]
V  [jvm.dll+0x249934]
V  [jvm.dll+0x246fc4]
V  [jvm.dll+0x1c760e]
V  [jvm.dll+0x25695a]
V  [jvm.dll+0x254efa]
V  [jvm.dll+0x3f03f6]
V  [jvm.dll+0x851f6b]
V  [jvm.dll+0x6cc7dd]
C  [ucrtbase.dll+0x37b0]
C  [KERNEL32.DLL+0x2e8d7]
C  [ntdll.dll+0x3c34c]


---------------  P R O C E S S  ---------------

Threads class SMR info:
_java_thread_list=0x0000019ed0c931c0, length=71, elements={
0x0000019ee995d8b0, 0x0000019ee9a05400, 0x0000019e805fdec0, 0x0000019ee9a07a20,
0x0000019ee9a08670, 0x0000019ee9a0cb30, 0x0000019ee9a11360, 0x0000019ee9a19c70,
0x0000019ee9a1af70, 0x0000019ee99ca790, 0x0000019ec440bd90, 0x0000019ec4ae6ed0,
0x0000019ec9209090, 0x0000019ec93685d0, 0x0000019ec4b3a170, 0x0000019ec9712860,
0x0000019ec9929390, 0x0000019ec991fd80, 0x0000019ec991cf90, 0x0000019ec9920410,
0x0000019ec991dcb0, 0x0000019ec991e9d0, 0x0000019ec991f6f0, 0x0000019ec991d620,
0x0000019ec991e340, 0x0000019ecb1bc940, 0x0000019ecb1bcfd0, 0x0000019ecb1bc2b0,
0x0000019ecb1bbc20, 0x0000019ecb1ba870, 0x0000019ecb1b9b50, 0x0000019ecb1baf00,
0x0000019ecb1bd660, 0x0000019ecb1ba1e0, 0x0000019ecb1bdcf0, 0x0000019ecb1be380,
0x0000019ecb1bea10, 0x0000019ecb1bb590, 0x0000019ecb1c1170, 0x0000019ecb1bf0a0,
0x0000019ecb1bf730, 0x0000019ecb1c0ae0, 0x0000019ecb1bfdc0, 0x0000019ecb1c0450,
0x0000019ecaf2c620, 0x0000019ecaf30130, 0x0000019ecaf2d340, 0x0000019ecaf2e060,
0x0000019ecaf32200, 0x0000019ecaf30e50, 0x0000019ecaf314e0, 0x0000019ecaf2d9d0,
0x0000019ecaf32890, 0x0000019ecaf31b70, 0x0000019ecaf2f410, 0x0000019ecaf32f20,
0x0000019ecaf335b0, 0x0000019ecb618d80, 0x0000019ecb61a130, 0x0000019ecb619aa0,
0x0000019ecb6179d0, 0x0000019ecb619410, 0x0000019ecb618060, 0x0000019ecb61d5b0,
0x0000019ecb61c890, 0x0000019ecb61dc40, 0x0000019ecb61c200, 0x0000019ed151afe0,
0x0000019ed151b6b0, 0x0000019ed1518030, 0x0000019ed1518700
}

Java Threads: ( => current thread )
  0x0000019ee995d8b0 JavaThread "main"                              [_thread_blocked, id=25540, stack(0x0000002bf0200000,0x0000002bf0300000) (1024K)]
  0x0000019ee9a05400 JavaThread "Reference Handler"          daemon [_thread_blocked, id=4564, stack(0x0000002bf0600000,0x0000002bf0700000) (1024K)]
  0x0000019e805fdec0 JavaThread "Finalizer"                  daemon [_thread_blocked, id=18848, stack(0x0000002bf0700000,0x0000002bf0800000) (1024K)]
  0x0000019ee9a07a20 JavaThread "Signal Dispatcher"          daemon [_thread_blocked, id=5824, stack(0x0000002bf0800000,0x0000002bf0900000) (1024K)]
  0x0000019ee9a08670 JavaThread "Attach Listener"            daemon [_thread_blocked, id=31064, stack(0x0000002bf0900000,0x0000002bf0a00000) (1024K)]
  0x0000019ee9a0cb30 JavaThread "Service Thread"             daemon [_thread_blocked, id=31876, stack(0x0000002bf0a00000,0x0000002bf0b00000) (1024K)]
  0x0000019ee9a11360 JavaThread "Monitor Deflation Thread"   daemon [_thread_blocked, id=21524, stack(0x0000002bf0b00000,0x0000002bf0c00000) (1024K)]
=>0x0000019ee9a19c70 JavaThread "C2 CompilerThread0"         daemon [_thread_in_native, id=18908, stack(0x0000002bf0c00000,0x0000002bf0d00000) (1024K)]
  0x0000019ee9a1af70 JavaThread "C1 CompilerThread0"         daemon [_thread_blocked, id=17172, stack(0x0000002bf0d00000,0x0000002bf0e00000) (1024K)]
  0x0000019ee99ca790 JavaThread "Common-Cleaner"             daemon [_thread_blocked, id=21216, stack(0x0000002bf0e00000,0x0000002bf0f00000) (1024K)]
  0x0000019ec440bd90 JavaThread "Notification Thread"        daemon [_thread_blocked, id=32796, stack(0x0000002bf1300000,0x0000002bf1400000) (1024K)]
  0x0000019ec4ae6ed0 JavaThread "Active Thread: Equinox Container: 031eca87-ffca-4a50-970f-8b30cd67e5b9"        [_thread_in_Java, id=9404, stack(0x0000002bf1c00000,0x0000002bf1d00000) (1024K)]
  0x0000019ec9209090 JavaThread "Refresh Thread: Equinox Container: 031eca87-ffca-4a50-970f-8b30cd67e5b9" daemon [_thread_blocked, id=11284, stack(0x0000002bf1e00000,0x0000002bf1f00000) (1024K)]
  0x0000019ec93685d0 JavaThread "Framework Event Dispatcher: Equinox Container: 031eca87-ffca-4a50-970f-8b30cd67e5b9" daemon [_thread_blocked, id=33716, stack(0x0000002bf1f00000,0x0000002bf2000000) (1024K)]
  0x0000019ec4b3a170 JavaThread "Start Level: Equinox Container: 031eca87-ffca-4a50-970f-8b30cd67e5b9" daemon [_thread_blocked, id=10476, stack(0x0000002bf2000000,0x0000002bf2100000) (1024K)]
  0x0000019ec9712860 JavaThread "Bundle File Closer"         daemon [_thread_blocked, id=17148, stack(0x0000002bf2300000,0x0000002bf2400000) (1024K)]
  0x0000019ec9929390 JavaThread "SCR Component Actor"        daemon [_thread_blocked, id=22856, stack(0x0000002bf2400000,0x0000002bf2500000) (1024K)]
  0x0000019ec991fd80 JavaThread "Worker-JM"                         [_thread_blocked, id=32104, stack(0x0000002bf2700000,0x0000002bf2800000) (1024K)]
  0x0000019ec991cf90 JavaThread "JNA Cleaner"                daemon [_thread_blocked, id=9400, stack(0x0000002bf2800000,0x0000002bf2900000) (1024K)]
  0x0000019ec9920410 JavaThread "Worker-0"                          [_thread_blocked, id=22316, stack(0x0000002bf2900000,0x0000002bf2a00000) (1024K)]
  0x0000019ec991dcb0 JavaThread "Worker-1"                          [_thread_blocked, id=33492, stack(0x0000002bf2a00000,0x0000002bf2b00000) (1024K)]
  0x0000019ec991e9d0 JavaThread "Worker-2"                          [_thread_blocked, id=18612, stack(0x0000002bf2b00000,0x0000002bf2c00000) (1024K)]
  0x0000019ec991f6f0 JavaThread "Java indexing"              daemon [_thread_blocked, id=10060, stack(0x0000002bf3000000,0x0000002bf3100000) (1024K)]
  0x0000019ec991d620 JavaThread "Worker-3"                          [_thread_blocked, id=17192, stack(0x0000002bf3100000,0x0000002bf3200000) (1024K)]
  0x0000019ec991e340 JavaThread "Worker-4: Synchronize Gradle projects with workspace"        [_thread_blocked, id=31836, stack(0x0000002bf3200000,0x0000002bf3300000) (1024K)]
  0x0000019ecb1bc940 JavaThread "Worker-5"                          [_thread_blocked, id=33524, stack(0x0000002bf3300000,0x0000002bf3400000) (1024K)]
  0x0000019ecb1bcfd0 JavaThread "Timer-0"                           [_thread_blocked, id=14052, stack(0x0000002bf3400000,0x0000002bf3500000) (1024K)]
  0x0000019ecb1bc2b0 JavaThread "Timer-1"                           [_thread_blocked, id=32624, stack(0x0000002bf3600000,0x0000002bf3700000) (1024K)]
  0x0000019ecb1bbc20 JavaThread "Thread-4"                   daemon [_thread_in_native, id=25108, stack(0x0000002bf3800000,0x0000002bf3900000) (1024K)]
  0x0000019ecb1ba870 JavaThread "Thread-5"                   daemon [_thread_in_native, id=11208, stack(0x0000002bf3900000,0x0000002bf3a00000) (1024K)]
  0x0000019ecb1b9b50 JavaThread "Thread-6"                   daemon [_thread_in_native, id=16244, stack(0x0000002bf3a00000,0x0000002bf3b00000) (1024K)]
  0x0000019ecb1baf00 JavaThread "Thread-7"                   daemon [_thread_in_native, id=28988, stack(0x0000002bf3b00000,0x0000002bf3c00000) (1024K)]
  0x0000019ecb1bd660 JavaThread "Thread-8"                   daemon [_thread_in_native, id=32464, stack(0x0000002bf3c00000,0x0000002bf3d00000) (1024K)]
  0x0000019ecb1ba1e0 JavaThread "Thread-9"                   daemon [_thread_in_native, id=2272, stack(0x0000002bf3d00000,0x0000002bf3e00000) (1024K)]
  0x0000019ecb1bdcf0 JavaThread "Thread-10"                  daemon [_thread_in_native, id=32604, stack(0x0000002bf3e00000,0x0000002bf3f00000) (1024K)]
  0x0000019ecb1be380 JavaThread "Thread-11"                  daemon [_thread_in_native, id=15928, stack(0x0000002bf3f00000,0x0000002bf4000000) (1024K)]
  0x0000019ecb1bea10 JavaThread "Thread-12"                  daemon [_thread_in_native, id=15320, stack(0x0000002bf4000000,0x0000002bf4100000) (1024K)]
  0x0000019ecb1bb590 JavaThread "Thread-13"                  daemon [_thread_in_native, id=22644, stack(0x0000002bf4100000,0x0000002bf4200000) (1024K)]
  0x0000019ecb1c1170 JavaThread "Thread-14"                  daemon [_thread_in_native, id=15956, stack(0x0000002bf4200000,0x0000002bf4300000) (1024K)]
  0x0000019ecb1bf0a0 JavaThread "Thread-15"                  daemon [_thread_in_native, id=5220, stack(0x0000002bf4300000,0x0000002bf4400000) (1024K)]
  0x0000019ecb1bf730 JavaThread "Thread-16"                  daemon [_thread_in_native, id=17084, stack(0x0000002bf4400000,0x0000002bf4500000) (1024K)]
  0x0000019ecb1c0ae0 JavaThread "Thread-17"                  daemon [_thread_in_native, id=22796, stack(0x0000002bf4500000,0x0000002bf4600000) (1024K)]
  0x0000019ecb1bfdc0 JavaThread "Thread-18"                  daemon [_thread_in_native, id=32716, stack(0x0000002bf4600000,0x0000002bf4700000) (1024K)]
  0x0000019ecb1c0450 JavaThread "Thread-19"                  daemon [_thread_in_native, id=15016, stack(0x0000002bf4700000,0x0000002bf4800000) (1024K)]
  0x0000019ecaf2c620 JavaThread "Thread-20"                  daemon [_thread_in_native, id=24484, stack(0x0000002bf4800000,0x0000002bf4900000) (1024K)]
  0x0000019ecaf30130 JavaThread "pool-2-thread-1"                   [_thread_blocked, id=31088, stack(0x0000002bf4a00000,0x0000002bf4b00000) (1024K)]
  0x0000019ecaf2d340 JavaThread "WorkspaceEventsHandler"            [_thread_blocked, id=26476, stack(0x0000002bf4d00000,0x0000002bf4e00000) (1024K)]
  0x0000019ecaf2e060 JavaThread "pool-1-thread-1"                   [_thread_blocked, id=3504, stack(0x0000002bf4e00000,0x0000002bf4f00000) (1024K)]
  0x0000019ecaf32200 JavaThread "Exec process"                      [_thread_blocked, id=27972, stack(0x0000002bf4b00000,0x0000002bf4c00000) (1024K)]
  0x0000019ecaf30e50 JavaThread "Exec process Thread 2"             [_thread_blocked, id=3648, stack(0x0000002bf4c00000,0x0000002bf4d00000) (1024K)]
  0x0000019ecaf314e0 JavaThread "Exec process Thread 3"             [_thread_blocked, id=23484, stack(0x0000002bf4f00000,0x0000002bf5000000) (1024K)]
  0x0000019ecaf2d9d0 JavaThread "Timer-2"                           [_thread_blocked, id=31352, stack(0x0000002bf4900000,0x0000002bf4a00000) (1024K)]
  0x0000019ecaf32890 JavaThread "Timer-3"                           [_thread_blocked, id=30976, stack(0x0000002bf1000000,0x0000002bf1100000) (1024K)]
  0x0000019ecaf31b70 JavaThread "Timer-4"                           [_thread_blocked, id=18760, stack(0x0000002bf2c00000,0x0000002bf2d00000) (1024K)]
  0x0000019ecaf2f410 JavaThread "Timer-5"                           [_thread_blocked, id=31340, stack(0x0000002bf2d00000,0x0000002bf2e00000) (1024K)]
  0x0000019ecaf32f20 JavaThread "Timer-6"                           [_thread_blocked, id=3180, stack(0x0000002bf3700000,0x0000002bf3800000) (1024K)]
  0x0000019ecaf335b0 JavaThread "Timer-7"                           [_thread_blocked, id=28516, stack(0x0000002bf5000000,0x0000002bf5100000) (1024K)]
  0x0000019ecb618d80 JavaThread "Timer-8"                           [_thread_blocked, id=5240, stack(0x0000002bf5100000,0x0000002bf5200000) (1024K)]
  0x0000019ecb61a130 JavaThread "Timer-9"                           [_thread_blocked, id=28824, stack(0x0000002bf5600000,0x0000002bf5700000) (1024K)]
  0x0000019ecb619aa0 JavaThread "ForkJoinPool.commonPool-worker-1" daemon [_thread_blocked, id=9472, stack(0x0000002bf2500000,0x0000002bf2600000) (1024K)]
  0x0000019ecb6179d0 JavaThread "ForkJoinPool.commonPool-worker-2" daemon [_thread_blocked, id=31868, stack(0x0000002bf3500000,0x0000002bf3600000) (1024K)]
  0x0000019ecb619410 JavaThread "ForkJoinPool.commonPool-worker-3" daemon [_thread_blocked, id=33052, stack(0x0000002bf5200000,0x0000002bf5300000) (1024K)]
  0x0000019ecb618060 JavaThread "ForkJoinPool.commonPool-worker-4" daemon [_thread_blocked, id=5704, stack(0x0000002bf5300000,0x0000002bf5400000) (1024K)]
  0x0000019ecb61d5b0 JavaThread "Timer-10"                          [_thread_blocked, id=34348, stack(0x0000002bf5400000,0x0000002bf5500000) (1024K)]
  0x0000019ecb61c890 JavaThread "Timer-11"                          [_thread_blocked, id=9848, stack(0x0000002bf5500000,0x0000002bf5600000) (1024K)]
  0x0000019ecb61dc40 JavaThread "Connection worker"                 [_thread_in_native, id=11092, stack(0x0000002bf5700000,0x0000002bf5800000) (1024K)]
  0x0000019ecb61c200 JavaThread "pool-5-thread-1"                   [_thread_blocked, id=12676, stack(0x0000002bf5800000,0x0000002bf5900000) (1024K)]
  0x0000019ed151afe0 JavaThread "C1 CompilerThread1"         daemon [_thread_blocked, id=34684, stack(0x0000002bf0f00000,0x0000002bf1000000) (1024K)]
  0x0000019ed151b6b0 JavaThread "C1 CompilerThread2"         daemon [_thread_in_vm, id=23280, stack(0x0000002bf1100000,0x0000002bf1200000) (1024K)]
  0x0000019ed1518030 JavaThread "C2 CompilerThread1"         daemon [_thread_in_native, id=34312, stack(0x0000002bf5900000,0x0000002bf5a00000) (1024K)]
  0x0000019ed1518700 JavaThread "C2 CompilerThread2"         daemon [_thread_in_native, id=7216, stack(0x0000002bf5a00000,0x0000002bf5b00000) (1024K)]
Total: 71

Other Threads:
  0x0000019ec2b34ba0 VMThread "VM Thread"                           [id=31872, stack(0x0000002bf0500000,0x0000002bf0600000) (1024K)]
  0x0000019e804dcb20 WatcherThread "VM Periodic Task Thread"        [id=32056, stack(0x0000002bf0400000,0x0000002bf0500000) (1024K)]
  0x0000019ee997e350 WorkerThread "GC Thread#0"                     [id=3908, stack(0x0000002bf0300000,0x0000002bf0400000) (1024K)]
  0x0000019ec4a25c40 WorkerThread "GC Thread#1"                     [id=22280, stack(0x0000002bf1500000,0x0000002bf1600000) (1024K)]
  0x0000019ec4b71ad0 WorkerThread "GC Thread#2"                     [id=33788, stack(0x0000002bf1600000,0x0000002bf1700000) (1024K)]
  0x0000019ec4a25fe0 WorkerThread "GC Thread#3"                     [id=5236, stack(0x0000002bf1700000,0x0000002bf1800000) (1024K)]
  0x0000019ec9156010 WorkerThread "GC Thread#4"                     [id=23156, stack(0x0000002bf1800000,0x0000002bf1900000) (1024K)]
  0x0000019ec91563b0 WorkerThread "GC Thread#5"                     [id=7532, stack(0x0000002bf1900000,0x0000002bf1a00000) (1024K)]
  0x0000019ec919b900 WorkerThread "GC Thread#6"                     [id=23556, stack(0x0000002bf1a00000,0x0000002bf1b00000) (1024K)]
  0x0000019ec928cff0 WorkerThread "GC Thread#7"                     [id=2344, stack(0x0000002bf1d00000,0x0000002bf1e00000) (1024K)]
  0x0000019ec4b18ef0 WorkerThread "GC Thread#8"                     [id=29056, stack(0x0000002bf2100000,0x0000002bf2200000) (1024K)]
  0x0000019ec9461620 WorkerThread "GC Thread#9"                     [id=33748, stack(0x0000002bf2200000,0x0000002bf2300000) (1024K)]
  0x0000019ec94619c0 WorkerThread "GC Thread#10"                    [id=6712, stack(0x0000002bf2600000,0x0000002bf2700000) (1024K)]
  0x0000019ec9461280 WorkerThread "GC Thread#11"                    [id=32592, stack(0x0000002bf1400000,0x0000002bf1500000) (1024K)]
  0x0000019ec94607a0 WorkerThread "GC Thread#12"                    [id=26160, stack(0x0000002bf1b00000,0x0000002bf1c00000) (1024K)]
Total: 15

Threads with active compile tasks:
C2 CompilerThread0  31294 9183       4       java.io.DataOutputStream::writeUTF (389 bytes)
C1 CompilerThread1  31294 9271       3       org.eclipse.osgi.container.ModuleDatabase$Persistence::writeModule (343 bytes)
C1 CompilerThread2  31294 9261       3       java.util.Collections$SingletonMap::keySet (23 bytes)
C2 CompilerThread1  31295 9263       4       java.util.AbstractMap::hashCode (45 bytes)
C2 CompilerThread2  31295 9225       4       java.util.Collections$UnmodifiableMap$UnmodifiableEntrySet$1::next (5 bytes)
Total: 5

VM state: not at safepoint (normal execution)

VM Mutex/Monitor currently owned by a thread: None

Heap address: 0x0000000080000000, size: 2048 MB, Compressed Oops mode: 32-bit

CDS archive(s) mapped at: [0x0000019e81000000-0x0000019e81ba0000-0x0000019e81ba0000), size 12189696, SharedBaseAddress: 0x0000019e81000000, ArchiveRelocationMode: 1.
Compressed class space mapped at: 0x0000019e82000000-0x0000019ec2000000, reserved size: 1073741824
Narrow klass base: 0x0000019e81000000, Narrow klass shift: 0, Narrow klass range: 0x100000000

GC Precious Log:
 CardTable entry size: 512
 CPUs: 16 total, 16 available
 Memory: 15613M
 Large Page Support: Disabled
 NUMA Support: Disabled
 Compressed Oops: Enabled (32-bit)
 Alignments: Space 512K, Generation 512K, Heap 2M
 Heap Min Capacity: 100M
 Heap Initial Capacity: 100M
 Heap Max Capacity: 2G
 Pre-touch: Disabled
 Parallel Workers: 13

Heap:
 PSYoungGen      total 18944K, used 16041K [0x00000000d5580000, 0x00000000d6c00000, 0x0000000100000000)
  eden space 18432K, 85% used [0x00000000d5580000,0x00000000d64d2710,0x00000000d6780000)
  from space 512K, 68% used [0x00000000d6b00000,0x00000000d6b58000,0x00000000d6b80000)
  to   space 512K, 0% used [0x00000000d6b80000,0x00000000d6b80000,0x00000000d6c00000)
 ParOldGen       total 68608K, used 48333K [0x0000000080000000, 0x0000000084300000, 0x00000000d5580000)
  object space 68608K, 70% used [0x0000000080000000,0x0000000082f33740,0x0000000084300000)
 Metaspace       used 65516K, committed 67008K, reserved 1114112K
  class space    used 8034K, committed 8704K, reserved 1048576K

Card table byte_map: [0x0000019ee9300000,0x0000019ee9710000] _byte_map_base: 0x0000019ee8f00000

Marking Bits: (ParMarkBitMap*) 0x00007ffaf23331f0
 Begin Bits: [0x0000019efbe00000, 0x0000019efde00000)
 End Bits:   [0x0000019efde00000, 0x0000019effe00000)

Polling page: 0x0000019ee79d0000

Metaspace:

Usage:
  Non-class:     56.13 MB used.
      Class:      7.85 MB used.
       Both:     63.98 MB used.

Virtual space:
  Non-class space:       64.00 MB reserved,      56.94 MB ( 89%) committed,  1 nodes.
      Class space:        1.00 GB reserved,       8.50 MB ( <1%) committed,  1 nodes.
             Both:        1.06 GB reserved,      65.44 MB (  6%) committed. 

Chunk freelists:
   Non-Class:  6.42 MB
       Class:  7.41 MB
        Both:  13.83 MB

MaxMetaspaceSize: unlimited
CompressedClassSpaceSize: 1.00 GB
Initial GC threshold: 21.00 MB
Current GC threshold: 97.31 MB
CDS: on
 - commit_granule_bytes: 65536.
 - commit_granule_words: 8192.
 - virtual_space_node_default_size: 8388608.
 - enlarge_chunks_in_place: 1.
 - use_allocation_guard: 0.


Internal statistics:

num_allocs_failed_limit: 11.
num_arena_births: 1256.
num_arena_deaths: 14.
num_vsnodes_births: 2.
num_vsnodes_deaths: 0.
num_space_committed: 1047.
num_space_uncommitted: 0.
num_chunks_returned_to_freelist: 25.
num_chunks_taken_from_freelist: 4348.
num_chunk_merges: 15.
num_chunk_splits: 2656.
num_chunks_enlarged: 1462.
num_inconsistent_stats: 0.

CodeHeap 'non-profiled nmethods': size=119168Kb used=6746Kb max_used=6746Kb free=112421Kb
 bounds [0x0000019ef46f0000, 0x0000019ef4d90000, 0x0000019efbb50000]
CodeHeap 'profiled nmethods': size=119104Kb used=17470Kb max_used=17470Kb free=101633Kb
 bounds [0x0000019eecb50000, 0x0000019eedc60000, 0x0000019ef3fa0000]
CodeHeap 'non-nmethods': size=7488Kb used=2515Kb max_used=3137Kb free=4972Kb
 bounds [0x0000019ef3fa0000, 0x0000019ef42c0000, 0x0000019ef46f0000]
 total_blobs=9135 nmethods=8441 adapters=598
 compilation: enabled
              stopped_count=0, restarted_count=0
 full_count=0

Compilation events (20 events):
Event: 31.252 Thread 0x0000019ee9a1af70 9210       3       java.util.Collections$UnmodifiableMap$UnmodifiableEntrySet$1::<init> (26 bytes)
Event: 31.252 Thread 0x0000019ed151b6b0 nmethod 9209 0x0000019eedc3c310 code [0x0000019eedc3c4e0, 0x0000019eedc3c810]
Event: 31.252 Thread 0x0000019ee9a1af70 nmethod 9210 0x0000019eedc3c990 code [0x0000019eedc3cb40, 0x0000019eedc3cdc0]
Event: 31.252 Thread 0x0000019ed151afe0 nmethod 9208 0x0000019eedc3cf10 code [0x0000019eedc3d100, 0x0000019eedc3d640]
Event: 31.252 Thread 0x0000019ee9a1af70 9212       3       java.util.ArrayList::hashCodeRange (68 bytes)
Event: 31.252 Thread 0x0000019ed151b6b0 9211       3       java.util.ArrayList::hashCode (22 bytes)
Event: 31.252 Thread 0x0000019ed151afe0 9213       3       java.util.Collections$UnmodifiableList::hashCode (10 bytes)
Event: 31.252 Thread 0x0000019ed151b6b0 nmethod 9211 0x0000019eedc3d810 code [0x0000019eedc3d9e0, 0x0000019eedc3dd38]
Event: 31.252 Thread 0x0000019ed151afe0 nmethod 9213 0x0000019eedc3de90 code [0x0000019eedc3e040, 0x0000019eedc3e218]
Event: 31.253 Thread 0x0000019ee9a1af70 nmethod 9212 0x0000019eedc3e310 code [0x0000019eedc3e4e0, 0x0000019eedc3e910]
Event: 31.253 Thread 0x0000019ed151b6b0 9214       3       java.util.AbstractMap::hashCode (45 bytes)
Event: 31.253 Thread 0x0000019ed151afe0 9215       3       java.util.Collections$UnmodifiableMap::hashCode (10 bytes)
Event: 31.253 Thread 0x0000019ed151afe0 nmethod 9215 0x0000019eedc3eb10 code [0x0000019eedc3ecc0, 0x0000019eedc3ee98]
Event: 31.253 Thread 0x0000019ee9a1af70 9216       3       org.eclipse.osgi.container.ModuleDatabase$Persistence::getListType (59 bytes)
Event: 31.253 Thread 0x0000019ed151b6b0 nmethod 9214 0x0000019eedc3ef90 code [0x0000019eedc3f1a0, 0x0000019eedc3f850]
Event: 31.253 Thread 0x0000019ee9a1af70 nmethod 9216 0x0000019eedc3fa10 code [0x0000019eedc3fc20, 0x0000019eedc40488]
Event: 31.253 Thread 0x0000019ed151afe0 9217       1       org.eclipse.osgi.container.ModuleRequirement::getAttributes (5 bytes)
Event: 31.254 Thread 0x0000019ed151afe0 nmethod 9217 0x0000019ef4d80710 code [0x0000019ef4d808a0, 0x0000019ef4d80968]
Event: 31.254 Thread 0x0000019ed151afe0 9219       3       java.util.Collections$SingletonMap::hashCode (16 bytes)
Event: 31.254 Thread 0x0000019ed151afe0 nmethod 9219 0x0000019eedc40590 code [0x0000019eedc40760, 0x0000019eedc40b60]

GC Heap History (20 events):
Event: 20.571 GC heap before
{Heap before GC invocations=53 (full 3):
 PSYoungGen      total 18944K, used 18816K [0x00000000d5580000, 0x00000000d6e00000, 0x0000000100000000)
  eden space 18432K, 100% used [0x00000000d5580000,0x00000000d6780000,0x00000000d6780000)
  from space 512K, 75% used [0x00000000d6780000,0x00000000d67e0000,0x00000000d6800000)
  to   space 2560K, 0% used [0x00000000d6b80000,0x00000000d6b80000,0x00000000d6e00000)
 ParOldGen       total 68608K, used 47088K [0x0000000080000000, 0x0000000084300000, 0x00000000d5580000)
  object space 68608K, 68% used [0x0000000080000000,0x0000000082dfc310,0x0000000084300000)
 Metaspace       used 63977K, committed 65344K, reserved 1114112K
  class space    used 7875K, committed 8512K, reserved 1048576K
}
Event: 20.572 GC heap after
{Heap after GC invocations=53 (full 3):
 PSYoungGen      total 18944K, used 288K [0x00000000d5580000, 0x00000000d6c00000, 0x0000000100000000)
  eden space 18432K, 0% used [0x00000000d5580000,0x00000000d5580000,0x00000000d6780000)
  from space 512K, 56% used [0x00000000d6b80000,0x00000000d6bc8000,0x00000000d6c00000)
  to   space 1024K, 0% used [0x00000000d6a00000,0x00000000d6a00000,0x00000000d6b00000)
 ParOldGen       total 68608K, used 47160K [0x0000000080000000, 0x0000000084300000, 0x00000000d5580000)
  object space 68608K, 68% used [0x0000000080000000,0x0000000082e0e310,0x0000000084300000)
 Metaspace       used 63977K, committed 65344K, reserved 1114112K
  class space    used 7875K, committed 8512K, reserved 1048576K
}
Event: 21.466 GC heap before
{Heap before GC invocations=54 (full 3):
 PSYoungGen      total 18944K, used 18720K [0x00000000d5580000, 0x00000000d6c00000, 0x0000000100000000)
  eden space 18432K, 100% used [0x00000000d5580000,0x00000000d6780000,0x00000000d6780000)
  from space 512K, 56% used [0x00000000d6b80000,0x00000000d6bc8000,0x00000000d6c00000)
  to   space 1024K, 0% used [0x00000000d6a00000,0x00000000d6a00000,0x00000000d6b00000)
 ParOldGen       total 68608K, used 47160K [0x0000000080000000, 0x0000000084300000, 0x00000000d5580000)
  object space 68608K, 68% used [0x0000000080000000,0x0000000082e0e310,0x0000000084300000)
 Metaspace       used 63993K, committed 65408K, reserved 1114112K
  class space    used 7875K, committed 8512K, reserved 1048576K
}
Event: 21.468 GC heap after
{Heap after GC invocations=54 (full 3):
 PSYoungGen      total 19456K, used 288K [0x00000000d5580000, 0x00000000d6c00000, 0x0000000100000000)
  eden space 18432K, 0% used [0x00000000d5580000,0x00000000d5580000,0x00000000d6780000)
  from space 1024K, 28% used [0x00000000d6a00000,0x00000000d6a48000,0x00000000d6b00000)
  to   space 512K, 0% used [0x00000000d6b80000,0x00000000d6b80000,0x00000000d6c00000)
 ParOldGen       total 68608K, used 47240K [0x0000000080000000, 0x0000000084300000, 0x00000000d5580000)
  object space 68608K, 68% used [0x0000000080000000,0x0000000082e22310,0x0000000084300000)
 Metaspace       used 63993K, committed 65408K, reserved 1114112K
  class space    used 7875K, committed 8512K, reserved 1048576K
}
Event: 21.549 GC heap before
{Heap before GC invocations=55 (full 3):
 PSYoungGen      total 19456K, used 18720K [0x00000000d5580000, 0x00000000d6c00000, 0x0000000100000000)
  eden space 18432K, 100% used [0x00000000d5580000,0x00000000d6780000,0x00000000d6780000)
  from space 1024K, 28% used [0x00000000d6a00000,0x00000000d6a48000,0x00000000d6b00000)
  to   space 512K, 0% used [0x00000000d6b80000,0x00000000d6b80000,0x00000000d6c00000)
 ParOldGen       total 68608K, used 47240K [0x0000000080000000, 0x0000000084300000, 0x00000000d5580000)
  object space 68608K, 68% used [0x0000000080000000,0x0000000082e22310,0x0000000084300000)
 Metaspace       used 63993K, committed 65408K, reserved 1114112K
  class space    used 7875K, committed 8512K, reserved 1048576K
}
Event: 21.552 GC heap after
{Heap after GC invocations=55 (full 3):
 PSYoungGen      total 18944K, used 224K [0x00000000d5580000, 0x00000000d6c00000, 0x0000000100000000)
  eden space 18432K, 0% used [0x00000000d5580000,0x00000000d5580000,0x00000000d6780000)
  from space 512K, 43% used [0x00000000d6b80000,0x00000000d6bb8000,0x00000000d6c00000)
  to   space 512K, 0% used [0x00000000d6b00000,0x00000000d6b00000,0x00000000d6b80000)
 ParOldGen       total 68608K, used 47328K [0x0000000080000000, 0x0000000084300000, 0x00000000d5580000)
  object space 68608K, 68% used [0x0000000080000000,0x0000000082e38310,0x0000000084300000)
 Metaspace       used 63993K, committed 65408K, reserved 1114112K
  class space    used 7875K, committed 8512K, reserved 1048576K
}
Event: 22.214 GC heap before
{Heap before GC invocations=56 (full 3):
 PSYoungGen      total 18944K, used 18656K [0x00000000d5580000, 0x00000000d6c00000, 0x0000000100000000)
  eden space 18432K, 100% used [0x00000000d5580000,0x00000000d6780000,0x00000000d6780000)
  from space 512K, 43% used [0x00000000d6b80000,0x00000000d6bb8000,0x00000000d6c00000)
  to   space 512K, 0% used [0x00000000d6b00000,0x00000000d6b00000,0x00000000d6b80000)
 ParOldGen       total 68608K, used 47328K [0x0000000080000000, 0x0000000084300000, 0x00000000d5580000)
  object space 68608K, 68% used [0x0000000080000000,0x0000000082e38310,0x0000000084300000)
 Metaspace       used 63996K, committed 65408K, reserved 1114112K
  class space    used 7875K, committed 8512K, reserved 1048576K
}
Event: 22.214 GC heap after
{Heap after GC invocations=56 (full 3):
 PSYoungGen      total 18944K, used 224K [0x00000000d5580000, 0x00000000d6c00000, 0x0000000100000000)
  eden space 18432K, 0% used [0x00000000d5580000,0x00000000d5580000,0x00000000d6780000)
  from space 512K, 43% used [0x00000000d6b00000,0x00000000d6b38000,0x00000000d6b80000)
  to   space 512K, 0% used [0x00000000d6b80000,0x00000000d6b80000,0x00000000d6c00000)
 ParOldGen       total 68608K, used 47368K [0x0000000080000000, 0x0000000084300000, 0x00000000d5580000)
  object space 68608K, 69% used [0x0000000080000000,0x0000000082e42310,0x0000000084300000)
 Metaspace       used 63996K, committed 65408K, reserved 1114112K
  class space    used 7875K, committed 8512K, reserved 1048576K
}
Event: 22.429 GC heap before
{Heap before GC invocations=57 (full 3):
 PSYoungGen      total 18944K, used 18637K [0x00000000d5580000, 0x00000000d6c00000, 0x0000000100000000)
  eden space 18432K, 99% used [0x00000000d5580000,0x00000000d677b770,0x00000000d6780000)
  from space 512K, 43% used [0x00000000d6b00000,0x00000000d6b38000,0x00000000d6b80000)
  to   space 512K, 0% used [0x00000000d6b80000,0x00000000d6b80000,0x00000000d6c00000)
 ParOldGen       total 68608K, used 47368K [0x0000000080000000, 0x0000000084300000, 0x00000000d5580000)
  object space 68608K, 69% used [0x0000000080000000,0x0000000082e42310,0x0000000084300000)
 Metaspace       used 64222K, committed 65664K, reserved 1114112K
  class space    used 7887K, committed 8576K, reserved 1048576K
}
Event: 22.429 GC heap after
{Heap after GC invocations=57 (full 3):
 PSYoungGen      total 18944K, used 423K [0x00000000d5580000, 0x00000000d6c00000, 0x0000000100000000)
  eden space 18432K, 0% used [0x00000000d5580000,0x00000000d5580000,0x00000000d6780000)
  from space 512K, 82% used [0x00000000d6b80000,0x00000000d6be9cf8,0x00000000d6c00000)
  to   space 512K, 0% used [0x00000000d6b00000,0x00000000d6b00000,0x00000000d6b80000)
 ParOldGen       total 68608K, used 47368K [0x0000000080000000, 0x0000000084300000, 0x00000000d5580000)
  object space 68608K, 69% used [0x0000000080000000,0x0000000082e42310,0x0000000084300000)
 Metaspace       used 64222K, committed 65664K, reserved 1114112K
  class space    used 7887K, committed 8576K, reserved 1048576K
}
Event: 22.970 GC heap before
{Heap before GC invocations=58 (full 3):
 PSYoungGen      total 18944K, used 18855K [0x00000000d5580000, 0x00000000d6c00000, 0x0000000100000000)
  eden space 18432K, 100% used [0x00000000d5580000,0x00000000d6780000,0x00000000d6780000)
  from space 512K, 82% used [0x00000000d6b80000,0x00000000d6be9cf8,0x00000000d6c00000)
  to   space 512K, 0% used [0x00000000d6b00000,0x00000000d6b00000,0x00000000d6b80000)
 ParOldGen       total 68608K, used 47368K [0x0000000080000000, 0x0000000084300000, 0x00000000d5580000)
  object space 68608K, 69% used [0x0000000080000000,0x0000000082e42310,0x0000000084300000)
 Metaspace       used 64229K, committed 65664K, reserved 1114112K
  class space    used 7888K, committed 8576K, reserved 1048576K
}
Event: 22.971 GC heap after
{Heap after GC invocations=58 (full 3):
 PSYoungGen      total 18944K, used 352K [0x00000000d5580000, 0x00000000d6c00000, 0x0000000100000000)
  eden space 18432K, 0% used [0x00000000d5580000,0x00000000d5580000,0x00000000d6780000)
  from space 512K, 68% used [0x00000000d6b00000,0x00000000d6b58000,0x00000000d6b80000)
  to   space 512K, 0% used [0x00000000d6b80000,0x00000000d6b80000,0x00000000d6c00000)
 ParOldGen       total 68608K, used 47480K [0x0000000080000000, 0x0000000084300000, 0x00000000d5580000)
  object space 68608K, 69% used [0x0000000080000000,0x0000000082e5e310,0x0000000084300000)
 Metaspace       used 64229K, committed 65664K, reserved 1114112K
  class space    used 7888K, committed 8576K, reserved 1048576K
}
Event: 23.230 GC heap before
{Heap before GC invocations=59 (full 3):
 PSYoungGen      total 18944K, used 18784K [0x00000000d5580000, 0x00000000d6c00000, 0x0000000100000000)
  eden space 18432K, 100% used [0x00000000d5580000,0x00000000d6780000,0x00000000d6780000)
  from space 512K, 68% used [0x00000000d6b00000,0x00000000d6b58000,0x00000000d6b80000)
  to   space 512K, 0% used [0x00000000d6b80000,0x00000000d6b80000,0x00000000d6c00000)
 ParOldGen       total 68608K, used 47480K [0x0000000080000000, 0x0000000084300000, 0x00000000d5580000)
  object space 68608K, 69% used [0x0000000080000000,0x0000000082e5e310,0x0000000084300000)
 Metaspace       used 65423K, committed 66880K, reserved 1114112K
  class space    used 8032K, committed 8704K, reserved 1048576K
}
Event: 23.231 GC heap after
{Heap after GC invocations=59 (full 3):
 PSYoungGen      total 18944K, used 504K [0x00000000d5580000, 0x00000000d6c00000, 0x0000000100000000)
  eden space 18432K, 0% used [0x00000000d5580000,0x00000000d5580000,0x00000000d6780000)
  from space 512K, 98% used [0x00000000d6b80000,0x00000000d6bfe1a8,0x00000000d6c00000)
  to   space 1024K, 0% used [0x00000000d6a00000,0x00000000d6a00000,0x00000000d6b00000)
 ParOldGen       total 68608K, used 47600K [0x0000000080000000, 0x0000000084300000, 0x00000000d5580000)
  object space 68608K, 69% used [0x0000000080000000,0x0000000082e7c310,0x0000000084300000)
 Metaspace       used 65423K, committed 66880K, reserved 1114112K
  class space    used 8032K, committed 8704K, reserved 1048576K
}
Event: 23.904 GC heap before
{Heap before GC invocations=60 (full 3):
 PSYoungGen      total 18944K, used 18936K [0x00000000d5580000, 0x00000000d6c00000, 0x0000000100000000)
  eden space 18432K, 100% used [0x00000000d5580000,0x00000000d6780000,0x00000000d6780000)
  from space 512K, 98% used [0x00000000d6b80000,0x00000000d6bfe1a8,0x00000000d6c00000)
  to   space 1024K, 0% used [0x00000000d6a00000,0x00000000d6a00000,0x00000000d6b00000)
 ParOldGen       total 68608K, used 47600K [0x0000000080000000, 0x0000000084300000, 0x00000000d5580000)
  object space 68608K, 69% used [0x0000000080000000,0x0000000082e7c310,0x0000000084300000)
 Metaspace       used 65446K, committed 66944K, reserved 1114112K
  class space    used 8032K, committed 8704K, reserved 1048576K
}
Event: 23.906 GC heap after
{Heap after GC invocations=60 (full 3):
 PSYoungGen      total 19456K, used 336K [0x00000000d5580000, 0x00000000d6c00000, 0x0000000100000000)
  eden space 18432K, 0% used [0x00000000d5580000,0x00000000d5580000,0x00000000d6780000)
  from space 1024K, 32% used [0x00000000d6a00000,0x00000000d6a54010,0x00000000d6b00000)
  to   space 512K, 0% used [0x00000000d6b80000,0x00000000d6b80000,0x00000000d6c00000)
 ParOldGen       total 68608K, used 48097K [0x0000000080000000, 0x0000000084300000, 0x00000000d5580000)
  object space 68608K, 70% used [0x0000000080000000,0x0000000082ef8710,0x0000000084300000)
 Metaspace       used 65446K, committed 66944K, reserved 1114112K
  class space    used 8032K, committed 8704K, reserved 1048576K
}
Event: 24.216 GC heap before
{Heap before GC invocations=61 (full 3):
 PSYoungGen      total 19456K, used 18768K [0x00000000d5580000, 0x00000000d6c00000, 0x0000000100000000)
  eden space 18432K, 100% used [0x00000000d5580000,0x00000000d6780000,0x00000000d6780000)
  from space 1024K, 32% used [0x00000000d6a00000,0x00000000d6a54010,0x00000000d6b00000)
  to   space 512K, 0% used [0x00000000d6b80000,0x00000000d6b80000,0x00000000d6c00000)
 ParOldGen       total 68608K, used 48097K [0x0000000080000000, 0x0000000084300000, 0x00000000d5580000)
  object space 68608K, 70% used [0x0000000080000000,0x0000000082ef8710,0x0000000084300000)
 Metaspace       used 65453K, committed 66944K, reserved 1114112K
  class space    used 8032K, committed 8704K, reserved 1048576K
}
Event: 24.217 GC heap after
{Heap after GC invocations=61 (full 3):
 PSYoungGen      total 18944K, used 320K [0x00000000d5580000, 0x00000000d6c00000, 0x0000000100000000)
  eden space 18432K, 0% used [0x00000000d5580000,0x00000000d5580000,0x00000000d6780000)
  from space 512K, 62% used [0x00000000d6b80000,0x00000000d6bd0000,0x00000000d6c00000)
  to   space 512K, 0% used [0x00000000d6b00000,0x00000000d6b00000,0x00000000d6b80000)
 ParOldGen       total 68608K, used 48245K [0x0000000080000000, 0x0000000084300000, 0x00000000d5580000)
  object space 68608K, 70% used [0x0000000080000000,0x0000000082f1d740,0x0000000084300000)
 Metaspace       used 65453K, committed 66944K, reserved 1114112K
  class space    used 8032K, committed 8704K, reserved 1048576K
}
Event: 25.761 GC heap before
{Heap before GC invocations=62 (full 3):
 PSYoungGen      total 18944K, used 18752K [0x00000000d5580000, 0x00000000d6c00000, 0x0000000100000000)
  eden space 18432K, 100% used [0x00000000d5580000,0x00000000d6780000,0x00000000d6780000)
  from space 512K, 62% used [0x00000000d6b80000,0x00000000d6bd0000,0x00000000d6c00000)
  to   space 512K, 0% used [0x00000000d6b00000,0x00000000d6b00000,0x00000000d6b80000)
 ParOldGen       total 68608K, used 48245K [0x0000000080000000, 0x0000000084300000, 0x00000000d5580000)
  object space 68608K, 70% used [0x0000000080000000,0x0000000082f1d740,0x0000000084300000)
 Metaspace       used 65457K, committed 66944K, reserved 1114112K
  class space    used 8033K, committed 8704K, reserved 1048576K
}
Event: 25.761 GC heap after
{Heap after GC invocations=62 (full 3):
 PSYoungGen      total 18944K, used 352K [0x00000000d5580000, 0x00000000d6c00000, 0x0000000100000000)
  eden space 18432K, 0% used [0x00000000d5580000,0x00000000d5580000,0x00000000d6780000)
  from space 512K, 68% used [0x00000000d6b00000,0x00000000d6b58000,0x00000000d6b80000)
  to   space 512K, 0% used [0x00000000d6b80000,0x00000000d6b80000,0x00000000d6c00000)
 ParOldGen       total 68608K, used 48333K [0x0000000080000000, 0x0000000084300000, 0x00000000d5580000)
  object space 68608K, 70% used [0x0000000080000000,0x0000000082f33740,0x0000000084300000)
 Metaspace       used 65457K, committed 66944K, reserved 1114112K
  class space    used 8033K, committed 8704K, reserved 1048576K
}

Dll operation events (15 events):
Event: 0.013 Loaded shared library c:\Users\User\.vscode\extensions\redhat.java-1.43.0-win32-x64\jre\21.0.7-win32-x86_64\bin\java.dll
Event: 0.095 Loaded shared library c:\Users\User\.vscode\extensions\redhat.java-1.43.0-win32-x64\jre\21.0.7-win32-x86_64\bin\zip.dll
Event: 0.117 Loaded shared library C:\Users\User\.vscode\extensions\redhat.java-1.43.0-win32-x64\jre\21.0.7-win32-x86_64\bin\instrument.dll
Event: 0.123 Loaded shared library C:\Users\User\.vscode\extensions\redhat.java-1.43.0-win32-x64\jre\21.0.7-win32-x86_64\bin\net.dll
Event: 0.126 Loaded shared library C:\Users\User\.vscode\extensions\redhat.java-1.43.0-win32-x64\jre\21.0.7-win32-x86_64\bin\nio.dll
Event: 0.130 Loaded shared library C:\Users\User\.vscode\extensions\redhat.java-1.43.0-win32-x64\jre\21.0.7-win32-x86_64\bin\zip.dll
Event: 0.149 Loaded shared library C:\Users\User\.vscode\extensions\redhat.java-1.43.0-win32-x64\jre\21.0.7-win32-x86_64\bin\jimage.dll
Event: 0.246 Loaded shared library c:\Users\User\.vscode\extensions\redhat.java-1.43.0-win32-x64\jre\21.0.7-win32-x86_64\bin\verify.dll
Event: 1.469 Loaded shared library C:\Users\User\AppData\Roaming\Code\User\globalStorage\redhat.java\1.43.0\config_win\org.eclipse.equinox.launcher\org.eclipse.equinox.launcher.win32.win32.x86_64_1.2.1300.v20250331-1702\eclipse_11911.dll
Event: 3.358 Loaded shared library C:\Users\User\AppData\Local\Temp\jna-2645995\jna2063155726916584560.dll
Event: 5.470 Loaded shared library C:\Users\User\.gradle\native\c067742578af261105cb4f569cf0c3c89f3d7b1fecec35dd04571415982c5e48\windows-amd64\native-platform.dll
Event: 7.183 Loaded shared library C:\Users\User\.vscode\extensions\redhat.java-1.43.0-win32-x64\jre\21.0.7-win32-x86_64\bin\management.dll
Event: 7.186 Loaded shared library C:\Users\User\.vscode\extensions\redhat.java-1.43.0-win32-x64\jre\21.0.7-win32-x86_64\bin\management_ext.dll
Event: 10.229 Loaded shared library C:\Users\User\.vscode\extensions\redhat.java-1.43.0-win32-x64\jre\21.0.7-win32-x86_64\bin\extnet.dll
Event: 10.321 Loaded shared library C:\Users\User\.vscode\extensions\redhat.java-1.43.0-win32-x64\jre\21.0.7-win32-x86_64\bin\sunmscapi.dll

Deoptimization events (20 events):
Event: 23.931 Thread 0x0000019ecb1bc940 Uncommon trap: trap_request=0xffffffc6 fr.pc=0x0000019ef4888f08 relative=0x00000000000001e8
Event: 23.931 Thread 0x0000019ecb1bc940 Uncommon trap: reason=bimorphic_or_optimized_type_check action=maybe_recompile pc=0x0000019ef4888f08 method=java.util.Collections.eq(Ljava/lang/Object;Ljava/lang/Object;)Z @ 18 c2
Event: 23.931 Thread 0x0000019ecb1bc940 DEOPT PACKING pc=0x0000019ef4888f08 sp=0x0000002bf33fe4c0
Event: 23.931 Thread 0x0000019ecb1bc940 DEOPT UNPACKING pc=0x0000019ef3ff3aa2 sp=0x0000002bf33fe400 mode 2
Event: 23.932 Thread 0x0000019ecb1bc940 Uncommon trap: trap_request=0xffffffc6 fr.pc=0x0000019ef4888f08 relative=0x00000000000001e8
Event: 23.932 Thread 0x0000019ecb1bc940 Uncommon trap: reason=bimorphic_or_optimized_type_check action=maybe_recompile pc=0x0000019ef4888f08 method=java.util.Collections.eq(Ljava/lang/Object;Ljava/lang/Object;)Z @ 18 c2
Event: 23.932 Thread 0x0000019ecb1bc940 DEOPT PACKING pc=0x0000019ef4888f08 sp=0x0000002bf33fe620
Event: 23.932 Thread 0x0000019ecb1bc940 DEOPT UNPACKING pc=0x0000019ef3ff3aa2 sp=0x0000002bf33fe560 mode 2
Event: 27.471 Thread 0x0000019ecb61dc40 Uncommon trap: trap_request=0xffffff45 fr.pc=0x0000019ef4c6763c relative=0x00000000000009dc
Event: 27.471 Thread 0x0000019ecb61dc40 Uncommon trap: reason=unstable_if action=reinterpret pc=0x0000019ef4c6763c method=org.gradle.tooling.internal.consumer.parameters.BuildProgressListenerAdapter.broadcastInternalProgressEvent(Lorg/gradle/tooling/internal/protocol/events/InternalProgressEven
Event: 27.471 Thread 0x0000019ecb61dc40 DEOPT PACKING pc=0x0000019ef4c6763c sp=0x0000002bf57fe760
Event: 27.471 Thread 0x0000019ecb61dc40 DEOPT UNPACKING pc=0x0000019ef3ff3aa2 sp=0x0000002bf57fe4b8 mode 2
Event: 31.032 Thread 0x0000019ecb61dc40 Uncommon trap: trap_request=0xffffff45 fr.pc=0x0000019ef4c6b6ec relative=0x000000000000098c
Event: 31.032 Thread 0x0000019ecb61dc40 Uncommon trap: reason=unstable_if action=reinterpret pc=0x0000019ef4c6b6ec method=org.gradle.tooling.internal.consumer.parameters.BuildProgressListenerAdapter.broadcastInternalProgressEvent(Lorg/gradle/tooling/internal/protocol/events/InternalProgressEven
Event: 31.032 Thread 0x0000019ecb61dc40 DEOPT PACKING pc=0x0000019ef4c6b6ec sp=0x0000002bf57fe6f0
Event: 31.032 Thread 0x0000019ecb61dc40 DEOPT UNPACKING pc=0x0000019ef3ff3aa2 sp=0x0000002bf57fe4c0 mode 2
Event: 31.224 Thread 0x0000019ecb61dc40 Uncommon trap: trap_request=0xffffff45 fr.pc=0x0000019ef4d1d108 relative=0x0000000000002b68
Event: 31.224 Thread 0x0000019ecb61dc40 Uncommon trap: reason=unstable_if action=reinterpret pc=0x0000019ef4d1d108 method=java.nio.ByteBuffer.getArray(I[BII)Ljava/nio/ByteBuffer; @ 9 c2
Event: 31.224 Thread 0x0000019ecb61dc40 DEOPT PACKING pc=0x0000019ef4d1d108 sp=0x0000002bf57fdfc0
Event: 31.224 Thread 0x0000019ecb61dc40 DEOPT UNPACKING pc=0x0000019ef3ff3aa2 sp=0x0000002bf57fde38 mode 2

Classes loaded (20 events):
Event: 18.114 Loading class java/lang/Throwable$WrappedPrintWriter
Event: 18.114 Loading class java/lang/Throwable$WrappedPrintWriter done
Event: 23.103 Loading class java/util/Collections$SynchronizedRandomAccessList
Event: 23.103 Loading class java/util/Collections$SynchronizedList
Event: 23.103 Loading class java/util/Collections$SynchronizedList done
Event: 23.103 Loading class java/util/Collections$SynchronizedRandomAccessList done
Event: 23.119 Loading class java/util/concurrent/CompletableFuture$Signaller
Event: 23.119 Loading class java/util/concurrent/CompletableFuture$Signaller done
Event: 23.148 Loading class java/nio/file/InvalidPathException
Event: 23.148 Loading class java/nio/file/InvalidPathException done
Event: 23.163 Loading class java/util/concurrent/CompletableFuture$UniApply
Event: 23.164 Loading class java/util/concurrent/CompletableFuture$UniCompletion
Event: 23.164 Loading class java/util/concurrent/CompletableFuture$UniCompletion done
Event: 23.164 Loading class java/util/concurrent/CompletableFuture$UniApply done
Event: 23.165 Loading class java/util/concurrent/CompletableFuture$UniAccept
Event: 23.165 Loading class java/util/concurrent/CompletableFuture$UniAccept done
Event: 23.165 Loading class java/util/concurrent/CompletableFuture$UniExceptionally
Event: 23.165 Loading class java/util/concurrent/CompletableFuture$UniExceptionally done
Event: 23.174 Loading class java/io/SequenceInputStream
Event: 23.174 Loading class java/io/SequenceInputStream done

Classes unloaded (7 events):
Event: 3.792 Thread 0x0000019ec2b34ba0 Unloading class 0x0000019e821a0800 'java/lang/invoke/LambdaForm$MH+0x0000019e821a0800'
Event: 3.792 Thread 0x0000019ec2b34ba0 Unloading class 0x0000019e821a0400 'java/lang/invoke/LambdaForm$MH+0x0000019e821a0400'
Event: 3.792 Thread 0x0000019ec2b34ba0 Unloading class 0x0000019e821a0000 'java/lang/invoke/LambdaForm$MH+0x0000019e821a0000'
Event: 3.792 Thread 0x0000019ec2b34ba0 Unloading class 0x0000019e8219fc00 'java/lang/invoke/LambdaForm$MH+0x0000019e8219fc00'
Event: 3.792 Thread 0x0000019ec2b34ba0 Unloading class 0x0000019e8219f800 'java/lang/invoke/LambdaForm$BMH+0x0000019e8219f800'
Event: 3.792 Thread 0x0000019ec2b34ba0 Unloading class 0x0000019e8219f400 'java/lang/invoke/LambdaForm$DMH+0x0000019e8219f400'
Event: 3.792 Thread 0x0000019ec2b34ba0 Unloading class 0x0000019e8219e000 'java/lang/invoke/LambdaForm$DMH+0x0000019e8219e000'

Classes redefined (0 events):
No events

Internal exceptions (20 events):
Event: 23.044 Thread 0x0000019ec9920410 Exception <a 'sun/nio/fs/WindowsException'{0x00000000d585b6d8}> (0x00000000d585b6d8) 
thrown [s\src\hotspot\share\prims\jni.cpp, line 520]
Event: 23.044 Thread 0x0000019ec9920410 Exception <a 'sun/nio/fs/WindowsException'{0x00000000d585f090}> (0x00000000d585f090) 
thrown [s\src\hotspot\share\prims\jni.cpp, line 520]
Event: 23.045 Thread 0x0000019ec9920410 Exception <a 'sun/nio/fs/WindowsException'{0x00000000d5862b98}> (0x00000000d5862b98) 
thrown [s\src\hotspot\share\prims\jni.cpp, line 520]
Event: 23.046 Thread 0x0000019ec9920410 Exception <a 'sun/nio/fs/WindowsException'{0x00000000d5866808}> (0x00000000d5866808) 
thrown [s\src\hotspot\share\prims\jni.cpp, line 520]
Event: 23.046 Thread 0x0000019ec9920410 Exception <a 'sun/nio/fs/WindowsException'{0x00000000d5869e08}> (0x00000000d5869e08) 
thrown [s\src\hotspot\share\prims\jni.cpp, line 520]
Event: 23.047 Thread 0x0000019ec9920410 Exception <a 'sun/nio/fs/WindowsException'{0x00000000d586d350}> (0x00000000d586d350) 
thrown [s\src\hotspot\share\prims\jni.cpp, line 520]
Event: 23.047 Thread 0x0000019ec9920410 Exception <a 'sun/nio/fs/WindowsException'{0x00000000d5870a48}> (0x00000000d5870a48) 
thrown [s\src\hotspot\share\prims\jni.cpp, line 520]
Event: 23.048 Thread 0x0000019ec9920410 Exception <a 'sun/nio/fs/WindowsException'{0x00000000d58744b0}> (0x00000000d58744b0) 
thrown [s\src\hotspot\share\prims\jni.cpp, line 520]
Event: 23.048 Thread 0x0000019ec9920410 Exception <a 'sun/nio/fs/WindowsException'{0x00000000d5877a18}> (0x00000000d5877a18) 
thrown [s\src\hotspot\share\prims\jni.cpp, line 520]
Event: 23.076 Thread 0x0000019ecaf2e060 Exception <a 'sun/nio/fs/WindowsException'{0x00000000d59d0e90}> (0x00000000d59d0e90) 
thrown [s\src\hotspot\share\prims\jni.cpp, line 520]
Event: 23.076 Thread 0x0000019ecaf2e060 Exception <a 'sun/nio/fs/WindowsException'{0x00000000d59d2c28}> (0x00000000d59d2c28) 
thrown [s\src\hotspot\share\prims\jni.cpp, line 520]
Event: 23.077 Thread 0x0000019ecaf2e060 Exception <a 'sun/nio/fs/WindowsException'{0x00000000d59df038}> (0x00000000d59df038) 
thrown [s\src\hotspot\share\prims\jni.cpp, line 520]
Event: 23.077 Thread 0x0000019ecaf2e060 Exception <a 'sun/nio/fs/WindowsException'{0x00000000d59e03f0}> (0x00000000d59e03f0) 
thrown [s\src\hotspot\share\prims\jni.cpp, line 520]
Event: 23.092 Thread 0x0000019ecaf2e060 Exception <a 'sun/nio/fs/WindowsException'{0x00000000d5c39f80}> (0x00000000d5c39f80) 
thrown [s\src\hotspot\share\prims\jni.cpp, line 520]
Event: 23.092 Thread 0x0000019ecaf2e060 Exception <a 'sun/nio/fs/WindowsException'{0x00000000d5c43748}> (0x00000000d5c43748) 
thrown [s\src\hotspot\share\prims\jni.cpp, line 520]
Event: 23.154 Thread 0x0000019ec991d620 Exception <a 'java/lang/NoSuchMethodError'{0x00000000d6199e10}: 'java.lang.Object java.lang.invoke.DirectMethodHandle$Holder.invokeStatic(java.lang.Object, java.lang.Object, int, java.lang.Object)'> (0x00000000d6199e10) 
thrown [s\src\hotspot\share\interpreter\linkResolver.cpp, line 773]
Event: 23.162 Thread 0x0000019ecaf2e060 Exception <a 'java/lang/IncompatibleClassChangeError'{0x00000000d6224ed8}: Found class java.lang.Object, but interface was expected> (0x00000000d6224ed8) 
thrown [s\src\hotspot\share\interpreter\linkResolver.cpp, line 840]
Event: 23.199 Thread 0x0000019ec991d620 Exception <a 'java/io/FileNotFoundException'{0x00000000d668ff50}> (0x00000000d668ff50) 
thrown [s\src\hotspot\share\prims\jni.cpp, line 520]
Event: 23.199 Thread 0x0000019ec991d620 Exception <a 'java/io/FileNotFoundException'{0x00000000d66977d8}> (0x00000000d66977d8) 
thrown [s\src\hotspot\share\prims\jni.cpp, line 520]
Event: 27.471 Thread 0x0000019ecb61dc40 Exception <a 'java/lang/NoSuchMethodError'{0x00000000d6017618}: static Lorg/gradle/internal/build/event/types/DefaultWorkItemDescriptor;.<clinit>()V> (0x00000000d6017618) 
thrown [s\src\hotspot\share\prims\jni.cpp, line 1111]

ZGC Phase Switch (0 events):
No events

VM Operations (20 events):
Event: 22.213 Executing VM operation: ParallelGCFailedAllocation (Allocation Failure)
Event: 22.214 Executing VM operation: ParallelGCFailedAllocation (Allocation Failure) done
Event: 22.429 Executing VM operation: ParallelGCFailedAllocation (Allocation Failure)
Event: 22.429 Executing VM operation: ParallelGCFailedAllocation (Allocation Failure) done
Event: 22.970 Executing VM operation: ParallelGCFailedAllocation (Allocation Failure)
Event: 22.971 Executing VM operation: ParallelGCFailedAllocation (Allocation Failure) done
Event: 23.098 Executing VM operation: HandshakeAllThreads (Deoptimize)
Event: 23.098 Executing VM operation: HandshakeAllThreads (Deoptimize) done
Event: 23.099 Executing VM operation: HandshakeAllThreads (Deoptimize)
Event: 23.099 Executing VM operation: HandshakeAllThreads (Deoptimize) done
Event: 23.230 Executing VM operation: ParallelGCFailedAllocation (Allocation Failure)
Event: 23.231 Executing VM operation: ParallelGCFailedAllocation (Allocation Failure) done
Event: 23.904 Executing VM operation: ParallelGCFailedAllocation (Allocation Failure)
Event: 23.906 Executing VM operation: ParallelGCFailedAllocation (Allocation Failure) done
Event: 24.216 Executing VM operation: ParallelGCFailedAllocation (Allocation Failure)
Event: 24.217 Executing VM operation: ParallelGCFailedAllocation (Allocation Failure) done
Event: 25.217 Executing VM operation: Cleanup
Event: 25.217 Executing VM operation: Cleanup done
Event: 25.761 Executing VM operation: ParallelGCFailedAllocation (Allocation Failure)
Event: 25.761 Executing VM operation: ParallelGCFailedAllocation (Allocation Failure) done

Memory protections (0 events):
No events

Nmethod flushes (20 events):
Event: 8.590 Thread 0x0000019ec2b34ba0 flushing  nmethod 0x0000019eed5bfa10
Event: 8.590 Thread 0x0000019ec2b34ba0 flushing  nmethod 0x0000019eed5cc790
Event: 8.590 Thread 0x0000019ec2b34ba0 flushing  nmethod 0x0000019eed5da290
Event: 8.590 Thread 0x0000019ec2b34ba0 flushing  nmethod 0x0000019eed5db610
Event: 8.590 Thread 0x0000019ec2b34ba0 flushing  nmethod 0x0000019eed5dbc10
Event: 8.590 Thread 0x0000019ec2b34ba0 flushing  nmethod 0x0000019eed5dc490
Event: 8.590 Thread 0x0000019ec2b34ba0 flushing  nmethod 0x0000019eed5e0d10
Event: 8.590 Thread 0x0000019ec2b34ba0 flushing  nmethod 0x0000019eed5f2190
Event: 8.590 Thread 0x0000019ec2b34ba0 flushing  nmethod 0x0000019eed619290
Event: 8.590 Thread 0x0000019ec2b34ba0 flushing  nmethod 0x0000019eed622b10
Event: 8.590 Thread 0x0000019ec2b34ba0 flushing  nmethod 0x0000019eed630d90
Event: 8.590 Thread 0x0000019ec2b34ba0 flushing  nmethod 0x0000019eed632690
Event: 8.590 Thread 0x0000019ec2b34ba0 flushing  nmethod 0x0000019eed634190
Event: 8.590 Thread 0x0000019ec2b34ba0 flushing  nmethod 0x0000019eed639290
Event: 8.590 Thread 0x0000019ec2b34ba0 flushing  nmethod 0x0000019eed639c90
Event: 8.590 Thread 0x0000019ec2b34ba0 flushing  nmethod 0x0000019eed63b090
Event: 8.590 Thread 0x0000019ec2b34ba0 flushing  nmethod 0x0000019eed640e90
Event: 8.590 Thread 0x0000019ec2b34ba0 flushing  nmethod 0x0000019eed641210
Event: 8.590 Thread 0x0000019ec2b34ba0 flushing  nmethod 0x0000019eed642510
Event: 8.590 Thread 0x0000019ec2b34ba0 flushing  nmethod 0x0000019eed667310

Events (20 events):
Event: 19.142 Thread 0x0000019ecca2e640 Thread exited: 0x0000019ecca2e640
Event: 19.142 Thread 0x0000019ed1518700 Thread exited: 0x0000019ed1518700
Event: 19.605 Thread 0x0000019ed151b6b0 Thread exited: 0x0000019ed151b6b0
Event: 22.398 Thread 0x0000019ecb6179d0 Thread exited: 0x0000019ecb6179d0
Event: 22.399 Thread 0x0000019ed151afe0 Thread added: 0x0000019ed151b6b0
Event: 22.426 Thread 0x0000019ecb6186f0 Thread exited: 0x0000019ecb6186f0
Event: 23.165 Thread 0x0000019ecaf2e060 Thread added: 0x0000019ecb619aa0
Event: 23.166 Thread 0x0000019ecaf2e060 Thread added: 0x0000019ecb6179d0
Event: 23.167 Thread 0x0000019ecb6179d0 Thread added: 0x0000019ecb619410
Event: 23.168 Thread 0x0000019ecaf2e060 Thread added: 0x0000019ecb618060
Event: 23.223 Thread 0x0000019ec991e340 Thread added: 0x0000019ecb61d5b0
Event: 23.225 Thread 0x0000019ec991e340 Thread added: 0x0000019ecb61bb70
Event: 23.268 Thread 0x0000019ecb61bb70 Thread exited: 0x0000019ecb61bb70
Event: 23.273 Thread 0x0000019ec991e340 Thread added: 0x0000019ecb61c890
Event: 23.278 Thread 0x0000019ec991e340 Thread added: 0x0000019ecb61dc40
Event: 23.338 Thread 0x0000019ecb61dc40 Thread added: 0x0000019ecb61c200
Event: 23.618 Thread 0x0000019ed151b6b0 Thread exited: 0x0000019ed151b6b0
Event: 23.926 Thread 0x0000019ed151afe0 Thread exited: 0x0000019ed151afe0
Event: 31.248 Thread 0x0000019ee9a1af70 Thread added: 0x0000019ed151afe0
Event: 31.248 Thread 0x0000019ee9a1af70 Thread added: 0x0000019ed151b6b0


Dynamic libraries:
0x00007ff709fc0000 - 0x00007ff709fce000 	c:\Users\User\.vscode\extensions\redhat.java-1.43.0-win32-x64\jre\21.0.7-win32-x86_64\bin\java.exe
0x00007ffbe62a0000 - 0x00007ffbe6508000 	C:\WINDOWS\SYSTEM32\ntdll.dll
0x00007ffbe4170000 - 0x00007ffbe4239000 	C:\WINDOWS\System32\KERNEL32.DLL
0x00007ffbe3750000 - 0x00007ffbe3b3d000 	C:\WINDOWS\System32\KERNELBASE.dll
0x00007ffbe3550000 - 0x00007ffbe369b000 	C:\WINDOWS\System32\ucrtbase.dll
0x00007ffbcf6c0000 - 0x00007ffbcf6d8000 	c:\Users\User\.vscode\extensions\redhat.java-1.43.0-win32-x64\jre\21.0.7-win32-x86_64\bin\jli.dll
0x00007ffbc8220000 - 0x00007ffbc823e000 	c:\Users\User\.vscode\extensions\redhat.java-1.43.0-win32-x64\jre\21.0.7-win32-x86_64\bin\VCRUNTIME140.dll
0x00007ffbe5fc0000 - 0x00007ffbe618c000 	C:\WINDOWS\System32\USER32.dll
0x00007ffbe3d50000 - 0x00007ffbe3d77000 	C:\WINDOWS\System32\win32u.dll
0x00007ffbd06e0000 - 0x00007ffbd097a000 	C:\WINDOWS\WinSxS\amd64_microsoft.windows.common-controls_6595b64144ccf1df_6.0.26100.4484_none_3e0e6d4ce32ef3b3\COMCTL32.dll
0x00007ffbe59f0000 - 0x00007ffbe5a99000 	C:\WINDOWS\System32\msvcrt.dll
0x00007ffbe5bd0000 - 0x00007ffbe5bfb000 	C:\WINDOWS\System32\GDI32.dll
0x00007ffbe3f00000 - 0x00007ffbe4037000 	C:\WINDOWS\System32\gdi32full.dll
0x00007ffbe36a0000 - 0x00007ffbe3743000 	C:\WINDOWS\System32\msvcp_win.dll
0x00007ffbe5c10000 - 0x00007ffbe5c3f000 	C:\WINDOWS\System32\IMM32.DLL
0x00007ffbdc750000 - 0x00007ffbdc75c000 	c:\Users\User\.vscode\extensions\redhat.java-1.43.0-win32-x64\jre\21.0.7-win32-x86_64\bin\vcruntime140_1.dll
0x00007ffb76490000 - 0x00007ffb7651d000 	c:\Users\User\.vscode\extensions\redhat.java-1.43.0-win32-x64\jre\21.0.7-win32-x86_64\bin\msvcp140.dll
0x00007ffaf1680000 - 0x00007ffaf2410000 	c:\Users\User\.vscode\extensions\redhat.java-1.43.0-win32-x64\jre\21.0.7-win32-x86_64\bin\server\jvm.dll
0x00007ffbe61a0000 - 0x00007ffbe6254000 	C:\WINDOWS\System32\ADVAPI32.dll
0x00007ffbe5e90000 - 0x00007ffbe5f36000 	C:\WINDOWS\System32\sechost.dll
0x00007ffbe4040000 - 0x00007ffbe4158000 	C:\WINDOWS\System32\RPCRT4.dll
0x00007ffbe5e10000 - 0x00007ffbe5e84000 	C:\WINDOWS\System32\WS2_32.dll
0x00007ffbdb020000 - 0x00007ffbdb055000 	C:\WINDOWS\SYSTEM32\WINMM.dll
0x00007ffbe3240000 - 0x00007ffbe329e000 	C:\WINDOWS\SYSTEM32\POWRPROF.dll
0x00007ffbdb770000 - 0x00007ffbdb77b000 	C:\WINDOWS\SYSTEM32\VERSION.dll
0x00007ffbe3220000 - 0x00007ffbe3234000 	C:\WINDOWS\SYSTEM32\UMPDC.dll
0x00007ffbe21a0000 - 0x00007ffbe21bb000 	C:\WINDOWS\SYSTEM32\kernel.appcore.dll
0x00007ffbd04a0000 - 0x00007ffbd04aa000 	c:\Users\User\.vscode\extensions\redhat.java-1.43.0-win32-x64\jre\21.0.7-win32-x86_64\bin\jimage.dll
0x00007ffbd5da0000 - 0x00007ffbd5fe1000 	C:\WINDOWS\SYSTEM32\DBGHELP.DLL
0x00007ffbe4240000 - 0x00007ffbe45c6000 	C:\WINDOWS\System32\combase.dll
0x00007ffbe45d0000 - 0x00007ffbe46b0000 	C:\WINDOWS\System32\OLEAUT32.dll
0x00007ffbcc6f0000 - 0x00007ffbcc733000 	C:\WINDOWS\SYSTEM32\dbgcore.DLL
0x00007ffbe33f0000 - 0x00007ffbe3489000 	C:\WINDOWS\System32\bcryptPrimitives.dll
0x00007ffbde420000 - 0x00007ffbde42f000 	c:\Users\User\.vscode\extensions\redhat.java-1.43.0-win32-x64\jre\21.0.7-win32-x86_64\bin\instrument.dll
0x00007ffbc8170000 - 0x00007ffbc818f000 	c:\Users\User\.vscode\extensions\redhat.java-1.43.0-win32-x64\jre\21.0.7-win32-x86_64\bin\java.dll
0x00007ffbe4fb0000 - 0x00007ffbe56fa000 	C:\WINDOWS\System32\SHELL32.dll
0x00007ffbe3b40000 - 0x00007ffbe3cb4000 	C:\WINDOWS\System32\wintypes.dll
0x00007ffbe1060000 - 0x00007ffbe18bb000 	C:\WINDOWS\SYSTEM32\windows.storage.dll
0x00007ffbe5aa0000 - 0x00007ffbe5b95000 	C:\WINDOWS\System32\SHCORE.dll
0x00007ffbe5ca0000 - 0x00007ffbe5d0a000 	C:\WINDOWS\System32\shlwapi.dll
0x00007ffbe3300000 - 0x00007ffbe332f000 	C:\WINDOWS\SYSTEM32\profapi.dll
0x00007ffbc3bc0000 - 0x00007ffbc3bd8000 	c:\Users\User\.vscode\extensions\redhat.java-1.43.0-win32-x64\jre\21.0.7-win32-x86_64\bin\zip.dll
0x00007ffbc5020000 - 0x00007ffbc5030000 	C:\Users\User\.vscode\extensions\redhat.java-1.43.0-win32-x64\jre\21.0.7-win32-x86_64\bin\net.dll
0x00007ffbdcb10000 - 0x00007ffbdcc2e000 	C:\WINDOWS\SYSTEM32\WINHTTP.dll
0x00007ffbe2720000 - 0x00007ffbe278a000 	C:\WINDOWS\system32\mswsock.dll
0x00007ffbc3ad0000 - 0x00007ffbc3ae6000 	C:\Users\User\.vscode\extensions\redhat.java-1.43.0-win32-x64\jre\21.0.7-win32-x86_64\bin\nio.dll
0x00007ffbde410000 - 0x00007ffbde420000 	c:\Users\User\.vscode\extensions\redhat.java-1.43.0-win32-x64\jre\21.0.7-win32-x86_64\bin\verify.dll
0x00007ffb50fe0000 - 0x00007ffb51025000 	C:\Users\User\AppData\Roaming\Code\User\globalStorage\redhat.java\1.43.0\config_win\org.eclipse.equinox.launcher\org.eclipse.equinox.launcher.win32.win32.x86_64_1.2.1300.v20250331-1702\eclipse_11911.dll
0x00007ffbe5810000 - 0x00007ffbe59ae000 	C:\WINDOWS\System32\ole32.dll
0x00007ffbe29d0000 - 0x00007ffbe29eb000 	C:\WINDOWS\SYSTEM32\CRYPTSP.dll
0x00007ffbe2100000 - 0x00007ffbe213a000 	C:\WINDOWS\system32\rsaenh.dll
0x00007ffbe27c0000 - 0x00007ffbe27eb000 	C:\WINDOWS\SYSTEM32\USERENV.dll
0x00007ffbe32d0000 - 0x00007ffbe32f6000 	C:\WINDOWS\SYSTEM32\bcrypt.dll
0x00007ffbe29f0000 - 0x00007ffbe29fc000 	C:\WINDOWS\SYSTEM32\CRYPTBASE.dll
0x00007ffbe1c80000 - 0x00007ffbe1cb3000 	C:\WINDOWS\SYSTEM32\IPHLPAPI.DLL
0x00007ffbe5ba0000 - 0x00007ffbe5baa000 	C:\WINDOWS\System32\NSI.dll
0x00007ffb50f90000 - 0x00007ffb50fd9000 	C:\Users\User\AppData\Local\Temp\jna-2645995\jna2063155726916584560.dll
0x00007ffbe6190000 - 0x00007ffbe6198000 	C:\WINDOWS\System32\PSAPI.DLL
0x00007ffbdcd30000 - 0x00007ffbdcd4f000 	C:\WINDOWS\SYSTEM32\dhcpcsvc6.DLL
0x00007ffbdcd00000 - 0x00007ffbdcd25000 	C:\WINDOWS\SYSTEM32\dhcpcsvc.DLL
0x00007ffbb10b0000 - 0x00007ffbb10d7000 	C:\Users\User\.gradle\native\c067742578af261105cb4f569cf0c3c89f3d7b1fecec35dd04571415982c5e48\windows-amd64\native-platform.dll
0x00007ffbc3840000 - 0x00007ffbc384a000 	C:\Users\User\.vscode\extensions\redhat.java-1.43.0-win32-x64\jre\21.0.7-win32-x86_64\bin\management.dll
0x00007ffbc3830000 - 0x00007ffbc383b000 	C:\Users\User\.vscode\extensions\redhat.java-1.43.0-win32-x64\jre\21.0.7-win32-x86_64\bin\management_ext.dll
0x00007ffbb97d0000 - 0x00007ffbb97d9000 	C:\Users\User\.vscode\extensions\redhat.java-1.43.0-win32-x64\jre\21.0.7-win32-x86_64\bin\extnet.dll
0x00007ffbbc190000 - 0x00007ffbbc19e000 	C:\Users\User\.vscode\extensions\redhat.java-1.43.0-win32-x64\jre\21.0.7-win32-x86_64\bin\sunmscapi.dll
0x00007ffbe3d80000 - 0x00007ffbe3ef7000 	C:\WINDOWS\System32\CRYPT32.dll
0x00007ffbe2bf0000 - 0x00007ffbe2c20000 	C:\WINDOWS\SYSTEM32\ncrypt.dll
0x00007ffbe2ba0000 - 0x00007ffbe2bdf000 	C:\WINDOWS\SYSTEM32\NTASN1.dll
0x00007ffbb96a0000 - 0x00007ffbb96a8000 	C:\WINDOWS\system32\wshunix.dll

dbghelp: loaded successfully - version: 4.0.5 - missing functions: none
symbol engine: initialized successfully - sym options: 0x614 - pdb path: .;c:\Users\User\.vscode\extensions\redhat.java-1.43.0-win32-x64\jre\21.0.7-win32-x86_64\bin;C:\WINDOWS\SYSTEM32;C:\WINDOWS\WinSxS\amd64_microsoft.windows.common-controls_6595b64144ccf1df_6.0.26100.4484_none_3e0e6d4ce32ef3b3;c:\Users\User\.vscode\extensions\redhat.java-1.43.0-win32-x64\jre\21.0.7-win32-x86_64\bin\server;C:\Users\User\AppData\Roaming\Code\User\globalStorage\redhat.java\1.43.0\config_win\org.eclipse.equinox.launcher\org.eclipse.equinox.launcher.win32.win32.x86_64_1.2.1300.v20250331-1702;C:\Users\User\AppData\Local\Temp\jna-2645995;C:\Users\User\.gradle\native\c067742578af261105cb4f569cf0c3c89f3d7b1fecec35dd04571415982c5e48\windows-amd64

VM Arguments:
jvm_args: --add-modules=ALL-SYSTEM --add-opens=java.base/java.util=ALL-UNNAMED --add-opens=java.base/java.lang=ALL-UNNAMED --add-opens=java.base/sun.nio.fs=ALL-UNNAMED -Declipse.application=org.eclipse.jdt.ls.core.id1 -Dosgi.bundles.defaultStartLevel=4 -Declipse.product=org.eclipse.jdt.ls.core.product -Djava.import.generatesMetadataFilesAtProjectRoot=false -DDetectVMInstallationsJob.disabled=true -Dfile.encoding=utf8 -XX:+UseParallelGC -XX:GCTimeRatio=4 -XX:AdaptiveSizePolicyWeight=90 -Dsun.zip.disableMemoryMapping=true -Xmx2G -Xms100m -Xlog:disable -javaagent:c:\Users\User\.vscode\extensions\redhat.java-1.43.0-win32-x64\lombok\lombok-1.18.39-4050.jar -XX:+HeapDumpOnOutOfMemoryError -XX:HeapDumpPath=c:\Users\User\AppData\Roaming\Code\User\workspaceStorage\7dd1fb8172539666cb3a5f840488d9b9\redhat.java -Daether.dependencyCollector.impl=bf 
java_command: c:\Users\User\.vscode\extensions\redhat.java-1.43.0-win32-x64\server\plugins\org.eclipse.equinox.launcher_1.7.0.v20250519-0528.jar -configuration c:\Users\User\AppData\Roaming\Code\User\globalStorage\redhat.java\1.43.0\config_win -data c:\Users\User\AppData\Roaming\Code\User\workspaceStorage\7dd1fb8172539666cb3a5f840488d9b9\redhat.java\jdt_ws --pipe=\\.\pipe\lsp-c3169752c70f497d80e1fe41a7745685-sock
java_class_path (initial): c:\Users\User\.vscode\extensions\redhat.java-1.43.0-win32-x64\server\plugins\org.eclipse.equinox.launcher_1.7.0.v20250519-0528.jar
Launcher Type: SUN_STANDARD

[Global flags]
    uintx AdaptiveSizePolicyWeight                 = 90                                        {product} {command line}
     intx CICompilerCount                          = 12                                        {product} {ergonomic}
    uintx GCTimeRatio                              = 4                                         {product} {command line}
     bool HeapDumpOnOutOfMemoryError               = true                                   {manageable} {command line}
    ccstr HeapDumpPath                             = c:\Users\User\AppData\Roaming\Code\User\workspaceStorage\7dd1fb8172539666cb3a5f840488d9b9\redhat.java         {manageable} {command line}
   size_t InitialHeapSize                          = 104857600                                 {product} {command line}
   size_t MaxHeapSize                              = 2147483648                                {product} {command line}
   size_t MaxNewSize                               = 715653120                                 {product} {ergonomic}
   size_t MinHeapDeltaBytes                        = 524288                                    {product} {ergonomic}
   size_t MinHeapSize                              = 104857600                                 {product} {command line}
   size_t NewSize                                  = 34603008                                  {product} {ergonomic}
    uintx NonNMethodCodeHeapSize                   = 7602480                                {pd product} {ergonomic}
    uintx NonProfiledCodeHeapSize                  = 122027880                              {pd product} {ergonomic}
   size_t OldSize                                  = 70254592                                  {product} {ergonomic}
    uintx ProfiledCodeHeapSize                     = 122027880                              {pd product} {ergonomic}
    uintx ReservedCodeCacheSize                    = 251658240                              {pd product} {ergonomic}
     bool SegmentedCodeCache                       = true                                      {product} {ergonomic}
   size_t SoftMaxHeapSize                          = 2147483648                             {manageable} {ergonomic}
     bool UseCompressedOops                        = true                           {product lp64_product} {ergonomic}
     bool UseLargePagesIndividualAllocation        = false                                  {pd product} {ergonomic}
     bool UseParallelGC                            = true                                      {product} {command line}

Logging:
Log output configuration:
 #0: stdout all=off uptime,level,tags foldmultilines=false
 #1: stderr all=off uptime,level,tags foldmultilines=false

Environment Variables:
PATH=C:\Python313\Scripts\;C:\Python313\;C:\Program Files\Common Files\Oracle\Java\javapath;C:\Users\User\AppData\Local\Programs\Python\Python312\Scripts\;C:\Users\User\AppData\Local\Programs\Python\Python312\;C:\Program Files\Python38\Scripts\;C:\Program Files\Python38\;C:\Program Files (x86)\Common Files\Oracle\Java\javapath;C:\Windows\system32;C:\Windows;C:\Windows\System32\Wbem;C:\Windows\System32\WindowsPowerShell\v1.0\;C:\Windows\System32\OpenSSH\;C:\Program Files (x86)\NVIDIA Corporation\PhysX\Common;C:\Program Files\NVIDIA Corporation\NVIDIA NvDLISR;C:\WINDOWS\system32;C:\WINDOWS;C:\WINDOWS\System32\Wbem;C:\WINDOWS\System32\WindowsPowerShell\v1.0\;C:\WINDOWS\System32\OpenSSH\;C:\ProgramData\chocolatey\bin;C:\Program Files\Docker\Docker\resources\bin;C:\Program Files\dotnet\;C:\Program Files\GitHub CLI\;C:\Program Files\Git\cmd;E:\xamp\php;C:\ProgramData\ComposerSetup\bin;C:\Program Files\nodejs\;C:\Program Files\Vagrant\bin;C:\ProgramData\chocolatey\lib\maven\apache-maven-3.9.9\bin;C:\Program Files\Amazon\AWSCLIV2\;E:\Dev\flutter\bin;C:\Users\User\AppData\Local\Pub\Cache\bin;C:\Users\User\Downloads\kotlin-compiler-2.1.21\kotlinc\bin;C:\Users\User\AppData\Local\Microsoft\WindowsApps;C:\Program Files\JetBrains\IntelliJ IDEA Community Edition 2022.2.2\bin;C:\MinGW\bin;C:\Program Files\JetBrains\PyCharm Community Edition 2022.2.2\bin;C:\Program Files\JetBrains\PyCharm Edu 2022.2.2\bin;C:\Program Files\JetBrains\IntelliJ IDEA Educational Edition 2022.2.2\bin;C:\msys64\ucrt64\bin.;C:\Users\User\AppData\Local\GitHubDesktop\bin;C:\Users\User\codeblocks\MinGW\bin;C:\Users\User\AppData\Local\Coursier\data\bin;E:\mongodb\;C:\Users\User\AppData\Local\Microsoft\WindowsApps;C:\Users\User\AppData\Local\Programs\Microsoft VS Code\bin;C:\Program Files\JetBrains\IntelliJ IDEA 2024.3.1\bin;;C:\Users\User\AppData\Roaming\Composer\vendor\bin;C:\Users\User\AppData\Roaming\npm;E:\Dev\flutter\bin;C:\Users\User\AppData\Local\Pub\Cache\bin;C:\Users\User\Downloads\kotlin-compiler-2.1.21\kotlinc\bin;
USERNAME=User
OS=Windows_NT
PROCESSOR_IDENTIFIER=AMD64 Family 25 Model 68 Stepping 1, AuthenticAMD
TMP=C:\Users\User\AppData\Local\Temp
TEMP=C:\Users\User\AppData\Local\Temp




Periodic native trim disabled

---------------  S Y S T E M  ---------------

OS:
 Windows 11 , 64 bit Build 26100 (10.0.26100.4484)
OS uptime: 0 days 3:06 hours

CPU: total 16 (initial active 16) (16 cores per cpu, 2 threads per core) family 25 model 68 stepping 1 microcode 0xa404101, cx8, cmov, fxsr, ht, mmx, 3dnowpref, sse, sse2, sse3, ssse3, sse4a, sse4.1, sse4.2, popcnt, lzcnt, tsc, tscinvbit, avx, avx2, aes, clmul, bmi1, bmi2, adx, sha, fma, vzeroupper, clflush, clflushopt, rdtscp, rdpid, f16c, pku, cet_ss
Processor Information for the first 16 processors :
  Max Mhz: 3201, Current Mhz: 3201, Mhz Limit: 3201

Memory: 4k page, system-wide physical 15613M (614M free)
TotalPageFile size 31140M (AvailPageFile size 2M)
current process WorkingSet (physical memory assigned to process): 274M, peak: 332M
current process commit charge ("private bytes"): 388M, peak: 455M

vm_info: OpenJDK 64-Bit Server VM (21.0.7+6-LTS) for windows-amd64 JRE (21.0.7+6-LTS), built on 2025-04-15T00:00:00Z by "admin" with MS VC++ 17.7 (VS2022)

END.
