#
# There is insufficient memory for the Java Runtime Environment to continue.
# Native memory allocation (malloc) failed to allocate 229840 bytes for Chunk::new
# Possible reasons:
#   The system is out of physical RAM or swap space
#   The process is running with CompressedOops enabled, and the Java Heap may be blocking the growth of the native heap
# Possible solutions:
#   Reduce memory load on the system
#   Increase physical memory or swap space
#   Check if swap backing store is full
#   Decrease Java heap size (-Xmx/-Xms)
#   Decrease number of Java threads
#   Decrease Java thread stack sizes (-Xss)
#   Set larger code cache with -XX:ReservedCodeCacheSize=
#   JVM is running with Unscaled Compressed Oops mode in which the Java heap is
#     placed in the first 4GB address space. The Java Heap base address is the
#     maximum limit for the native heap growth. Please use -XX:HeapBaseMinAddress
#     to set the Java Heap base and to place the Java Heap above 4GB virtual address.
# This output file may be truncated or incomplete.
#
#  Out of Memory Error (arena.cpp:189), pid=28836, tid=33724
#
# JRE version: Java(TM) SE Runtime Environment (17.0.11+7) (build 17.0.11+7-LTS-207)
# Java VM: Java HotSpot(TM) 64-Bit Server VM (17.0.11+7-LTS-207, mixed mode, sharing, tiered, compressed oops, compressed class ptrs, g1 gc, windows-amd64)
# No core dump will be written. Minidumps are not enabled by default on client versions of Windows
#

---------------  S U M M A R Y ------------

Command Line: -Xmx64m -Xms64m -Dorg.gradle.appname=gradlew org.gradle.wrapper.GradleWrapperMain -I C:\Users\User\AppData\Local\Temp\classpath6150914389825262829.gradle kotlinLSPProjectDeps --console=plain

Host: AMD Ryzen 7 6800H with Radeon Graphics         , 16 cores, 15G,  Windows 11 , 64 bit Build 26100 (10.0.26100.4484)
Time: Sat Jun 28 11:16:04 2025 Sri Lanka Standard Time elapsed time: 0.634107 seconds (0d 0h 0m 0s)

---------------  T H R E A D  ---------------

Current thread (0x0000025a799d26c0):  JavaThread "C2 CompilerThread2" daemon [_thread_in_native, id=33724, stack(0x000000cd72500000,0x000000cd72600000)]


Current CompileTask:
C2:    634  811  s!   4       jdk.internal.loader.URLClassPath::getLoader (194 bytes)

Stack: [0x000000cd72500000,0x000000cd72600000]
Native frames: (J=compiled Java code, j=interpreted, Vv=VM code, C=native code)
V  [jvm.dll+0x679cca]
V  [jvm.dll+0x7da13d]
V  [jvm.dll+0x7dba83]
V  [jvm.dll+0x7dc0f3]
V  [jvm.dll+0x2449af]
V  [jvm.dll+0xab83b]
V  [jvm.dll+0xabe1c]
V  [jvm.dll+0x11d9d4]
V  [jvm.dll+0x60db93]
V  [jvm.dll+0x60c24a]
V  [jvm.dll+0x21605e]
V  [jvm.dll+0x21560f]
V  [jvm.dll+0x1a2040]
V  [jvm.dll+0x225a2b]
V  [jvm.dll+0x223bcb]
V  [jvm.dll+0x7903ec]
V  [jvm.dll+0x78a85a]
V  [jvm.dll+0x678bb5]
C  [ucrtbase.dll+0x37b0]
C  [KERNEL32.DLL+0x2e8d7]
C  [ntdll.dll+0x3c34c]


---------------  P R O C E S S  ---------------

Threads class SMR info:
_java_thread_list=0x0000025a799d2c90, length=15, elements={
0x0000025a6e2e1610, 0x0000025a6e3a8560, 0x0000025a6e3ac0a0, 0x0000025a7941f180,
0x0000025a7941fb40, 0x0000025a79421070, 0x0000025a794225a0, 0x0000025a79425980,
0x0000025a79435bf0, 0x0000025a79436500, 0x0000025a79658740, 0x0000025a7969dc90,
0x0000025a796a5760, 0x0000025a79939f80, 0x0000025a799d26c0
}

Java Threads: ( => current thread )
  0x0000025a6e2e1610 JavaThread "main" [_thread_in_Java, id=19564, stack(0x000000cd71000000,0x000000cd71100000)]
  0x0000025a6e3a8560 JavaThread "Reference Handler" daemon [_thread_blocked, id=7252, stack(0x000000cd71700000,0x000000cd71800000)]
  0x0000025a6e3ac0a0 JavaThread "Finalizer" daemon [_thread_blocked, id=34144, stack(0x000000cd71800000,0x000000cd71900000)]
  0x0000025a7941f180 JavaThread "Signal Dispatcher" daemon [_thread_blocked, id=6440, stack(0x000000cd71900000,0x000000cd71a00000)]
  0x0000025a7941fb40 JavaThread "Attach Listener" daemon [_thread_blocked, id=32184, stack(0x000000cd71a00000,0x000000cd71b00000)]
  0x0000025a79421070 JavaThread "Service Thread" daemon [_thread_blocked, id=2600, stack(0x000000cd71b00000,0x000000cd71c00000)]
  0x0000025a794225a0 JavaThread "Monitor Deflation Thread" daemon [_thread_blocked, id=34120, stack(0x000000cd71c00000,0x000000cd71d00000)]
  0x0000025a79425980 JavaThread "C2 CompilerThread0" daemon [_thread_in_native, id=34116, stack(0x000000cd71d00000,0x000000cd71e00000)]
  0x0000025a79435bf0 JavaThread "C1 CompilerThread0" daemon [_thread_blocked, id=33484, stack(0x000000cd71e00000,0x000000cd71f00000)]
  0x0000025a79436500 JavaThread "Sweeper thread" daemon [_thread_blocked, id=20960, stack(0x000000cd71f00000,0x000000cd72000000)]
  0x0000025a79658740 JavaThread "C1 CompilerThread1" daemon [_thread_blocked, id=31860, stack(0x000000cd72000000,0x000000cd72100000)]
  0x0000025a7969dc90 JavaThread "Notification Thread" daemon [_thread_blocked, id=23084, stack(0x000000cd72100000,0x000000cd72200000)]
  0x0000025a796a5760 JavaThread "Common-Cleaner" daemon [_thread_blocked, id=11084, stack(0x000000cd72300000,0x000000cd72400000)]
  0x0000025a79939f80 JavaThread "C2 CompilerThread1" daemon [_thread_in_native, id=9556, stack(0x000000cd72400000,0x000000cd72500000)]
=>0x0000025a799d26c0 JavaThread "C2 CompilerThread2" daemon [_thread_in_native, id=33724, stack(0x000000cd72500000,0x000000cd72600000)]

Other Threads:
  0x0000025a6e39ff30 VMThread "VM Thread" [stack: 0x000000cd71600000,0x000000cd71700000] [id=23384]
  0x0000025a796a11e0 WatcherThread [stack: 0x000000cd72200000,0x000000cd72300000] [id=29728]
  0x0000025a6e306f40 GCTaskThread "GC Thread#0" [stack: 0x000000cd71100000,0x000000cd71200000] [id=34288]
  0x0000025a7e3e4ec0 GCTaskThread "GC Thread#1" [stack: 0x000000cd72600000,0x000000cd72700000] [id=11168]
  0x0000025a7e537b90 GCTaskThread "GC Thread#2" [stack: 0x000000cd72700000,0x000000cd72800000] [id=26116]
  0x0000025a7e7e9920 GCTaskThread "GC Thread#3" [stack: 0x000000cd72800000,0x000000cd72900000] [id=34304]
  0x0000025a6e3096a0 ConcurrentGCThread "G1 Main Marker" [stack: 0x000000cd71200000,0x000000cd71300000] [id=32408]
  0x0000025a6e30ad80 ConcurrentGCThread "G1 Conc#0" [stack: 0x000000cd71300000,0x000000cd71400000] [id=25564]
  0x0000025a6e3868c0 ConcurrentGCThread "G1 Refine#0" [stack: 0x000000cd71400000,0x000000cd71500000] [id=22408]
  0x0000025a6e387190 ConcurrentGCThread "G1 Service" [stack: 0x000000cd71500000,0x000000cd71600000] [id=12948]

Threads with active compile tasks:
C2 CompilerThread0      656  812   !   4       jdk.internal.loader.URLClassPath$JarLoader::getResource (65 bytes)
C2 CompilerThread1      656  810       4       java.util.jar.JarFile::getEntry (35 bytes)
C2 CompilerThread2      656  811  s!   4       jdk.internal.loader.URLClassPath::getLoader (194 bytes)

VM state: not at safepoint (normal execution)

VM Mutex/Monitor currently owned by a thread: None

OutOfMemory and StackOverflow Exception counts:
OutOfMemoryError java_heap_errors=1
LinkageErrors=1

Heap address: 0x00000000fc000000, size: 64 MB, Compressed Oops mode: 32-bit

CDS archive(s) mapped at: [0x0000025a0f000000-0x0000025a0fbd0000-0x0000025a0fbd0000), size 12386304, SharedBaseAddress: 0x0000025a0f000000, ArchiveRelocationMode: 1.
Compressed class space mapped at: 0x0000025a10000000-0x0000025a50000000, reserved size: 1073741824
Narrow klass base: 0x0000025a0f000000, Narrow klass shift: 0, Narrow klass range: 0x100000000

GC Precious Log:
 CPUs: 16 total, 16 available
 Memory: 15613M
 Large Page Support: Disabled
 NUMA Support: Disabled
 Compressed Oops: Enabled (32-bit)
 Heap Region Size: 1M
 Heap Min Capacity: 64M
 Heap Initial Capacity: 64M
 Heap Max Capacity: 64M
 Pre-touch: Disabled
 Parallel Workers: 13
 Concurrent Workers: 3
 Concurrent Refinement Workers: 13
 Periodic GC: Disabled

Heap:
 garbage-first heap   total 65536K, used 14440K [0x00000000fc000000, 0x0000000100000000)
  region size 1024K, 10 young (10240K), 3 survivors (3072K)
 Metaspace       used 2752K, committed 2944K, reserved 1114112K
  class space    used 287K, committed 384K, reserved 1048576K

Heap Regions: E=young(eden), S=young(survivor), O=old, HS=humongous(starts), HC=humongous(continues), CS=collection set, F=free, OA=open archive, CA=closed archive, TAMS=top-at-mark-start (previous, next)
|   0|0x00000000fc000000, 0x00000000fc100000, 0x00000000fc100000|100%| O|  |TAMS 0x00000000fc000000, 0x00000000fc000000| Untracked 
|   1|0x00000000fc100000, 0x00000000fc11a000, 0x00000000fc200000| 10%| O|  |TAMS 0x00000000fc100000, 0x00000000fc100000| Untracked 
|   2|0x00000000fc200000, 0x00000000fc300000, 0x00000000fc300000|100%|HS|  |TAMS 0x00000000fc200000, 0x00000000fc200000| Complete 
|   3|0x00000000fc300000, 0x00000000fc400000, 0x00000000fc400000|100%|HC|  |TAMS 0x00000000fc300000, 0x00000000fc300000| Complete 
|   4|0x00000000fc400000, 0x00000000fc500000, 0x00000000fc500000|100%|HC|  |TAMS 0x00000000fc400000, 0x00000000fc400000| Complete 
|   5|0x00000000fc500000, 0x00000000fc600000, 0x00000000fc600000|100%|HC|  |TAMS 0x00000000fc500000, 0x00000000fc500000| Complete 
|   6|0x00000000fc600000, 0x00000000fc600000, 0x00000000fc700000|  0%| F|  |TAMS 0x00000000fc600000, 0x00000000fc600000| Untracked 
|   7|0x00000000fc700000, 0x00000000fc700000, 0x00000000fc800000|  0%| F|  |TAMS 0x00000000fc700000, 0x00000000fc700000| Untracked 
|   8|0x00000000fc800000, 0x00000000fc800000, 0x00000000fc900000|  0%| F|  |TAMS 0x00000000fc800000, 0x00000000fc800000| Untracked 
|   9|0x00000000fc900000, 0x00000000fc900000, 0x00000000fca00000|  0%| F|  |TAMS 0x00000000fc900000, 0x00000000fc900000| Untracked 
|  10|0x00000000fca00000, 0x00000000fca00000, 0x00000000fcb00000|  0%| F|  |TAMS 0x00000000fca00000, 0x00000000fca00000| Untracked 
|  11|0x00000000fcb00000, 0x00000000fcb00000, 0x00000000fcc00000|  0%| F|  |TAMS 0x00000000fcb00000, 0x00000000fcb00000| Untracked 
|  12|0x00000000fcc00000, 0x00000000fcc00000, 0x00000000fcd00000|  0%| F|  |TAMS 0x00000000fcc00000, 0x00000000fcc00000| Untracked 
|  13|0x00000000fcd00000, 0x00000000fcd00000, 0x00000000fce00000|  0%| F|  |TAMS 0x00000000fcd00000, 0x00000000fcd00000| Untracked 
|  14|0x00000000fce00000, 0x00000000fce00000, 0x00000000fcf00000|  0%| F|  |TAMS 0x00000000fce00000, 0x00000000fce00000| Untracked 
|  15|0x00000000fcf00000, 0x00000000fcf00000, 0x00000000fd000000|  0%| F|  |TAMS 0x00000000fcf00000, 0x00000000fcf00000| Untracked 
|  16|0x00000000fd000000, 0x00000000fd000000, 0x00000000fd100000|  0%| F|  |TAMS 0x00000000fd000000, 0x00000000fd000000| Untracked 
|  17|0x00000000fd100000, 0x00000000fd100000, 0x00000000fd200000|  0%| F|  |TAMS 0x00000000fd100000, 0x00000000fd100000| Untracked 
|  18|0x00000000fd200000, 0x00000000fd200000, 0x00000000fd300000|  0%| F|  |TAMS 0x00000000fd200000, 0x00000000fd200000| Untracked 
|  19|0x00000000fd300000, 0x00000000fd300000, 0x00000000fd400000|  0%| F|  |TAMS 0x00000000fd300000, 0x00000000fd300000| Untracked 
|  20|0x00000000fd400000, 0x00000000fd400000, 0x00000000fd500000|  0%| F|  |TAMS 0x00000000fd400000, 0x00000000fd400000| Untracked 
|  21|0x00000000fd500000, 0x00000000fd500000, 0x00000000fd600000|  0%| F|  |TAMS 0x00000000fd500000, 0x00000000fd500000| Untracked 
|  22|0x00000000fd600000, 0x00000000fd600000, 0x00000000fd700000|  0%| F|  |TAMS 0x00000000fd600000, 0x00000000fd600000| Untracked 
|  23|0x00000000fd700000, 0x00000000fd700000, 0x00000000fd800000|  0%| F|  |TAMS 0x00000000fd700000, 0x00000000fd700000| Untracked 
|  24|0x00000000fd800000, 0x00000000fd800000, 0x00000000fd900000|  0%| F|  |TAMS 0x00000000fd800000, 0x00000000fd800000| Untracked 
|  25|0x00000000fd900000, 0x00000000fd900000, 0x00000000fda00000|  0%| F|  |TAMS 0x00000000fd900000, 0x00000000fd900000| Untracked 
|  26|0x00000000fda00000, 0x00000000fda00000, 0x00000000fdb00000|  0%| F|  |TAMS 0x00000000fda00000, 0x00000000fda00000| Untracked 
|  27|0x00000000fdb00000, 0x00000000fdb00000, 0x00000000fdc00000|  0%| F|  |TAMS 0x00000000fdb00000, 0x00000000fdb00000| Untracked 
|  28|0x00000000fdc00000, 0x00000000fdc00000, 0x00000000fdd00000|  0%| F|  |TAMS 0x00000000fdc00000, 0x00000000fdc00000| Untracked 
|  29|0x00000000fdd00000, 0x00000000fdd00000, 0x00000000fde00000|  0%| F|  |TAMS 0x00000000fdd00000, 0x00000000fdd00000| Untracked 
|  30|0x00000000fde00000, 0x00000000fde00000, 0x00000000fdf00000|  0%| F|  |TAMS 0x00000000fde00000, 0x00000000fde00000| Untracked 
|  31|0x00000000fdf00000, 0x00000000fdf00000, 0x00000000fe000000|  0%| F|  |TAMS 0x00000000fdf00000, 0x00000000fdf00000| Untracked 
|  32|0x00000000fe000000, 0x00000000fe000000, 0x00000000fe100000|  0%| F|  |TAMS 0x00000000fe000000, 0x00000000fe000000| Untracked 
|  33|0x00000000fe100000, 0x00000000fe100000, 0x00000000fe200000|  0%| F|  |TAMS 0x00000000fe100000, 0x00000000fe100000| Untracked 
|  34|0x00000000fe200000, 0x00000000fe200000, 0x00000000fe300000|  0%| F|  |TAMS 0x00000000fe200000, 0x00000000fe200000| Untracked 
|  35|0x00000000fe300000, 0x00000000fe300000, 0x00000000fe400000|  0%| F|  |TAMS 0x00000000fe300000, 0x00000000fe300000| Untracked 
|  36|0x00000000fe400000, 0x00000000fe400000, 0x00000000fe500000|  0%| F|  |TAMS 0x00000000fe400000, 0x00000000fe400000| Untracked 
|  37|0x00000000fe500000, 0x00000000fe500000, 0x00000000fe600000|  0%| F|  |TAMS 0x00000000fe500000, 0x00000000fe500000| Untracked 
|  38|0x00000000fe600000, 0x00000000fe700000, 0x00000000fe700000|100%| S|CS|TAMS 0x00000000fe600000, 0x00000000fe600000| Complete 
|  39|0x00000000fe700000, 0x00000000fe800000, 0x00000000fe800000|100%| S|CS|TAMS 0x00000000fe700000, 0x00000000fe700000| Complete 
|  40|0x00000000fe800000, 0x00000000fe900000, 0x00000000fe900000|100%| S|CS|TAMS 0x00000000fe800000, 0x00000000fe800000| Complete 
|  41|0x00000000fe900000, 0x00000000fe900000, 0x00000000fea00000|  0%| F|  |TAMS 0x00000000fe900000, 0x00000000fe900000| Untracked 
|  42|0x00000000fea00000, 0x00000000fea00000, 0x00000000feb00000|  0%| F|  |TAMS 0x00000000fea00000, 0x00000000fea00000| Untracked 
|  43|0x00000000feb00000, 0x00000000feb00000, 0x00000000fec00000|  0%| F|  |TAMS 0x00000000feb00000, 0x00000000feb00000| Untracked 
|  44|0x00000000fec00000, 0x00000000fec00000, 0x00000000fed00000|  0%| F|  |TAMS 0x00000000fec00000, 0x00000000fec00000| Untracked 
|  45|0x00000000fed00000, 0x00000000fed00000, 0x00000000fee00000|  0%| F|  |TAMS 0x00000000fed00000, 0x00000000fed00000| Untracked 
|  46|0x00000000fee00000, 0x00000000fee00000, 0x00000000fef00000|  0%| F|  |TAMS 0x00000000fee00000, 0x00000000fee00000| Untracked 
|  47|0x00000000fef00000, 0x00000000fef00000, 0x00000000ff000000|  0%| F|  |TAMS 0x00000000fef00000, 0x00000000fef00000| Untracked 
|  48|0x00000000ff000000, 0x00000000ff000000, 0x00000000ff100000|  0%| F|  |TAMS 0x00000000ff000000, 0x00000000ff000000| Untracked 
|  49|0x00000000ff100000, 0x00000000ff100000, 0x00000000ff200000|  0%| F|  |TAMS 0x00000000ff100000, 0x00000000ff100000| Untracked 
|  50|0x00000000ff200000, 0x00000000ff200000, 0x00000000ff300000|  0%| F|  |TAMS 0x00000000ff200000, 0x00000000ff200000| Untracked 
|  51|0x00000000ff300000, 0x00000000ff300000, 0x00000000ff400000|  0%| F|  |TAMS 0x00000000ff300000, 0x00000000ff300000| Untracked 
|  52|0x00000000ff400000, 0x00000000ff400000, 0x00000000ff500000|  0%| F|  |TAMS 0x00000000ff400000, 0x00000000ff400000| Untracked 
|  53|0x00000000ff500000, 0x00000000ff500000, 0x00000000ff600000|  0%| F|  |TAMS 0x00000000ff500000, 0x00000000ff500000| Untracked 
|  54|0x00000000ff600000, 0x00000000ff600000, 0x00000000ff700000|  0%| F|  |TAMS 0x00000000ff600000, 0x00000000ff600000| Untracked 
|  55|0x00000000ff700000, 0x00000000ff700000, 0x00000000ff800000|  0%| F|  |TAMS 0x00000000ff700000, 0x00000000ff700000| Untracked 
|  56|0x00000000ff800000, 0x00000000ff800000, 0x00000000ff900000|  0%| F|  |TAMS 0x00000000ff800000, 0x00000000ff800000| Untracked 
|  57|0x00000000ff900000, 0x00000000ffa00000, 0x00000000ffa00000|100%| E|  |TAMS 0x00000000ff900000, 0x00000000ff900000| Complete 
|  58|0x00000000ffa00000, 0x00000000ffb00000, 0x00000000ffb00000|100%| E|CS|TAMS 0x00000000ffa00000, 0x00000000ffa00000| Complete 
|  59|0x00000000ffb00000, 0x00000000ffc00000, 0x00000000ffc00000|100%| E|CS|TAMS 0x00000000ffb00000, 0x00000000ffb00000| Complete 
|  60|0x00000000ffc00000, 0x00000000ffd00000, 0x00000000ffd00000|100%| E|CS|TAMS 0x00000000ffc00000, 0x00000000ffc00000| Complete 
|  61|0x00000000ffd00000, 0x00000000ffe00000, 0x00000000ffe00000|100%| E|CS|TAMS 0x00000000ffd00000, 0x00000000ffd00000| Complete 
|  62|0x00000000ffe00000, 0x00000000fff00000, 0x00000000fff00000|100%| E|CS|TAMS 0x00000000ffe00000, 0x00000000ffe00000| Complete 
|  63|0x00000000fff00000, 0x0000000100000000, 0x0000000100000000|100%| E|CS|TAMS 0x00000000fff00000, 0x00000000fff00000| Complete 

Card table byte_map: [0x0000025a6c2d0000,0x0000025a6c2f0000] _byte_map_base: 0x0000025a6baf0000

Marking Bits (Prev, Next): (CMBitMap*) 0x0000025a6e308570, (CMBitMap*) 0x0000025a6e3085b0
 Prev Bits: [0x0000025a76310000, 0x0000025a76410000)
 Next Bits: [0x0000025a76410000, 0x0000025a76510000)

Polling page: 0x0000025a6bf30000

Metaspace:

Usage:
  Non-class:      2.43 MB used.
      Class:    291.74 KB used.
       Both:      2.71 MB used.

Virtual space:
  Non-class space:       64.00 MB reserved,       2.50 MB (  4%) committed,  1 nodes.
      Class space:        1.00 GB reserved,     384.00 KB ( <1%) committed,  1 nodes.
             Both:        1.06 GB reserved,       2.88 MB ( <1%) committed. 

Chunk freelists:
   Non-Class:  11.31 MB
       Class:  15.59 MB
        Both:  26.91 MB

MaxMetaspaceSize: unlimited
CompressedClassSpaceSize: 1.00 GB
Initial GC threshold: 21.00 MB
Current GC threshold: 21.00 MB
CDS: on
MetaspaceReclaimPolicy: balanced
 - commit_granule_bytes: 65536.
 - commit_granule_words: 8192.
 - virtual_space_node_default_size: 8388608.
 - enlarge_chunks_in_place: 1.
 - new_chunks_are_fully_committed: 0.
 - uncommit_free_chunks: 1.
 - use_allocation_guard: 0.
 - handle_deallocations: 1.


Internal statistics:

num_allocs_failed_limit: 0.
num_arena_births: 14.
num_arena_deaths: 0.
num_vsnodes_births: 2.
num_vsnodes_deaths: 0.
num_space_committed: 46.
num_space_uncommitted: 0.
num_chunks_returned_to_freelist: 0.
num_chunks_taken_from_freelist: 63.
num_chunk_merges: 0.
num_chunk_splits: 42.
num_chunks_enlarged: 37.
num_inconsistent_stats: 0.

CodeHeap 'non-profiled nmethods': size=119168Kb used=348Kb max_used=348Kb free=118819Kb
 bounds [0x0000025a07ba0000, 0x0000025a07e10000, 0x0000025a0f000000]
CodeHeap 'profiled nmethods': size=119104Kb used=1671Kb max_used=1671Kb free=117432Kb
 bounds [0x0000025a00000000, 0x0000025a00270000, 0x0000025a07450000]
CodeHeap 'non-nmethods': size=7488Kb used=1689Kb max_used=1714Kb free=5798Kb
 bounds [0x0000025a07450000, 0x0000025a076c0000, 0x0000025a07ba0000]
 total_blobs=1271 nmethods=862 adapters=321
 compilation: enabled
              stopped_count=0, restarted_count=0
 full_count=0

Compilation events (20 events):
Event: 0.625 Thread 0x0000025a79658740  850       3       jdk.internal.org.objectweb.asm.SymbolTable::addConstantUtf8Reference (101 bytes)
Event: 0.625 Thread 0x0000025a79658740 nmethod 850 0x0000025a0018eb10 code [0x0000025a0018ed20, 0x0000025a0018f318]
Event: 0.625 Thread 0x0000025a79658740  851       3       jdk.internal.org.objectweb.asm.SymbolTable::addConstantClass (8 bytes)
Event: 0.626 Thread 0x0000025a79658740 nmethod 851 0x0000025a0018f610 code [0x0000025a0018f7a0, 0x0000025a0018f8e8]
Event: 0.626 Thread 0x0000025a79658740  852       3       jdk.internal.org.objectweb.asm.Frame::push (109 bytes)
Event: 0.626 Thread 0x0000025a79658740 nmethod 852 0x0000025a0018f990 code [0x0000025a0018fb60, 0x0000025a001900e8]
Event: 0.626 Thread 0x0000025a79658740  853       1       java.lang.reflect.Method::getName (5 bytes)
Event: 0.626 Thread 0x0000025a79658740 nmethod 853 0x0000025a07bf6b90 code [0x0000025a07bf6d20, 0x0000025a07bf6df8]
Event: 0.627 Thread 0x0000025a79658740  854       1       jdk.internal.org.objectweb.asm.SymbolTable::getMajorVersion (5 bytes)
Event: 0.627 Thread 0x0000025a79658740 nmethod 854 0x0000025a07bf6e90 code [0x0000025a07bf7020, 0x0000025a07bf70f8]
Event: 0.628 Thread 0x0000025a79658740  855       3       jdk.internal.org.objectweb.asm.Frame::merge (317 bytes)
Event: 0.628 Thread 0x0000025a79658740 nmethod 855 0x0000025a00190290 code [0x0000025a001904c0, 0x0000025a00190e48]
Event: 0.628 Thread 0x0000025a79658740  856       3       java.lang.ref.SoftReference::get (29 bytes)
Event: 0.628 Thread 0x0000025a79658740 nmethod 856 0x0000025a00191090 code [0x0000025a00191220, 0x0000025a001913f8]
Event: 0.630 Thread 0x0000025a79435bf0 nmethod 849 0x0000025a00191490 code [0x0000025a001923c0, 0x0000025a00198e38]
Event: 0.631 Thread 0x0000025a79435bf0  857       3       sun.reflect.generics.parser.SignatureParser::current (59 bytes)
Event: 0.632 Thread 0x0000025a79658740  858       3       sun.reflect.generics.parser.SignatureParser::advance (53 bytes)
Event: 0.632 Thread 0x0000025a79658740 nmethod 858 0x0000025a0019aa10 code [0x0000025a0019abc0, 0x0000025a0019ae18]
Event: 0.632 Thread 0x0000025a79658740  859       3       java.lang.Character::isWhitespace (5 bytes)
Event: 0.632 Thread 0x0000025a79435bf0 nmethod 857 0x0000025a0019af10 code [0x0000025a0019b120, 0x0000025a0019b7f8]

GC Heap History (2 events):
Event: 0.499 GC heap before
{Heap before GC invocations=0 (full 0):
 garbage-first heap   total 65536K, used 23552K [0x00000000fc000000, 0x0000000100000000)
  region size 1024K, 23 young (23552K), 0 survivors (0K)
 Metaspace       used 1855K, committed 1984K, reserved 1114112K
  class space    used 158K, committed 192K, reserved 1048576K
}
Event: 0.504 GC heap after
{Heap after GC invocations=1 (full 0):
 garbage-first heap   total 65536K, used 4200K [0x00000000fc000000, 0x0000000100000000)
  region size 1024K, 3 young (3072K), 3 survivors (3072K)
 Metaspace       used 1855K, committed 1984K, reserved 1114112K
  class space    used 158K, committed 192K, reserved 1048576K
}

Deoptimization events (20 events):
Event: 0.507 Thread 0x0000025a6e2e1610 DEOPT PACKING pc=0x0000025a0007a0d6 sp=0x000000cd710fbd00
Event: 0.507 Thread 0x0000025a6e2e1610 DEOPT UNPACKING pc=0x0000025a074a2b43 sp=0x000000cd710fb1a0 mode 0
Event: 0.531 Thread 0x0000025a6e2e1610 Uncommon trap: trap_request=0xffffff45 fr.pc=0x0000025a07be0d10 relative=0x0000000000000950
Event: 0.531 Thread 0x0000025a6e2e1610 Uncommon trap: reason=unstable_if action=reinterpret pc=0x0000025a07be0d10 method=java.util.zip.ZipCoder$UTF8ZipCoder.checkedHash([BII)I @ 27 c2
Event: 0.531 Thread 0x0000025a6e2e1610 DEOPT PACKING pc=0x0000025a07be0d10 sp=0x000000cd710fbfe0
Event: 0.531 Thread 0x0000025a6e2e1610 DEOPT UNPACKING pc=0x0000025a074a23a3 sp=0x000000cd710fbf28 mode 2
Event: 0.531 Thread 0x0000025a6e2e1610 Uncommon trap: trap_request=0xffffff45 fr.pc=0x0000025a07baa5b4 relative=0x00000000000001b4
Event: 0.531 Thread 0x0000025a6e2e1610 Uncommon trap: reason=unstable_if action=reinterpret pc=0x0000025a07baa5b4 method=java.lang.String.hashCode()I @ 20 c2
Event: 0.531 Thread 0x0000025a6e2e1610 DEOPT PACKING pc=0x0000025a07baa5b4 sp=0x000000cd710fbe60
Event: 0.531 Thread 0x0000025a6e2e1610 DEOPT UNPACKING pc=0x0000025a074a23a3 sp=0x000000cd710fbdf0 mode 2
Event: 0.531 Thread 0x0000025a6e2e1610 Uncommon trap: trap_request=0xffffff45 fr.pc=0x0000025a07bdf118 relative=0x0000000000000178
Event: 0.531 Thread 0x0000025a6e2e1610 Uncommon trap: reason=unstable_if action=reinterpret pc=0x0000025a07bdf118 method=java.util.zip.ZipFile$Source.isMetaName([BII)Z @ 57 c2
Event: 0.531 Thread 0x0000025a6e2e1610 DEOPT PACKING pc=0x0000025a07bdf118 sp=0x000000cd710fc070
Event: 0.531 Thread 0x0000025a6e2e1610 DEOPT UNPACKING pc=0x0000025a074a23a3 sp=0x000000cd710fc000 mode 2
Event: 0.562 Thread 0x0000025a6e2e1610 DEOPT PACKING pc=0x0000025a00128f27 sp=0x000000cd710fc9f0
Event: 0.562 Thread 0x0000025a6e2e1610 DEOPT UNPACKING pc=0x0000025a074a2b43 sp=0x000000cd710fbe50 mode 0
Event: 0.626 Thread 0x0000025a6e2e1610 Uncommon trap: trap_request=0xffffff45 fr.pc=0x0000025a07bd67dc relative=0x000000000000005c
Event: 0.627 Thread 0x0000025a6e2e1610 Uncommon trap: reason=unstable_if action=reinterpret pc=0x0000025a07bd67dc method=java.util.LinkedHashMap.afterNodeInsertion(Z)V @ 1 c2
Event: 0.627 Thread 0x0000025a6e2e1610 DEOPT PACKING pc=0x0000025a07bd67dc sp=0x000000cd710fd440
Event: 0.627 Thread 0x0000025a6e2e1610 DEOPT UNPACKING pc=0x0000025a074a23a3 sp=0x000000cd710fd3c0 mode 2

Classes unloaded (0 events):
No events

Classes redefined (0 events):
No events

Internal exceptions (1 events):
Event: 0.157 Thread 0x0000025a6e2e1610 Exception <a 'java/lang/NoSuchMethodError'{0x00000000ffc63fd8}: 'int java.lang.invoke.DirectMethodHandle$Holder.invokeStaticInit(java.lang.Object, java.lang.Object)'> (0x00000000ffc63fd8) 
thrown [s\open\src\hotspot\share\interpreter\linkResolver.cpp, line 759]

VM Operations (4 events):
Event: 0.061 Executing VM operation: HandshakeAllThreads
Event: 0.061 Executing VM operation: HandshakeAllThreads done
Event: 0.499 Executing VM operation: G1CollectForAllocation
Event: 0.504 Executing VM operation: G1CollectForAllocation done

Events (20 events):
Event: 0.621 loading class sun/reflect/annotation/AnnotationType$1
Event: 0.621 loading class sun/reflect/annotation/AnnotationType$1 done
Event: 0.623 loading class sun/reflect/annotation/ExceptionProxy
Event: 0.623 loading class sun/reflect/annotation/ExceptionProxy done
Event: 0.623 loading class java/lang/annotation/Retention
Event: 0.623 loading class java/lang/annotation/Retention done
Event: 0.623 loading class java/lang/annotation/Inherited
Event: 0.623 loading class java/lang/annotation/Inherited done
Event: 0.623 loading class java/lang/annotation/RetentionPolicy
Event: 0.623 loading class java/lang/annotation/RetentionPolicy done
Event: 0.623 loading class sun/reflect/annotation/AnnotationTypeMismatchExceptionProxy
Event: 0.623 loading class sun/reflect/annotation/AnnotationTypeMismatchExceptionProxy done
Event: 0.623 loading class sun/reflect/annotation/AnnotationParser$1
Event: 0.623 loading class sun/reflect/annotation/AnnotationParser$1 done
Event: 0.623 loading class sun/reflect/annotation/AnnotationInvocationHandler
Event: 0.624 loading class sun/reflect/annotation/AnnotationInvocationHandler done
Event: 0.626 loading class java/lang/annotation/Target
Event: 0.626 loading class java/lang/annotation/Target done
Event: 0.631 loading class java/lang/reflect/InvocationTargetException
Event: 0.631 loading class java/lang/reflect/InvocationTargetException done


Dynamic libraries:
0x00007ff6c4390000 - 0x00007ff6c43a0000 	C:\Program Files\Java\jdk-17\bin\java.exe
0x00007ffbe62a0000 - 0x00007ffbe6508000 	C:\WINDOWS\SYSTEM32\ntdll.dll
0x00007ffbe4170000 - 0x00007ffbe4239000 	C:\WINDOWS\System32\KERNEL32.DLL
0x00007ffbe3750000 - 0x00007ffbe3b3d000 	C:\WINDOWS\System32\KERNELBASE.dll
0x00007ffbe3550000 - 0x00007ffbe369b000 	C:\WINDOWS\System32\ucrtbase.dll
0x00007ffbaead0000 - 0x00007ffbaeaeb000 	C:\Program Files\Java\jdk-17\bin\VCRUNTIME140.dll
0x00007ffbb0f70000 - 0x00007ffbb0f89000 	C:\Program Files\Java\jdk-17\bin\jli.dll
0x00007ffbe61a0000 - 0x00007ffbe6254000 	C:\WINDOWS\System32\ADVAPI32.dll
0x00007ffbe59f0000 - 0x00007ffbe5a99000 	C:\WINDOWS\System32\msvcrt.dll
0x00007ffbe5e90000 - 0x00007ffbe5f36000 	C:\WINDOWS\System32\sechost.dll
0x00007ffbe4040000 - 0x00007ffbe4158000 	C:\WINDOWS\System32\RPCRT4.dll
0x00007ffbe5fc0000 - 0x00007ffbe618c000 	C:\WINDOWS\System32\USER32.dll
0x00007ffbe3d50000 - 0x00007ffbe3d77000 	C:\WINDOWS\System32\win32u.dll
0x00007ffbd06e0000 - 0x00007ffbd097a000 	C:\WINDOWS\WinSxS\amd64_microsoft.windows.common-controls_6595b64144ccf1df_6.0.26100.4484_none_3e0e6d4ce32ef3b3\COMCTL32.dll
0x00007ffbe5bd0000 - 0x00007ffbe5bfb000 	C:\WINDOWS\System32\GDI32.dll
0x00007ffbe3f00000 - 0x00007ffbe4037000 	C:\WINDOWS\System32\gdi32full.dll
0x00007ffbe36a0000 - 0x00007ffbe3743000 	C:\WINDOWS\System32\msvcp_win.dll
0x00007ffbdb770000 - 0x00007ffbdb77b000 	C:\WINDOWS\SYSTEM32\VERSION.dll
0x00007ffbe5c10000 - 0x00007ffbe5c3f000 	C:\WINDOWS\System32\IMM32.DLL
0x00007ffbc4f50000 - 0x00007ffbc4f5c000 	C:\Program Files\Java\jdk-17\bin\vcruntime140_1.dll
0x00007ffb57710000 - 0x00007ffb5779e000 	C:\Program Files\Java\jdk-17\bin\msvcp140.dll
0x00007ffae0fe0000 - 0x00007ffae1bc0000 	C:\Program Files\Java\jdk-17\bin\server\jvm.dll
0x00007ffbe6190000 - 0x00007ffbe6198000 	C:\WINDOWS\System32\PSAPI.DLL
0x00007ffbaa3b0000 - 0x00007ffbaa3ba000 	C:\WINDOWS\SYSTEM32\WSOCK32.dll
0x00007ffbdb020000 - 0x00007ffbdb055000 	C:\WINDOWS\SYSTEM32\WINMM.dll
0x00007ffbe5e10000 - 0x00007ffbe5e84000 	C:\WINDOWS\System32\WS2_32.dll
0x00007ffbe21a0000 - 0x00007ffbe21bb000 	C:\WINDOWS\SYSTEM32\kernel.appcore.dll
0x00007ffbc4ed0000 - 0x00007ffbc4eda000 	C:\Program Files\Java\jdk-17\bin\jimage.dll
0x00007ffbd5da0000 - 0x00007ffbd5fe1000 	C:\WINDOWS\SYSTEM32\DBGHELP.DLL
0x00007ffbe4240000 - 0x00007ffbe45c6000 	C:\WINDOWS\System32\combase.dll
0x00007ffbe45d0000 - 0x00007ffbe46b0000 	C:\WINDOWS\System32\OLEAUT32.dll
0x00007ffbcc6f0000 - 0x00007ffbcc733000 	C:\WINDOWS\SYSTEM32\dbgcore.DLL
0x00007ffbe33f0000 - 0x00007ffbe3489000 	C:\WINDOWS\System32\bcryptPrimitives.dll
0x00007ffbaeaa0000 - 0x00007ffbaeac5000 	C:\Program Files\Java\jdk-17\bin\java.dll
0x00007ffb57630000 - 0x00007ffb57707000 	C:\Program Files\Java\jdk-17\bin\jsvml.dll
0x00007ffbe4fb0000 - 0x00007ffbe56fa000 	C:\WINDOWS\System32\SHELL32.dll
0x00007ffbe3b40000 - 0x00007ffbe3cb4000 	C:\WINDOWS\System32\wintypes.dll
0x00007ffbe1060000 - 0x00007ffbe18bb000 	C:\WINDOWS\SYSTEM32\windows.storage.dll
0x00007ffbe5aa0000 - 0x00007ffbe5b95000 	C:\WINDOWS\System32\SHCORE.dll
0x00007ffbe5ca0000 - 0x00007ffbe5d0a000 	C:\WINDOWS\System32\shlwapi.dll
0x00007ffbe3300000 - 0x00007ffbe332f000 	C:\WINDOWS\SYSTEM32\profapi.dll
0x00007ffba9450000 - 0x00007ffba9469000 	C:\Program Files\Java\jdk-17\bin\net.dll
0x00007ffbdcb10000 - 0x00007ffbdcc2e000 	C:\WINDOWS\SYSTEM32\WINHTTP.dll
0x00007ffbe2720000 - 0x00007ffbe278a000 	C:\WINDOWS\system32\mswsock.dll
0x00007ffba9430000 - 0x00007ffba9446000 	C:\Program Files\Java\jdk-17\bin\nio.dll
0x00007ffbaea20000 - 0x00007ffbaea38000 	C:\Program Files\Java\jdk-17\bin\zip.dll
0x00007ffbc36f0000 - 0x00007ffbc3700000 	C:\Program Files\Java\jdk-17\bin\verify.dll

dbghelp: loaded successfully - version: 4.0.5 - missing functions: none
symbol engine: initialized successfully - sym options: 0x614 - pdb path: .;C:\Program Files\Java\jdk-17\bin;C:\WINDOWS\SYSTEM32;C:\WINDOWS\WinSxS\amd64_microsoft.windows.common-controls_6595b64144ccf1df_6.0.26100.4484_none_3e0e6d4ce32ef3b3;C:\Program Files\Java\jdk-17\bin\server

VM Arguments:
jvm_args: -Xmx64m -Xms64m -Dorg.gradle.appname=gradlew 
java_command: org.gradle.wrapper.GradleWrapperMain -I C:\Users\User\AppData\Local\Temp\classpath6150914389825262829.gradle kotlinLSPProjectDeps --console=plain
java_class_path (initial): c:\Users\User\Conductor-Mobile-App\android\\gradle\wrapper\gradle-wrapper.jar
Launcher Type: SUN_STANDARD

[Global flags]
     intx CICompilerCount                          = 12                                        {product} {ergonomic}
     uint ConcGCThreads                            = 3                                         {product} {ergonomic}
     uint G1ConcRefinementThreads                  = 13                                        {product} {ergonomic}
   size_t G1HeapRegionSize                         = 1048576                                   {product} {ergonomic}
    uintx GCDrainStackTargetSize                   = 64                                        {product} {ergonomic}
   size_t InitialHeapSize                          = 67108864                                  {product} {command line}
   size_t MarkStackSize                            = 4194304                                   {product} {ergonomic}
   size_t MaxHeapSize                              = 67108864                                  {product} {command line}
   size_t MaxNewSize                               = 39845888                                  {product} {ergonomic}
   size_t MinHeapDeltaBytes                        = 1048576                                   {product} {ergonomic}
   size_t MinHeapSize                              = 67108864                                  {product} {command line}
    uintx NonNMethodCodeHeapSize                   = 7602480                                {pd product} {ergonomic}
    uintx NonProfiledCodeHeapSize                  = 122027880                              {pd product} {ergonomic}
    uintx ProfiledCodeHeapSize                     = 122027880                              {pd product} {ergonomic}
    uintx ReservedCodeCacheSize                    = 251658240                              {pd product} {ergonomic}
     bool SegmentedCodeCache                       = true                                      {product} {ergonomic}
   size_t SoftMaxHeapSize                          = 67108864                               {manageable} {ergonomic}
     bool UseCompressedClassPointers               = true                           {product lp64_product} {ergonomic}
     bool UseCompressedOops                        = true                           {product lp64_product} {ergonomic}
     bool UseG1GC                                  = true                                      {product} {ergonomic}
     bool UseLargePagesIndividualAllocation        = false                                  {pd product} {ergonomic}

Logging:
Log output configuration:
 #0: stdout all=warning uptime,level,tags
 #1: stderr all=off uptime,level,tags

Environment Variables:
CLASSPATH=c:\Users\User\Conductor-Mobile-App\android\\gradle\wrapper\gradle-wrapper.jar
PATH=C:\Python313\Scripts\;C:\Python313\;C:\Program Files\Common Files\Oracle\Java\javapath;C:\Users\User\AppData\Local\Programs\Python\Python312\Scripts\;C:\Users\User\AppData\Local\Programs\Python\Python312\;C:\Program Files\Python38\Scripts\;C:\Program Files\Python38\;C:\Program Files (x86)\Common Files\Oracle\Java\javapath;C:\Windows\system32;C:\Windows;C:\Windows\System32\Wbem;C:\Windows\System32\WindowsPowerShell\v1.0\;C:\Windows\System32\OpenSSH\;C:\Program Files (x86)\NVIDIA Corporation\PhysX\Common;C:\Program Files\NVIDIA Corporation\NVIDIA NvDLISR;C:\WINDOWS\system32;C:\WINDOWS;C:\WINDOWS\System32\Wbem;C:\WINDOWS\System32\WindowsPowerShell\v1.0\;C:\WINDOWS\System32\OpenSSH\;C:\ProgramData\chocolatey\bin;C:\Program Files\Docker\Docker\resources\bin;C:\Program Files\dotnet\;C:\Program Files\GitHub CLI\;C:\Program Files\Git\cmd;E:\xamp\php;C:\ProgramData\ComposerSetup\bin;C:\Program Files\nodejs\;C:\Program Files\Vagrant\bin;C:\ProgramData\chocolatey\lib\maven\apache-maven-3.9.9\bin;C:\Program Files\Amazon\AWSCLIV2\;E:\Dev\flutter\bin;C:\Users\User\AppData\Local\Pub\Cache\bin;C:\Users\User\Downloads\kotlin-compiler-2.1.21\kotlinc\bin;C:\Users\User\AppData\Local\Microsoft\WindowsApps;C:\Program Files\JetBrains\IntelliJ IDEA Community Edition 2022.2.2\bin;C:\MinGW\bin;C:\Program Files\JetBrains\PyCharm Community Edition 2022.2.2\bin;C:\Program Files\JetBrains\PyCharm Edu 2022.2.2\bin;C:\Program Files\JetBrains\IntelliJ IDEA Educational Edition 2022.2.2\bin;C:\msys64\ucrt64\bin.;C:\Users\User\AppData\Local\GitHubDesktop\bin;C:\Users\User\codeblocks\MinGW\bin;C:\Users\User\AppData\Local\Coursier\data\bin;E:\mongodb\;C:\Users\User\AppData\Local\Microsoft\WindowsApps;C:\Users\User\AppData\Local\Programs\Microsoft VS Code\bin;C:\Program Files\JetBrains\IntelliJ IDEA 2024.3.1\bin;;C:\Users\User\AppData\Roaming\Composer\vendor\bin;C:\Users\User\AppData\Roaming\npm;E:\Dev\flutter\bin;C:\Users\User\AppData\Local\Pub\Cache\bin;C:\Users\User\Downloads\kotlin-compiler-2.1.21\
USERNAME=User
OS=Windows_NT
PROCESSOR_IDENTIFIER=AMD64 Family 25 Model 68 Stepping 1, AuthenticAMD



---------------  S Y S T E M  ---------------

OS:
 Windows 11 , 64 bit Build 26100 (10.0.26100.4484)
OS uptime: 0 days 3:06 hours

CPU: total 16 (initial active 16) (16 cores per cpu, 2 threads per core) family 25 model 68 stepping 1 microcode 0xa404101, cx8, cmov, fxsr, ht, mmx, 3dnowpref, sse, sse2, sse3, ssse3, sse4a, sse4.1, sse4.2, popcnt, lzcnt, tsc, tscinvbit, avx, avx2, aes, clmul, bmi1, bmi2, adx, sha, fma, vzeroupper, clflush, clflushopt

Memory: 4k page, system-wide physical 15613M (618M free)
TotalPageFile size 31140M (AvailPageFile size 6M)
current process WorkingSet (physical memory assigned to process): 91M, peak: 91M
current process commit charge ("private bytes"): 177M, peak: 177M

vm_info: Java HotSpot(TM) 64-Bit Server VM (17.0.11+7-LTS-207) for windows-amd64 JRE (17.0.11+7-LTS-207), built on Mar 11 2024 19:01:50 by "mach5one" with MS VC++ 17.6 (VS2022)

END.
