#
# There is insufficient memory for the Java Runtime Environment to continue.
# Native memory allocation (malloc) failed to allocate 1088576 bytes for Chunk::new
# Possible reasons:
#   The system is out of physical RAM or swap space
#   The process is running with CompressedOops enabled, and the Java Heap may be blocking the growth of the native heap
# Possible solutions:
#   Reduce memory load on the system
#   Increase physical memory or swap space
#   Check if swap backing store is full
#   Decrease Java heap size (-Xmx/-Xms)
#   Decrease number of Java threads
#   Decrease Java thread stack sizes (-Xss)
#   Set larger code cache with -XX:ReservedCodeCacheSize=
#   JVM is running with Unscaled Compressed Oops mode in which the Java heap is
#     placed in the first 4GB address space. The Java Heap base address is the
#     maximum limit for the native heap growth. Please use -XX:HeapBaseMinAddress
#     to set the Java Heap base and to place the Java Heap above 4GB virtual address.
# This output file may be truncated or incomplete.
#
#  Out of Memory Error (arena.cpp:189), pid=32116, tid=10028
#
# JRE version: Java(TM) SE Runtime Environment (17.0.11+7) (build 17.0.11+7-LTS-207)
# Java VM: Java HotSpot(TM) 64-Bit Server VM (17.0.11+7-LTS-207, mixed mode, sharing, tiered, compressed oops, compressed class ptrs, g1 gc, windows-amd64)
# No core dump will be written. Minidumps are not enabled by default on client versions of Windows
#

---------------  S U M M A R Y ------------

Command Line: -XX:MaxMetaspaceSize=512m --add-opens=java.base/java.util=ALL-UNNAMED --add-opens=java.base/java.lang=ALL-UNNAMED --add-opens=java.base/java.lang.invoke=ALL-UNNAMED --add-opens=java.prefs/java.util.prefs=ALL-UNNAMED --add-exports=jdk.compiler/com.sun.tools.javac.api=ALL-UNNAMED --add-exports=jdk.compiler/com.sun.tools.javac.util=ALL-UNNAMED --add-opens=java.base/java.nio.charset=ALL-UNNAMED --add-opens=java.base/java.net=ALL-UNNAMED --add-opens=java.base/java.util.concurrent.atomic=ALL-UNNAMED -Xmx2048m -Dfile.encoding=windows-1252 -Duser.country=US -Duser.language=en -Duser.variant -javaagent:C:\Users\User\.gradle\wrapper\dists\gradle-8.10.2-all\7iv73wktx1xtkvlq19urqw1wm\gradle-8.10.2\lib\agents\gradle-instrumentation-agent-8.10.2.jar org.gradle.launcher.daemon.bootstrap.GradleDaemon 8.10.2

Host: AMD Ryzen 7 6800H with Radeon Graphics         , 16 cores, 15G,  Windows 11 , 64 bit Build 26100 (10.0.26100.4484)
Time: Sat Jun 28 11:16:03 2025 Sri Lanka Standard Time elapsed time: 15.676000 seconds (0d 0h 0m 15s)

---------------  T H R E A D  ---------------

Current thread (0x000001f3526cc050):  JavaThread "C2 CompilerThread0" daemon [_thread_in_native, id=10028, stack(0x00000097d8700000,0x00000097d8800000)]


Current CompileTask:
C2:  15676 8279       4       com.google.common.collect.ImmutableSet$RegularSetBuilderImpl::add (68 bytes)

Stack: [0x00000097d8700000,0x00000097d8800000]
Native frames: (J=compiled Java code, j=interpreted, Vv=VM code, C=native code)
V  [jvm.dll+0x679cca]
V  [jvm.dll+0x7da13d]
V  [jvm.dll+0x7dba83]
V  [jvm.dll+0x7dc0f3]
V  [jvm.dll+0x2449af]
V  [jvm.dll+0xab83b]
V  [jvm.dll+0xabe1c]
V  [jvm.dll+0x3615ae]
V  [jvm.dll+0x1b9fca]
V  [jvm.dll+0x216337]
V  [jvm.dll+0x21560f]
V  [jvm.dll+0x1a2040]
V  [jvm.dll+0x225a2b]
V  [jvm.dll+0x223bcb]
V  [jvm.dll+0x7903ec]
V  [jvm.dll+0x78a85a]
V  [jvm.dll+0x678bb5]
C  [ucrtbase.dll+0x37b0]
C  [KERNEL32.DLL+0x2e8d7]
C  [ntdll.dll+0x3c34c]


---------------  P R O C E S S  ---------------

Threads class SMR info:
_java_thread_list=0x000001f3759df3f0, length=95, elements={
0x000001f333967e80, 0x000001f3526c3550, 0x000001f352662260, 0x000001f352677140,
0x000001f352677a10, 0x000001f3526782e0, 0x000001f352678bb0, 0x000001f3526cc050,
0x000001f3526cc960, 0x000001f3526f1a90, 0x000001f3527a1890, 0x000001f35264d0d0,
0x000001f352807240, 0x000001f35292b1f0, 0x000001f3739d9510, 0x000001f373f861a0,
0x000001f37269cc80, 0x000001f37424b500, 0x000001f3730f3120, 0x000001f3743b64b0,
0x000001f3743b8310, 0x000001f3743b5a90, 0x000001f3743b69c0, 0x000001f3743b5070,
0x000001f3743b73e0, 0x000001f3743b78f0, 0x000001f3747a6c10, 0x000001f3747a7630,
0x000001f3747a7b40, 0x000001f3747a8560, 0x000001f3747a4db0, 0x000001f3747a8050,
0x000001f3747a57d0, 0x000001f3747a9490, 0x000001f3747a6700, 0x000001f3747a5ce0,
0x000001f3747a99a0, 0x000001f3747a61f0, 0x000001f3750dbc90, 0x000001f3750dc6b0,
0x000001f3750d9920, 0x000001f3750dc1a0, 0x000001f3750dcbc0, 0x000001f3750da850,
0x000001f3750dd5e0, 0x000001f3750dad60, 0x000001f3750ddaf0, 0x000001f3750da340,
0x000001f3750df950, 0x000001f3750e0880, 0x000001f3750e0d90, 0x000001f3750def30,
0x000001f3750e0370, 0x000001f3750dfe60, 0x000001f3750de000, 0x000001f3750de510,
0x000001f3750dea20, 0x000001f3750df440, 0x000001f3748fd790, 0x000001f3748fe6c0,
0x000001f3748febd0, 0x000001f3748fd280, 0x000001f3748fdca0, 0x000001f3748fc350,
0x000001f3748fcd70, 0x000001f3748fe1b0, 0x000001f37224ee60, 0x000001f3748ff0e0,
0x000001f3748fc860, 0x000001f3748ff5f0, 0x000001f3748fbe40, 0x000001f3749032b0,
0x000001f374900a30, 0x000001f374900010, 0x000001f374901960, 0x000001f374902890,
0x000001f374901e70, 0x000001f3748ffb00, 0x000001f374900520, 0x000001f374902da0,
0x000001f374900f40, 0x000001f374901450, 0x000001f374902380, 0x000001f3749037c0,
0x000001f377493fc0, 0x000001f377491c50, 0x000001f3774944d0, 0x000001f377492160,
0x000001f377492b80, 0x000001f377492670, 0x000001f377493090, 0x000001f3774935a0,
0x000001f377494ef0, 0x000001f3774986a0, 0x000001f372251390
}

Java Threads: ( => current thread )
  0x000001f333967e80 JavaThread "main" [_thread_blocked, id=33388, stack(0x00000097d7a00000,0x00000097d7b00000)]
  0x000001f3526c3550 JavaThread "Reference Handler" daemon [_thread_blocked, id=9992, stack(0x00000097d8100000,0x00000097d8200000)]
  0x000001f352662260 JavaThread "Finalizer" daemon [_thread_blocked, id=10856, stack(0x00000097d8200000,0x00000097d8300000)]
  0x000001f352677140 JavaThread "Signal Dispatcher" daemon [_thread_blocked, id=31776, stack(0x00000097d8300000,0x00000097d8400000)]
  0x000001f352677a10 JavaThread "Attach Listener" daemon [_thread_blocked, id=22056, stack(0x00000097d8400000,0x00000097d8500000)]
  0x000001f3526782e0 JavaThread "Service Thread" daemon [_thread_blocked, id=21144, stack(0x00000097d8500000,0x00000097d8600000)]
  0x000001f352678bb0 JavaThread "Monitor Deflation Thread" daemon [_thread_blocked, id=29840, stack(0x00000097d8600000,0x00000097d8700000)]
=>0x000001f3526cc050 JavaThread "C2 CompilerThread0" daemon [_thread_in_native, id=10028, stack(0x00000097d8700000,0x00000097d8800000)]
  0x000001f3526cc960 JavaThread "C1 CompilerThread0" daemon [_thread_blocked, id=5064, stack(0x00000097d8800000,0x00000097d8900000)]
  0x000001f3526f1a90 JavaThread "Sweeper thread" daemon [_thread_blocked, id=17504, stack(0x00000097d8900000,0x00000097d8a00000)]
  0x000001f3527a1890 JavaThread "Common-Cleaner" daemon [_thread_blocked, id=33472, stack(0x00000097d8a00000,0x00000097d8b00000)]
  0x000001f35264d0d0 JavaThread "C1 CompilerThread1" daemon [_thread_blocked, id=31448, stack(0x00000097d8b00000,0x00000097d8c00000)]
  0x000001f352807240 JavaThread "C1 CompilerThread2" daemon [_thread_blocked, id=22620, stack(0x00000097d8c00000,0x00000097d8d00000)]
  0x000001f35292b1f0 JavaThread "Notification Thread" daemon [_thread_blocked, id=21208, stack(0x00000097d8e00000,0x00000097d8f00000)]
  0x000001f3739d9510 JavaThread "Daemon health stats" [_thread_blocked, id=9976, stack(0x00000097d9300000,0x00000097d9400000)]
  0x000001f373f861a0 JavaThread "Incoming local TCP Connector on port 63799" [_thread_in_native, id=33816, stack(0x00000097d9100000,0x00000097d9200000)]
  0x000001f37269cc80 JavaThread "Daemon periodic checks" [_thread_blocked, id=33872, stack(0x00000097d9200000,0x00000097d9300000)]
  0x000001f37424b500 JavaThread "Daemon" [_thread_blocked, id=33984, stack(0x00000097d9900000,0x00000097d9a00000)]
  0x000001f3730f3120 JavaThread "Handler for socket connection from /127.0.0.1:63799 to /127.0.0.1:63800" [_thread_in_native, id=34020, stack(0x00000097d9a00000,0x00000097d9b00000)]
  0x000001f3743b64b0 JavaThread "Cancel handler" [_thread_blocked, id=34100, stack(0x00000097d9b00000,0x00000097d9c00000)]
  0x000001f3743b8310 JavaThread "Daemon worker" [_thread_blocked, id=34104, stack(0x00000097d9c00000,0x00000097d9d00000)]
  0x000001f3743b5a90 JavaThread "Asynchronous log dispatcher for DefaultDaemonConnection: socket connection from /127.0.0.1:63799 to /127.0.0.1:63800" [_thread_blocked, id=34108, stack(0x00000097d9d00000,0x00000097d9e00000)]
  0x000001f3743b69c0 JavaThread "Stdin handler" [_thread_blocked, id=34112, stack(0x00000097d9e00000,0x00000097d9f00000)]
  0x000001f3743b5070 JavaThread "Daemon client event forwarder" [_thread_blocked, id=34132, stack(0x00000097d9f00000,0x00000097da000000)]
  0x000001f3743b73e0 JavaThread "Cache worker for journal cache (C:\Users\User\.gradle\caches\journal-1)" [_thread_blocked, id=34068, stack(0x00000097d9000000,0x00000097d9100000)]
  0x000001f3743b78f0 JavaThread "File lock request listener" [_thread_in_native, id=34212, stack(0x00000097da000000,0x00000097da100000)]
  0x000001f3747a6c10 JavaThread "Cache worker for file hash cache (C:\Users\User\.gradle\caches\8.10.2\fileHashes)" [_thread_blocked, id=21184, stack(0x00000097da100000,0x00000097da200000)]
  0x000001f3747a7630 JavaThread "File lock release action executor" [_thread_blocked, id=2120, stack(0x00000097da300000,0x00000097da400000)]
  0x000001f3747a7b40 JavaThread "Cache worker for file hash cache (C:\Users\User\Conductor-Mobile-App\android\.gradle\8.10.2\fileHashes)" [_thread_blocked, id=8132, stack(0x00000097da400000,0x00000097da500000)]
  0x000001f3747a8560 JavaThread "Cache worker for Build Output Cleanup Cache (C:\Users\User\Conductor-Mobile-App\android\.gradle\buildOutputCleanup)" [_thread_blocked, id=23880, stack(0x00000097da500000,0x00000097da600000)]
  0x000001f3747a4db0 JavaThread "File watcher server" daemon [_thread_in_native, id=33348, stack(0x00000097db000000,0x00000097db100000)]
  0x000001f3747a8050 JavaThread "File watcher consumer" daemon [_thread_blocked, id=34564, stack(0x00000097da200000,0x00000097da300000)]
  0x000001f3747a57d0 JavaThread "Cache worker for checksums cache (C:\Users\User\Conductor-Mobile-App\android\.gradle\8.10.2\checksums)" [_thread_blocked, id=33892, stack(0x00000097db100000,0x00000097db200000)]
  0x000001f3747a9490 JavaThread "Cache worker for file content cache (C:\Users\User\.gradle\caches\8.10.2\fileContent)" [_thread_blocked, id=34216, stack(0x00000097db200000,0x00000097db300000)]
  0x000001f3747a6700 JavaThread "Cache worker for cache directory md-rule (C:\Users\User\.gradle\caches\8.10.2\md-rule)" [_thread_blocked, id=34340, stack(0x00000097db300000,0x00000097db400000)]
  0x000001f3747a5ce0 JavaThread "Cache worker for cache directory md-supplier (C:\Users\User\.gradle\caches\8.10.2\md-supplier)" [_thread_blocked, id=34184, stack(0x00000097db400000,0x00000097db500000)]
  0x000001f3747a99a0 JavaThread "jar transforms" [_thread_blocked, id=33032, stack(0x00000097d8d00000,0x00000097d8e00000)]
  0x000001f3747a61f0 JavaThread "jar transforms Thread 2" [_thread_blocked, id=33652, stack(0x00000097d9800000,0x00000097d9900000)]
  0x000001f3750dbc90 JavaThread "jar transforms Thread 3" [_thread_blocked, id=14932, stack(0x00000097db600000,0x00000097db700000)]
  0x000001f3750dc6b0 JavaThread "Cache worker for Build Output Cleanup Cache (C:\Users\User\Conductor-Mobile-App\node_modules\@react-native\gradle-plugin\.gradle\buildOutputCleanup)" [_thread_blocked, id=34044, stack(0x00000097db800000,0x00000097db900000)]
  0x000001f3750d9920 JavaThread "Unconstrained build operations" [_thread_blocked, id=33880, stack(0x00000097db900000,0x00000097dba00000)]
  0x000001f3750dc1a0 JavaThread "Unconstrained build operations Thread 2" [_thread_blocked, id=33856, stack(0x00000097dbb00000,0x00000097dbc00000)]
  0x000001f3750dcbc0 JavaThread "Unconstrained build operations Thread 3" [_thread_blocked, id=4672, stack(0x00000097db700000,0x00000097db800000)]
  0x000001f3750da850 JavaThread "Unconstrained build operations Thread 4" [_thread_blocked, id=30512, stack(0x00000097dbc00000,0x00000097dbd00000)]
  0x000001f3750dd5e0 JavaThread "Unconstrained build operations Thread 5" [_thread_blocked, id=3036, stack(0x00000097dbd00000,0x00000097dbe00000)]
  0x000001f3750dad60 JavaThread "Unconstrained build operations Thread 6" [_thread_blocked, id=23236, stack(0x00000097dbe00000,0x00000097dbf00000)]
  0x000001f3750ddaf0 JavaThread "Unconstrained build operations Thread 7" [_thread_blocked, id=24988, stack(0x00000097dbf00000,0x00000097dc000000)]
  0x000001f3750da340 JavaThread "Unconstrained build operations Thread 8" [_thread_blocked, id=34668, stack(0x00000097dc000000,0x00000097dc100000)]
  0x000001f3750df950 JavaThread "Unconstrained build operations Thread 9" [_thread_blocked, id=7300, stack(0x00000097dc100000,0x00000097dc200000)]
  0x000001f3750e0880 JavaThread "Unconstrained build operations Thread 10" [_thread_blocked, id=25664, stack(0x00000097dc200000,0x00000097dc300000)]
  0x000001f3750e0d90 JavaThread "Unconstrained build operations Thread 11" [_thread_blocked, id=6488, stack(0x00000097dc300000,0x00000097dc400000)]
  0x000001f3750def30 JavaThread "Unconstrained build operations Thread 12" [_thread_blocked, id=34548, stack(0x00000097dc400000,0x00000097dc500000)]
  0x000001f3750e0370 JavaThread "Unconstrained build operations Thread 13" [_thread_blocked, id=22924, stack(0x00000097dc500000,0x00000097dc600000)]
  0x000001f3750dfe60 JavaThread "Unconstrained build operations Thread 14" [_thread_blocked, id=2512, stack(0x00000097dc600000,0x00000097dc700000)]
  0x000001f3750de000 JavaThread "Unconstrained build operations Thread 15" [_thread_blocked, id=34544, stack(0x00000097dc700000,0x00000097dc800000)]
  0x000001f3750de510 JavaThread "Unconstrained build operations Thread 16" [_thread_blocked, id=33644, stack(0x00000097dc800000,0x00000097dc900000)]
  0x000001f3750dea20 JavaThread "Unconstrained build operations Thread 17" [_thread_blocked, id=32720, stack(0x00000097dc900000,0x00000097dca00000)]
  0x000001f3750df440 JavaThread "Unconstrained build operations Thread 18" [_thread_blocked, id=34468, stack(0x00000097dca00000,0x00000097dcb00000)]
  0x000001f3748fd790 JavaThread "Unconstrained build operations Thread 19" [_thread_blocked, id=32908, stack(0x00000097dcb00000,0x00000097dcc00000)]
  0x000001f3748fe6c0 JavaThread "Unconstrained build operations Thread 20" [_thread_blocked, id=34628, stack(0x00000097dcc00000,0x00000097dcd00000)]
  0x000001f3748febd0 JavaThread "Unconstrained build operations Thread 21" [_thread_blocked, id=31348, stack(0x00000097dcd00000,0x00000097dce00000)]
  0x000001f3748fd280 JavaThread "Unconstrained build operations Thread 22" [_thread_blocked, id=20508, stack(0x00000097dce00000,0x00000097dcf00000)]
  0x000001f3748fdca0 JavaThread "Unconstrained build operations Thread 23" [_thread_blocked, id=14944, stack(0x00000097dcf00000,0x00000097dd000000)]
  0x000001f3748fc350 JavaThread "Unconstrained build operations Thread 24" [_thread_blocked, id=34480, stack(0x00000097dd000000,0x00000097dd100000)]
  0x000001f3748fcd70 JavaThread "Unconstrained build operations Thread 25" [_thread_blocked, id=24916, stack(0x00000097dd100000,0x00000097dd200000)]
  0x000001f3748fe1b0 JavaThread "Unconstrained build operations Thread 26" [_thread_blocked, id=33416, stack(0x00000097dd200000,0x00000097dd300000)]
  0x000001f37224ee60 JavaThread "C1 CompilerThread3" daemon [_thread_blocked, id=9444, stack(0x00000097dd300000,0x00000097dd400000)]
  0x000001f3748ff0e0 JavaThread "Unconstrained build operations Thread 27" [_thread_blocked, id=34656, stack(0x00000097dd400000,0x00000097dd500000)]
  0x000001f3748fc860 JavaThread "Unconstrained build operations Thread 28" [_thread_blocked, id=34604, stack(0x00000097dd500000,0x00000097dd600000)]
  0x000001f3748ff5f0 JavaThread "Unconstrained build operations Thread 29" [_thread_blocked, id=20268, stack(0x00000097dd600000,0x00000097dd700000)]
  0x000001f3748fbe40 JavaThread "Unconstrained build operations Thread 30" [_thread_blocked, id=6204, stack(0x00000097dd700000,0x00000097dd800000)]
  0x000001f3749032b0 JavaThread "Unconstrained build operations Thread 31" [_thread_blocked, id=34644, stack(0x00000097dd800000,0x00000097dd900000)]
  0x000001f374900a30 JavaThread "Unconstrained build operations Thread 32" [_thread_blocked, id=34652, stack(0x00000097dd900000,0x00000097dda00000)]
  0x000001f374900010 JavaThread "Unconstrained build operations Thread 33" [_thread_blocked, id=8244, stack(0x00000097dda00000,0x00000097ddb00000)]
  0x000001f374901960 JavaThread "Unconstrained build operations Thread 34" [_thread_blocked, id=34592, stack(0x00000097ddb00000,0x00000097ddc00000)]
  0x000001f374902890 JavaThread "Unconstrained build operations Thread 35" [_thread_blocked, id=34792, stack(0x00000097ddc00000,0x00000097ddd00000)]
  0x000001f374901e70 JavaThread "Unconstrained build operations Thread 36" [_thread_blocked, id=10872, stack(0x00000097ddd00000,0x00000097dde00000)]
  0x000001f3748ffb00 JavaThread "Unconstrained build operations Thread 37" [_thread_blocked, id=34584, stack(0x00000097dde00000,0x00000097ddf00000)]
  0x000001f374900520 JavaThread "Unconstrained build operations Thread 38" [_thread_blocked, id=14692, stack(0x00000097ddf00000,0x00000097de000000)]
  0x000001f374902da0 JavaThread "Unconstrained build operations Thread 39" [_thread_blocked, id=33392, stack(0x00000097de000000,0x00000097de100000)]
  0x000001f374900f40 JavaThread "Unconstrained build operations Thread 40" [_thread_blocked, id=21536, stack(0x00000097de100000,0x00000097de200000)]
  0x000001f374901450 JavaThread "Unconstrained build operations Thread 41" [_thread_blocked, id=30796, stack(0x00000097de200000,0x00000097de300000)]
  0x000001f374902380 JavaThread "Unconstrained build operations Thread 42" [_thread_blocked, id=32528, stack(0x00000097de300000,0x00000097de400000)]
  0x000001f3749037c0 JavaThread "Unconstrained build operations Thread 43" [_thread_blocked, id=15660, stack(0x00000097de400000,0x00000097de500000)]
  0x000001f377493fc0 JavaThread "Unconstrained build operations Thread 44" [_thread_blocked, id=32280, stack(0x00000097de500000,0x00000097de600000)]
  0x000001f377491c50 JavaThread "Unconstrained build operations Thread 45" [_thread_blocked, id=29784, stack(0x00000097de600000,0x00000097de700000)]
  0x000001f3774944d0 JavaThread "Unconstrained build operations Thread 46" [_thread_blocked, id=30040, stack(0x00000097de700000,0x00000097de800000)]
  0x000001f377492160 JavaThread "Unconstrained build operations Thread 47" [_thread_blocked, id=33688, stack(0x00000097de800000,0x00000097de900000)]
  0x000001f377492b80 JavaThread "Unconstrained build operations Thread 48" [_thread_blocked, id=3192, stack(0x00000097de900000,0x00000097dea00000)]
  0x000001f377492670 JavaThread "Unconstrained build operations Thread 49" [_thread_blocked, id=28392, stack(0x00000097dea00000,0x00000097deb00000)]
  0x000001f377493090 JavaThread "Unconstrained build operations Thread 50" [_thread_blocked, id=31284, stack(0x00000097deb00000,0x00000097dec00000)]
  0x000001f3774935a0 JavaThread "Unconstrained build operations Thread 51" [_thread_blocked, id=29036, stack(0x00000097dec00000,0x00000097ded00000)]
  0x000001f377494ef0 JavaThread "build event listener" [_thread_blocked, id=34796, stack(0x00000097dee00000,0x00000097def00000)]
  0x000001f3774986a0 JavaThread "Memory manager" [_thread_blocked, id=32960, stack(0x00000097dba00000,0x00000097dbb00000)]
  0x000001f372251390 JavaThread "C2 CompilerThread1" daemon [_thread_blocked, id=12760, stack(0x00000097db500000,0x00000097db600000)]

Other Threads:
  0x000001f3526c2010 VMThread "VM Thread" [stack: 0x00000097d8000000,0x00000097d8100000] [id=22416]
  0x000001f35290fe10 WatcherThread [stack: 0x00000097d8f00000,0x00000097d9000000] [id=6024]
  0x000001f3339c7ff0 GCTaskThread "GC Thread#0" [stack: 0x00000097d7b00000,0x00000097d7c00000] [id=15068]
  0x000001f3729c2d00 GCTaskThread "GC Thread#1" [stack: 0x00000097d9400000,0x00000097d9500000] [id=22720]
  0x000001f372359b60 GCTaskThread "GC Thread#2" [stack: 0x00000097d9500000,0x00000097d9600000] [id=3596]
  0x000001f372656700 GCTaskThread "GC Thread#3" [stack: 0x00000097d9600000,0x00000097d9700000] [id=31468]
  0x000001f3726569c0 GCTaskThread "GC Thread#4" [stack: 0x00000097d9700000,0x00000097d9800000] [id=32652]
  0x000001f3750fac90 GCTaskThread "GC Thread#5" [stack: 0x00000097da600000,0x00000097da700000] [id=2928]
  0x000001f374864ff0 GCTaskThread "GC Thread#6" [stack: 0x00000097da700000,0x00000097da800000] [id=31700]
  0x000001f374ee27f0 GCTaskThread "GC Thread#7" [stack: 0x00000097da800000,0x00000097da900000] [id=31172]
  0x000001f374fd2820 GCTaskThread "GC Thread#8" [stack: 0x00000097da900000,0x00000097daa00000] [id=24432]
  0x000001f37545b2a0 GCTaskThread "GC Thread#9" [stack: 0x00000097daa00000,0x00000097dab00000] [id=27560]
  0x000001f37530f360 GCTaskThread "GC Thread#10" [stack: 0x00000097dab00000,0x00000097dac00000] [id=17636]
  0x000001f3752c60e0 GCTaskThread "GC Thread#11" [stack: 0x00000097dac00000,0x00000097dad00000] [id=13316]
  0x000001f3752c5b60 GCTaskThread "GC Thread#12" [stack: 0x00000097dad00000,0x00000097dae00000] [id=14664]
  0x000001f3339d8fb0 ConcurrentGCThread "G1 Main Marker" [stack: 0x00000097d7c00000,0x00000097d7d00000] [id=7140]
  0x000001f3339db2f0 ConcurrentGCThread "G1 Conc#0" [stack: 0x00000097d7d00000,0x00000097d7e00000] [id=29116]
  0x000001f3752c5060 ConcurrentGCThread "G1 Conc#1" [stack: 0x00000097dae00000,0x00000097daf00000] [id=20200]
  0x000001f3752c63a0 ConcurrentGCThread "G1 Conc#2" [stack: 0x00000097daf00000,0x00000097db000000] [id=15792]
  0x000001f333a2ec30 ConcurrentGCThread "G1 Refine#0" [stack: 0x00000097d7e00000,0x00000097d7f00000] [id=32780]
  0x000001f35251ba00 ConcurrentGCThread "G1 Service" [stack: 0x00000097d7f00000,0x00000097d8000000] [id=31144]

Threads with active compile tasks:
C2 CompilerThread0    15712 8279       4       com.google.common.collect.ImmutableSet$RegularSetBuilderImpl::add (68 bytes)

VM state: not at safepoint (normal execution)

VM Mutex/Monitor currently owned by a thread: None

Heap address: 0x0000000080000000, size: 2048 MB, Compressed Oops mode: 32-bit

CDS archive(s) mapped at: [0x000001f353000000-0x000001f353bd0000-0x000001f353bd0000), size 12386304, SharedBaseAddress: 0x000001f353000000, ArchiveRelocationMode: 1.
Compressed class space mapped at: 0x000001f354000000-0x000001f36e000000, reserved size: 436207616
Narrow klass base: 0x000001f353000000, Narrow klass shift: 0, Narrow klass range: 0x100000000

GC Precious Log:
 CPUs: 16 total, 16 available
 Memory: 15613M
 Large Page Support: Disabled
 NUMA Support: Disabled
 Compressed Oops: Enabled (32-bit)
 Heap Region Size: 1M
 Heap Min Capacity: 8M
 Heap Initial Capacity: 244M
 Heap Max Capacity: 2G
 Pre-touch: Disabled
 Parallel Workers: 13
 Concurrent Workers: 3
 Concurrent Refinement Workers: 13
 Periodic GC: Disabled

Heap:
 garbage-first heap   total 99328K, used 76374K [0x0000000080000000, 0x0000000100000000)
  region size 1024K, 18 young (18432K), 1 survivors (1024K)
 Metaspace       used 64444K, committed 65152K, reserved 491520K
  class space    used 9116K, committed 9472K, reserved 425984K

Heap Regions: E=young(eden), S=young(survivor), O=old, HS=humongous(starts), HC=humongous(continues), CS=collection set, F=free, OA=open archive, CA=closed archive, TAMS=top-at-mark-start (previous, next)
|   0|0x0000000080000000, 0x0000000080100000, 0x0000000080100000|100%| O|  |TAMS 0x0000000080100000, 0x0000000080000000| Untracked 
|   1|0x0000000080100000, 0x0000000080200000, 0x0000000080200000|100%| O|  |TAMS 0x0000000080200000, 0x0000000080100000| Untracked 
|   2|0x0000000080200000, 0x0000000080300000, 0x0000000080300000|100%|HS|  |TAMS 0x0000000080300000, 0x0000000080200000| Complete 
|   3|0x0000000080300000, 0x0000000080400000, 0x0000000080400000|100%|HC|  |TAMS 0x0000000080400000, 0x0000000080300000| Complete 
|   4|0x0000000080400000, 0x0000000080500000, 0x0000000080500000|100%|HC|  |TAMS 0x0000000080500000, 0x0000000080400000| Complete 
|   5|0x0000000080500000, 0x0000000080600000, 0x0000000080600000|100%|HC|  |TAMS 0x0000000080600000, 0x0000000080500000| Complete 
|   6|0x0000000080600000, 0x0000000080700000, 0x0000000080700000|100%| O|  |TAMS 0x0000000080700000, 0x0000000080600000| Untracked 
|   7|0x0000000080700000, 0x0000000080800000, 0x0000000080800000|100%| O|  |TAMS 0x0000000080800000, 0x0000000080700000| Untracked 
|   8|0x0000000080800000, 0x0000000080900000, 0x0000000080900000|100%| O|  |TAMS 0x0000000080900000, 0x0000000080800000| Untracked 
|   9|0x0000000080900000, 0x0000000080a00000, 0x0000000080a00000|100%|HS|  |TAMS 0x0000000080a00000, 0x0000000080900000| Complete 
|  10|0x0000000080a00000, 0x0000000080b00000, 0x0000000080b00000|100%| O|  |TAMS 0x0000000080b00000, 0x0000000080a00000| Untracked 
|  11|0x0000000080b00000, 0x0000000080c00000, 0x0000000080c00000|100%| O|  |TAMS 0x0000000080b67000, 0x0000000080b00000| Untracked 
|  12|0x0000000080c00000, 0x0000000080d00000, 0x0000000080d00000|100%| O|  |TAMS 0x0000000080d00000, 0x0000000080c00000| Untracked 
|  13|0x0000000080d00000, 0x0000000080e00000, 0x0000000080e00000|100%| O|  |TAMS 0x0000000080e00000, 0x0000000080d00000| Untracked 
|  14|0x0000000080e00000, 0x0000000080f00000, 0x0000000080f00000|100%| O|  |TAMS 0x0000000080f00000, 0x0000000080e00000| Untracked 
|  15|0x0000000080f00000, 0x0000000081000000, 0x0000000081000000|100%| O|  |TAMS 0x0000000081000000, 0x0000000080f00000| Untracked 
|  16|0x0000000081000000, 0x0000000081100000, 0x0000000081100000|100%| O|  |TAMS 0x0000000081100000, 0x0000000081000000| Untracked 
|  17|0x0000000081100000, 0x0000000081200000, 0x0000000081200000|100%| O|  |TAMS 0x0000000081200000, 0x0000000081100000| Untracked 
|  18|0x0000000081200000, 0x0000000081300000, 0x0000000081300000|100%| O|  |TAMS 0x0000000081300000, 0x0000000081200000| Untracked 
|  19|0x0000000081300000, 0x0000000081400000, 0x0000000081400000|100%| O|  |TAMS 0x0000000081400000, 0x0000000081300000| Untracked 
|  20|0x0000000081400000, 0x0000000081500000, 0x0000000081500000|100%| O|  |TAMS 0x0000000081500000, 0x0000000081400000| Untracked 
|  21|0x0000000081500000, 0x0000000081600000, 0x0000000081600000|100%| O|  |TAMS 0x0000000081600000, 0x0000000081500000| Untracked 
|  22|0x0000000081600000, 0x0000000081700000, 0x0000000081700000|100%| O|  |TAMS 0x0000000081700000, 0x0000000081600000| Untracked 
|  23|0x0000000081700000, 0x0000000081800000, 0x0000000081800000|100%| O|  |TAMS 0x0000000081800000, 0x0000000081700000| Untracked 
|  24|0x0000000081800000, 0x0000000081900000, 0x0000000081900000|100%| O|  |TAMS 0x0000000081900000, 0x0000000081800000| Untracked 
|  25|0x0000000081900000, 0x0000000081a00000, 0x0000000081a00000|100%| O|  |TAMS 0x0000000081a00000, 0x0000000081900000| Untracked 
|  26|0x0000000081a00000, 0x0000000081b00000, 0x0000000081b00000|100%| O|  |TAMS 0x0000000081b00000, 0x0000000081a00000| Untracked 
|  27|0x0000000081b00000, 0x0000000081c00000, 0x0000000081c00000|100%| O|  |TAMS 0x0000000081c00000, 0x0000000081b00000| Untracked 
|  28|0x0000000081c00000, 0x0000000081d00000, 0x0000000081d00000|100%| O|  |TAMS 0x0000000081d00000, 0x0000000081c00000| Untracked 
|  29|0x0000000081d00000, 0x0000000081e00000, 0x0000000081e00000|100%| O|  |TAMS 0x0000000081e00000, 0x0000000081d00000| Untracked 
|  30|0x0000000081e00000, 0x0000000081f00000, 0x0000000081f00000|100%| O|  |TAMS 0x0000000081f00000, 0x0000000081e00000| Untracked 
|  31|0x0000000081f00000, 0x0000000082000000, 0x0000000082000000|100%| O|  |TAMS 0x0000000082000000, 0x0000000081f00000| Untracked 
|  32|0x0000000082000000, 0x0000000082100000, 0x0000000082100000|100%| O|  |TAMS 0x0000000082100000, 0x0000000082000000| Untracked 
|  33|0x0000000082100000, 0x0000000082200000, 0x0000000082200000|100%| O|  |TAMS 0x0000000082200000, 0x0000000082100000| Untracked 
|  34|0x0000000082200000, 0x0000000082200000, 0x0000000082300000|  0%| F|  |TAMS 0x0000000082200000, 0x0000000082200000| Untracked 
|  35|0x0000000082300000, 0x0000000082400000, 0x0000000082400000|100%| O|  |TAMS 0x0000000082400000, 0x0000000082300000| Untracked 
|  36|0x0000000082400000, 0x0000000082500000, 0x0000000082500000|100%| O|  |TAMS 0x0000000082500000, 0x0000000082400000| Untracked 
|  37|0x0000000082500000, 0x0000000082600000, 0x0000000082600000|100%| O|  |TAMS 0x0000000082600000, 0x0000000082500000| Untracked 
|  38|0x0000000082600000, 0x0000000082700000, 0x0000000082700000|100%| O|  |TAMS 0x0000000082700000, 0x0000000082600000| Untracked 
|  39|0x0000000082700000, 0x0000000082800000, 0x0000000082800000|100%| O|  |TAMS 0x0000000082700000, 0x0000000082700000| Untracked 
|  40|0x0000000082800000, 0x0000000082900000, 0x0000000082900000|100%| O|  |TAMS 0x0000000082900000, 0x0000000082800000| Untracked 
|  41|0x0000000082900000, 0x0000000082a00000, 0x0000000082a00000|100%| O|  |TAMS 0x0000000082a00000, 0x0000000082900000| Untracked 
|  42|0x0000000082a00000, 0x0000000082b00000, 0x0000000082b00000|100%| O|  |TAMS 0x0000000082b00000, 0x0000000082a00000| Untracked 
|  43|0x0000000082b00000, 0x0000000082c00000, 0x0000000082c00000|100%| O|  |TAMS 0x0000000082c00000, 0x0000000082b00000| Untracked 
|  44|0x0000000082c00000, 0x0000000082d00000, 0x0000000082d00000|100%| O|  |TAMS 0x0000000082d00000, 0x0000000082c00000| Untracked 
|  45|0x0000000082d00000, 0x0000000082e00000, 0x0000000082e00000|100%|HS|  |TAMS 0x0000000082e00000, 0x0000000082d00000| Complete 
|  46|0x0000000082e00000, 0x0000000082f00000, 0x0000000082f00000|100%|HC|  |TAMS 0x0000000082f00000, 0x0000000082e00000| Complete 
|  47|0x0000000082f00000, 0x0000000083000000, 0x0000000083000000|100%|HS|  |TAMS 0x0000000083000000, 0x0000000082f00000| Complete 
|  48|0x0000000083000000, 0x0000000083100000, 0x0000000083100000|100%|HC|  |TAMS 0x0000000083100000, 0x0000000083000000| Complete 
|  49|0x0000000083100000, 0x0000000083200000, 0x0000000083200000|100%|HC|  |TAMS 0x0000000083200000, 0x0000000083100000| Complete 
|  50|0x0000000083200000, 0x0000000083300000, 0x0000000083300000|100%|HS|  |TAMS 0x0000000083300000, 0x0000000083200000| Complete 
|  51|0x0000000083300000, 0x0000000083400000, 0x0000000083400000|100%|HC|  |TAMS 0x0000000083400000, 0x0000000083300000| Complete 
|  52|0x0000000083400000, 0x0000000083500000, 0x0000000083500000|100%| O|  |TAMS 0x0000000083500000, 0x0000000083400000| Untracked 
|  53|0x0000000083500000, 0x0000000083600000, 0x0000000083600000|100%| O|  |TAMS 0x0000000083600000, 0x0000000083500000| Untracked 
|  54|0x0000000083600000, 0x0000000083700000, 0x0000000083700000|100%| O|  |TAMS 0x0000000083700000, 0x0000000083600000| Untracked 
|  55|0x0000000083700000, 0x0000000083800000, 0x0000000083800000|100%| O|  |TAMS 0x0000000083800000, 0x0000000083700000| Untracked 
|  56|0x0000000083800000, 0x0000000083900000, 0x0000000083900000|100%|HS|  |TAMS 0x0000000083800000, 0x0000000083800000| Complete 
|  57|0x0000000083900000, 0x0000000083a00000, 0x0000000083a00000|100%|HC|  |TAMS 0x0000000083900000, 0x0000000083900000| Complete 
|  58|0x0000000083a00000, 0x0000000083b00000, 0x0000000083b00000|100%|HC|  |TAMS 0x0000000083a00000, 0x0000000083a00000| Complete 
|  59|0x0000000083b00000, 0x0000000083c00000, 0x0000000083c00000|100%| O|  |TAMS 0x0000000083b00000, 0x0000000083b00000| Untracked 
|  60|0x0000000083c00000, 0x0000000083c3ac00, 0x0000000083d00000| 22%| O|  |TAMS 0x0000000083c00000, 0x0000000083c00000| Untracked 
|  61|0x0000000083d00000, 0x0000000083d00000, 0x0000000083e00000|  0%| F|  |TAMS 0x0000000083d00000, 0x0000000083d00000| Untracked 
|  62|0x0000000083e00000, 0x0000000083e00000, 0x0000000083f00000|  0%| F|  |TAMS 0x0000000083e00000, 0x0000000083e00000| Untracked 
|  63|0x0000000083f00000, 0x0000000083f00000, 0x0000000084000000|  0%| F|  |TAMS 0x0000000083f00000, 0x0000000083f00000| Untracked 
|  64|0x0000000084000000, 0x0000000084000000, 0x0000000084100000|  0%| F|  |TAMS 0x0000000084000000, 0x0000000084000000| Untracked 
|  65|0x0000000084100000, 0x0000000084100000, 0x0000000084200000|  0%| F|  |TAMS 0x0000000084100000, 0x0000000084100000| Untracked 
|  66|0x0000000084200000, 0x0000000084200000, 0x0000000084300000|  0%| F|  |TAMS 0x0000000084200000, 0x0000000084200000| Untracked 
|  67|0x0000000084300000, 0x0000000084300000, 0x0000000084400000|  0%| F|  |TAMS 0x0000000084300000, 0x0000000084300000| Untracked 
|  68|0x0000000084400000, 0x0000000084400000, 0x0000000084500000|  0%| F|  |TAMS 0x0000000084400000, 0x0000000084400000| Untracked 
|  69|0x0000000084500000, 0x0000000084500000, 0x0000000084600000|  0%| F|  |TAMS 0x0000000084500000, 0x0000000084500000| Untracked 
|  70|0x0000000084600000, 0x0000000084600000, 0x0000000084700000|  0%| F|  |TAMS 0x0000000084600000, 0x0000000084600000| Untracked 
|  71|0x0000000084700000, 0x0000000084700000, 0x0000000084800000|  0%| F|  |TAMS 0x0000000084700000, 0x0000000084700000| Untracked 
|  72|0x0000000084800000, 0x0000000084800000, 0x0000000084900000|  0%| F|  |TAMS 0x0000000084800000, 0x0000000084800000| Untracked 
|  73|0x0000000084900000, 0x0000000084900000, 0x0000000084a00000|  0%| F|  |TAMS 0x0000000084900000, 0x0000000084900000| Untracked 
|  74|0x0000000084a00000, 0x0000000084a00000, 0x0000000084b00000|  0%| F|  |TAMS 0x0000000084a00000, 0x0000000084a00000| Untracked 
|  75|0x0000000084b00000, 0x0000000084b00000, 0x0000000084c00000|  0%| F|  |TAMS 0x0000000084b00000, 0x0000000084b00000| Untracked 
|  76|0x0000000084c00000, 0x0000000084c00000, 0x0000000084d00000|  0%| F|  |TAMS 0x0000000084c00000, 0x0000000084c00000| Untracked 
|  77|0x0000000084d00000, 0x0000000084d00000, 0x0000000084e00000|  0%| F|  |TAMS 0x0000000084d00000, 0x0000000084d00000| Untracked 
|  78|0x0000000084e00000, 0x0000000084e00000, 0x0000000084f00000|  0%| F|  |TAMS 0x0000000084e00000, 0x0000000084e00000| Untracked 
|  79|0x0000000084f00000, 0x0000000084f456e8, 0x0000000085000000| 27%| E|  |TAMS 0x0000000084f00000, 0x0000000084f00000| Complete 
|  80|0x0000000085000000, 0x0000000085100000, 0x0000000085100000|100%| E|CS|TAMS 0x0000000085000000, 0x0000000085000000| Complete 
| 118|0x0000000087600000, 0x0000000087700000, 0x0000000087700000|100%| E|  |TAMS 0x0000000087600000, 0x0000000087600000| Complete 
| 119|0x0000000087700000, 0x0000000087800000, 0x0000000087800000|100%| E|CS|TAMS 0x0000000087700000, 0x0000000087700000| Complete 
| 120|0x0000000087800000, 0x0000000087900000, 0x0000000087900000|100%| E|CS|TAMS 0x0000000087800000, 0x0000000087800000| Complete 
| 121|0x0000000087900000, 0x0000000087a00000, 0x0000000087a00000|100%| E|CS|TAMS 0x0000000087900000, 0x0000000087900000| Complete 
| 122|0x0000000087a00000, 0x0000000087b00000, 0x0000000087b00000|100%| E|CS|TAMS 0x0000000087a00000, 0x0000000087a00000| Complete 
| 123|0x0000000087b00000, 0x0000000087c00000, 0x0000000087c00000|100%| E|CS|TAMS 0x0000000087b00000, 0x0000000087b00000| Complete 
| 124|0x0000000087c00000, 0x0000000087d00000, 0x0000000087d00000|100%| E|CS|TAMS 0x0000000087c00000, 0x0000000087c00000| Complete 
| 125|0x0000000087d00000, 0x0000000087e00000, 0x0000000087e00000|100%| E|CS|TAMS 0x0000000087d00000, 0x0000000087d00000| Complete 
| 126|0x0000000087e00000, 0x0000000087f00000, 0x0000000087f00000|100%| E|CS|TAMS 0x0000000087e00000, 0x0000000087e00000| Complete 
| 127|0x0000000087f00000, 0x0000000088000000, 0x0000000088000000|100%| E|CS|TAMS 0x0000000087f00000, 0x0000000087f00000| Complete 
| 128|0x0000000088000000, 0x0000000088100000, 0x0000000088100000|100%| E|CS|TAMS 0x0000000088000000, 0x0000000088000000| Complete 
| 129|0x0000000088100000, 0x0000000088200000, 0x0000000088200000|100%| E|CS|TAMS 0x0000000088100000, 0x0000000088100000| Complete 
| 130|0x0000000088200000, 0x0000000088300000, 0x0000000088300000|100%| E|CS|TAMS 0x0000000088200000, 0x0000000088200000| Complete 
| 131|0x0000000088300000, 0x0000000088400000, 0x0000000088400000|100%| E|CS|TAMS 0x0000000088300000, 0x0000000088300000| Complete 
| 132|0x0000000088400000, 0x000000008845af30, 0x0000000088500000| 35%| S|CS|TAMS 0x0000000088400000, 0x0000000088400000| Complete 
| 243|0x000000008f300000, 0x000000008f400000, 0x000000008f400000|100%| E|CS|TAMS 0x000000008f300000, 0x000000008f300000| Complete 

Card table byte_map: [0x000001f34aea0000,0x000001f34b2a0000] _byte_map_base: 0x000001f34aaa0000

Marking Bits (Prev, Next): (CMBitMap*) 0x000001f3339c8560, (CMBitMap*) 0x000001f3339c8520
 Prev Bits: [0x000001f34d6a0000, 0x000001f34f6a0000)
 Next Bits: [0x000001f34b6a0000, 0x000001f34d6a0000)

Polling page: 0x000001f331850000

Metaspace:

Usage:
  Non-class:     54.03 MB used.
      Class:      8.90 MB used.
       Both:     62.93 MB used.

Virtual space:
  Non-class space:       64.00 MB reserved,      54.38 MB ( 85%) committed,  1 nodes.
      Class space:      416.00 MB reserved,       9.25 MB (  2%) committed,  1 nodes.
             Both:      480.00 MB reserved,      63.62 MB ( 13%) committed. 

Chunk freelists:
   Non-Class:  9.25 MB
       Class:  6.58 MB
        Both:  15.83 MB

MaxMetaspaceSize: 512.00 MB
CompressedClassSpaceSize: 416.00 MB
Initial GC threshold: 21.00 MB
Current GC threshold: 102.62 MB
CDS: on
MetaspaceReclaimPolicy: balanced
 - commit_granule_bytes: 65536.
 - commit_granule_words: 8192.
 - virtual_space_node_default_size: 8388608.
 - enlarge_chunks_in_place: 1.
 - new_chunks_are_fully_committed: 0.
 - uncommit_free_chunks: 1.
 - use_allocation_guard: 0.
 - handle_deallocations: 1.


Internal statistics:

num_allocs_failed_limit: 6.
num_arena_births: 850.
num_arena_deaths: 0.
num_vsnodes_births: 2.
num_vsnodes_deaths: 0.
num_space_committed: 1018.
num_space_uncommitted: 0.
num_chunks_returned_to_freelist: 6.
num_chunks_taken_from_freelist: 3519.
num_chunk_merges: 6.
num_chunk_splits: 2308.
num_chunks_enlarged: 1529.
num_inconsistent_stats: 0.

CodeHeap 'non-profiled nmethods': size=119168Kb used=4348Kb max_used=4348Kb free=114819Kb
 bounds [0x000001f342dc0000, 0x000001f343200000, 0x000001f34a220000]
CodeHeap 'profiled nmethods': size=119104Kb used=14986Kb max_used=14986Kb free=104117Kb
 bounds [0x000001f33b220000, 0x000001f33c0d0000, 0x000001f342670000]
CodeHeap 'non-nmethods': size=7488Kb used=4064Kb max_used=4129Kb free=3424Kb
 bounds [0x000001f342670000, 0x000001f342a80000, 0x000001f342dc0000]
 total_blobs=8515 nmethods=7612 adapters=812
 compilation: enabled
              stopped_count=0, restarted_count=0
 full_count=0

Compilation events (20 events):
Event: 15.526 Thread 0x000001f372251390 8367       4       sun.security.provider.MD5::implReset (33 bytes)
Event: 15.527 Thread 0x000001f372251390 nmethod 8367 0x000001f3431fd210 code [0x000001f3431fd380, 0x000001f3431fd458]
Event: 15.537 Thread 0x000001f372251390 8368  s    4       java.io.ByteArrayOutputStream::write (43 bytes)
Event: 15.543 Thread 0x000001f372251390 nmethod 8368 0x000001f3431fd510 code [0x000001f3431fd6a0, 0x000001f3431fde58]
Event: 15.544 Thread 0x000001f35264d0d0 8369       3       java.io.FileInputStream::read (9 bytes)
Event: 15.544 Thread 0x000001f35264d0d0 nmethod 8369 0x000001f33c0c1290 code [0x000001f33c0c1440, 0x000001f33c0c1588]
Event: 15.560 Thread 0x000001f352807240 8370       3       com.google.common.cache.LocalCache$StrongValueReference::notifyNewValue (1 bytes)
Event: 15.560 Thread 0x000001f352807240 nmethod 8370 0x000001f33c0c1690 code [0x000001f33c0c1820, 0x000001f33c0c1938]
Event: 15.564 Thread 0x000001f3526cc960 8371       1       org.gradle.api.internal.changedetection.state.CachingFileHasher$FileInfo::access$300 (5 bytes)
Event: 15.564 Thread 0x000001f3526cc960 nmethod 8371 0x000001f3431fe110 code [0x000001f3431fe2a0, 0x000001f3431fe358]
Event: 15.585 Thread 0x000001f352807240 8372       3       java.util.concurrent.atomic.AtomicLong::addAndGet (14 bytes)
Event: 15.585 Thread 0x000001f352807240 nmethod 8372 0x000001f33c0c1a10 code [0x000001f33c0c1ba0, 0x000001f33c0c1cb8]
Event: 15.590 Thread 0x000001f37224ee60 8373       3       java.io.BufferedOutputStream::flushBuffer (29 bytes)
Event: 15.591 Thread 0x000001f37224ee60 nmethod 8373 0x000001f33c0c1d90 code [0x000001f33c0c1f40, 0x000001f33c0c2168]
Event: 15.613 Thread 0x000001f372251390 8374       4       java.util.concurrent.atomic.AtomicReferenceArray::set (13 bytes)
Event: 15.614 Thread 0x000001f37224ee60 8376       3       com.google.common.collect.MapMakerInternalMap$WeakKeyDummyValueEntry$Helper::copy (17 bytes)
Event: 15.614 Thread 0x000001f37224ee60 nmethod 8376 0x000001f33c0c2210 code [0x000001f33c0c23c0, 0x000001f33c0c27e8]
Event: 15.616 Thread 0x000001f372251390 nmethod 8374 0x000001f3431fe410 code [0x000001f3431fe5a0, 0x000001f3431fe778]
Event: 15.616 Thread 0x000001f372251390 8375       4       org.gradle.internal.hash.HashCode::longToBytes (118 bytes)
Event: 15.617 Thread 0x000001f372251390 nmethod 8375 0x000001f3431fe910 code [0x000001f3431fea80, 0x000001f3431febd8]

GC Heap History (20 events):
Event: 12.642 GC heap before
{Heap before GC invocations=14 (full 0):
 garbage-first heap   total 92160K, used 72781K [0x0000000080000000, 0x0000000100000000)
  region size 1024K, 35 young (35840K), 4 survivors (4096K)
 Metaspace       used 53634K, committed 54208K, reserved 491520K
  class space    used 7519K, committed 7808K, reserved 425984K
}
Event: 12.646 GC heap after
{Heap after GC invocations=15 (full 0):
 garbage-first heap   total 92160K, used 45041K [0x0000000080000000, 0x0000000100000000)
  region size 1024K, 5 young (5120K), 5 survivors (5120K)
 Metaspace       used 53634K, committed 54208K, reserved 491520K
  class space    used 7519K, committed 7808K, reserved 425984K
}
Event: 12.829 GC heap before
{Heap before GC invocations=15 (full 0):
 garbage-first heap   total 92160K, used 58353K [0x0000000080000000, 0x0000000100000000)
  region size 1024K, 20 young (20480K), 5 survivors (5120K)
 Metaspace       used 54392K, committed 54976K, reserved 491520K
  class space    used 7601K, committed 7872K, reserved 425984K
}
Event: 12.832 GC heap after
{Heap after GC invocations=16 (full 0):
 garbage-first heap   total 92160K, used 46250K [0x0000000080000000, 0x0000000100000000)
  region size 1024K, 2 young (2048K), 2 survivors (2048K)
 Metaspace       used 54392K, committed 54976K, reserved 491520K
  class space    used 7601K, committed 7872K, reserved 425984K
}
Event: 13.311 GC heap before
{Heap before GC invocations=17 (full 0):
 garbage-first heap   total 92160K, used 81066K [0x0000000080000000, 0x0000000100000000)
  region size 1024K, 29 young (29696K), 2 survivors (2048K)
 Metaspace       used 57001K, committed 57600K, reserved 491520K
  class space    used 7963K, committed 8256K, reserved 425984K
}
Event: 13.313 GC heap after
{Heap after GC invocations=18 (full 0):
 garbage-first heap   total 92160K, used 55640K [0x0000000080000000, 0x0000000100000000)
  region size 1024K, 4 young (4096K), 4 survivors (4096K)
 Metaspace       used 57001K, committed 57600K, reserved 491520K
  class space    used 7963K, committed 8256K, reserved 425984K
}
Event: 13.324 GC heap before
{Heap before GC invocations=18 (full 0):
 garbage-first heap   total 92160K, used 56664K [0x0000000080000000, 0x0000000100000000)
  region size 1024K, 5 young (5120K), 4 survivors (4096K)
 Metaspace       used 57068K, committed 57664K, reserved 491520K
  class space    used 7983K, committed 8256K, reserved 425984K
}
Event: 13.326 GC heap after
{Heap after GC invocations=19 (full 0):
 garbage-first heap   total 92160K, used 55725K [0x0000000080000000, 0x0000000100000000)
  region size 1024K, 1 young (1024K), 1 survivors (1024K)
 Metaspace       used 57068K, committed 57664K, reserved 491520K
  class space    used 7983K, committed 8256K, reserved 425984K
}
Event: 13.638 GC heap before
{Heap before GC invocations=19 (full 0):
 garbage-first heap   total 92160K, used 76205K [0x0000000080000000, 0x0000000100000000)
  region size 1024K, 21 young (21504K), 1 survivors (1024K)
 Metaspace       used 58581K, committed 59264K, reserved 491520K
  class space    used 8183K, committed 8512K, reserved 425984K
}
Event: 13.639 GC heap after
{Heap after GC invocations=20 (full 0):
 garbage-first heap   total 92160K, used 56416K [0x0000000080000000, 0x0000000100000000)
  region size 1024K, 1 young (1024K), 1 survivors (1024K)
 Metaspace       used 58581K, committed 59264K, reserved 491520K
  class space    used 8183K, committed 8512K, reserved 425984K
}
Event: 13.922 GC heap before
{Heap before GC invocations=21 (full 0):
 garbage-first heap   total 99328K, used 75872K [0x0000000080000000, 0x0000000100000000)
  region size 1024K, 21 young (21504K), 1 survivors (1024K)
 Metaspace       used 59779K, committed 60480K, reserved 491520K
  class space    used 8349K, committed 8640K, reserved 425984K
}
Event: 13.924 GC heap after
{Heap after GC invocations=22 (full 0):
 garbage-first heap   total 99328K, used 56961K [0x0000000080000000, 0x0000000100000000)
  region size 1024K, 2 young (2048K), 2 survivors (2048K)
 Metaspace       used 59779K, committed 60480K, reserved 491520K
  class space    used 8349K, committed 8640K, reserved 425984K
}
Event: 13.965 GC heap before
{Heap before GC invocations=22 (full 0):
 garbage-first heap   total 99328K, used 59009K [0x0000000080000000, 0x0000000100000000)
  region size 1024K, 4 young (4096K), 2 survivors (2048K)
 Metaspace       used 60075K, committed 60736K, reserved 491520K
  class space    used 8404K, committed 8704K, reserved 425984K
}
Event: 13.967 GC heap after
{Heap after GC invocations=23 (full 0):
 garbage-first heap   total 99328K, used 56288K [0x0000000080000000, 0x0000000100000000)
  region size 1024K, 1 young (1024K), 1 survivors (1024K)
 Metaspace       used 60075K, committed 60736K, reserved 491520K
  class space    used 8404K, committed 8704K, reserved 425984K
}
Event: 14.600 GC heap before
{Heap before GC invocations=23 (full 0):
 garbage-first heap   total 99328K, used 81888K [0x0000000080000000, 0x0000000100000000)
  region size 1024K, 27 young (27648K), 1 survivors (1024K)
 Metaspace       used 62338K, committed 63040K, reserved 491520K
  class space    used 8792K, committed 9152K, reserved 425984K
}
Event: 14.602 GC heap after
{Heap after GC invocations=24 (full 0):
 garbage-first heap   total 99328K, used 57174K [0x0000000080000000, 0x0000000100000000)
  region size 1024K, 2 young (2048K), 2 survivors (2048K)
 Metaspace       used 62338K, committed 63040K, reserved 491520K
  class space    used 8792K, committed 9152K, reserved 425984K
}
Event: 15.180 GC heap before
{Heap before GC invocations=25 (full 0):
 garbage-first heap   total 99328K, used 84822K [0x0000000080000000, 0x0000000100000000)
  region size 1024K, 27 young (27648K), 2 survivors (2048K)
 Metaspace       used 63642K, committed 64320K, reserved 491520K
  class space    used 8987K, committed 9344K, reserved 425984K
}
Event: 15.182 GC heap after
{Heap after GC invocations=26 (full 0):
 garbage-first heap   total 99328K, used 61255K [0x0000000080000000, 0x0000000100000000)
  region size 1024K, 3 young (3072K), 3 survivors (3072K)
 Metaspace       used 63642K, committed 64320K, reserved 491520K
  class space    used 8987K, committed 9344K, reserved 425984K
}
Event: 15.197 GC heap before
{Heap before GC invocations=26 (full 0):
 garbage-first heap   total 99328K, used 62279K [0x0000000080000000, 0x0000000100000000)
  region size 1024K, 4 young (4096K), 3 survivors (3072K)
 Metaspace       used 63655K, committed 64384K, reserved 491520K
  class space    used 8989K, committed 9344K, reserved 425984K
}
Event: 15.199 GC heap after
{Heap after GC invocations=27 (full 0):
 garbage-first heap   total 99328K, used 61014K [0x0000000080000000, 0x0000000100000000)
  region size 1024K, 1 young (1024K), 1 survivors (1024K)
 Metaspace       used 63655K, committed 64384K, reserved 491520K
  class space    used 8989K, committed 9344K, reserved 425984K
}

Deoptimization events (20 events):
Event: 14.070 Thread 0x000001f3743b8310 DEOPT PACKING pc=0x000001f342e5dfc8 sp=0x00000097d9cf1fd0
Event: 14.070 Thread 0x000001f3743b8310 DEOPT UNPACKING pc=0x000001f3426c23a3 sp=0x00000097d9cf1eb8 mode 2
Event: 14.070 Thread 0x000001f3743b8310 Uncommon trap: trap_request=0xffffffc6 fr.pc=0x000001f342e5dfc8 relative=0x00000000000007c8
Event: 14.070 Thread 0x000001f3743b8310 Uncommon trap: reason=bimorphic_or_optimized_type_check action=maybe_recompile pc=0x000001f342e5dfc8 method=java.util.regex.Pattern$Start.match(Ljava/util/regex/Matcher;ILjava/lang/CharSequence;)Z @ 44 c2
Event: 14.070 Thread 0x000001f3743b8310 DEOPT PACKING pc=0x000001f342e5dfc8 sp=0x00000097d9cf1fd0
Event: 14.070 Thread 0x000001f3743b8310 DEOPT UNPACKING pc=0x000001f3426c23a3 sp=0x00000097d9cf1eb8 mode 2
Event: 14.070 Thread 0x000001f3743b8310 Uncommon trap: trap_request=0xffffffc6 fr.pc=0x000001f3430b8e98 relative=0x0000000000000738
Event: 14.070 Thread 0x000001f3743b8310 Uncommon trap: reason=bimorphic_or_optimized_type_check action=maybe_recompile pc=0x000001f3430b8e98 method=java.util.regex.Pattern$Start.match(Ljava/util/regex/Matcher;ILjava/lang/CharSequence;)Z @ 44 c2
Event: 14.070 Thread 0x000001f3743b8310 DEOPT PACKING pc=0x000001f3430b8e98 sp=0x00000097d9cf1f50
Event: 14.070 Thread 0x000001f3743b8310 DEOPT UNPACKING pc=0x000001f3426c23a3 sp=0x00000097d9cf1eb0 mode 2
Event: 14.325 Thread 0x000001f3743b8310 Uncommon trap: trap_request=0xffffffdc fr.pc=0x000001f3431b573c relative=0x000000000000029c
Event: 14.325 Thread 0x000001f3743b8310 Uncommon trap: reason=class_check action=make_not_entrant pc=0x000001f3431b573c method=java.util.ArrayList.toArray([Ljava/lang/Object;)[Ljava/lang/Object; @ 21 c2
Event: 14.325 Thread 0x000001f3743b8310 DEOPT PACKING pc=0x000001f3431b573c sp=0x00000097d9cf5210
Event: 14.325 Thread 0x000001f3743b8310 DEOPT UNPACKING pc=0x000001f3426c23a3 sp=0x00000097d9cf51e0 mode 2
Event: 14.701 Thread 0x000001f3743b8310 DEOPT PACKING pc=0x000001f33b4f70e1 sp=0x00000097d9cf2860
Event: 14.701 Thread 0x000001f3743b8310 DEOPT UNPACKING pc=0x000001f3426c2b43 sp=0x00000097d9cf1de0 mode 0
Event: 15.490 Thread 0x000001f3743b8310 Uncommon trap: trap_request=0xffffffcc fr.pc=0x000001f34308e2d8 relative=0x0000000000002b18
Event: 15.490 Thread 0x000001f3743b8310 Uncommon trap: reason=intrinsic_or_type_checked_inlining action=make_not_entrant pc=0x000001f34308e2d8 method=java.util.ArrayList$SubList.toArray([Ljava/lang/Object;)[Ljava/lang/Object; @ 58 c2
Event: 15.490 Thread 0x000001f3743b8310 DEOPT PACKING pc=0x000001f34308e2d8 sp=0x00000097d9cf6c50
Event: 15.491 Thread 0x000001f3743b8310 DEOPT UNPACKING pc=0x000001f3426c23a3 sp=0x00000097d9cf6bf8 mode 2

Classes unloaded (0 events):
No events

Classes redefined (0 events):
No events

Internal exceptions (20 events):
Event: 13.032 Thread 0x000001f3743b8310 Exception <a 'java/lang/NoSuchMethodError'{0x000000008774cb80}: static Lorg/jetbrains/kotlin/gradle/plugin/internal/DefaultConfigurationCacheStartParameterAccessorVariantFactory;.<clinit>()V> (0x000000008774cb80) 
thrown [s\open\src\hotspot\share\prims\jni.cpp, line 1112]
Event: 13.033 Thread 0x000001f3743b8310 Exception <a 'java/lang/NoSuchMethodError'{0x0000000087772728}: static Lorg/jetbrains/kotlin/gradle/plugin/internal/MavenPluginConfigurator$DefaultMavenPluginConfiguratorVariantFactory;.<clinit>()V> (0x0000000087772728) 
thrown [s\open\src\hotspot\share\prims\jni.cpp, line 1112]
Event: 13.035 Thread 0x000001f3743b8310 Exception <a 'java/lang/NoSuchMethodError'{0x0000000087796c00}: static Lorg/jetbrains/kotlin/gradle/targets/js/nodejs/DefaultUnameExecutorVariantFactory;.<clinit>()V> (0x0000000087796c00) 
thrown [s\open\src\hotspot\share\prims\jni.cpp, line 1112]
Event: 13.036 Thread 0x000001f3743b8310 Exception <a 'java/lang/NoSuchMethodError'{0x00000000877bbb38}: static Lorg/jetbrains/kotlin/gradle/plugin/internal/DefaultBasePluginConfigurationVariantFactory;.<clinit>()V> (0x00000000877bbb38) 
thrown [s\open\src\hotspot\share\prims\jni.cpp, line 1112]
Event: 13.038 Thread 0x000001f3743b8310 Exception <a 'java/lang/NoSuchMethodError'{0x00000000877e10a8}: static Lorg/jetbrains/kotlin/gradle/plugin/internal/DefaultAttributeConfigurationHelperVariantFactory;.<clinit>()V> (0x00000000877e10a8) 
thrown [s\open\src\hotspot\share\prims\jni.cpp, line 1112]
Event: 13.113 Thread 0x000001f3743b8310 Exception <a 'java/lang/IncompatibleClassChangeError'{0x00000000844585a8}: Found class java.lang.Object, but interface was expected> (0x00000000844585a8) 
thrown [s\open\src\hotspot\share\interpreter\linkResolver.cpp, line 826]
Event: 14.129 Thread 0x000001f3743b8310 Exception <a 'java/lang/NoSuchMethodError'{0x0000000087dc2448}: 'void java.lang.invoke.DirectMethodHandle$Holder.invokeVirtual(java.lang.Object, java.lang.Object)'> (0x0000000087dc2448) 
thrown [s\open\src\hotspot\share\interpreter\linkResolver.cpp, line 759]
Event: 15.018 Thread 0x000001f3743b8310 Exception <a 'java/lang/NoSuchMethodError'{0x00000000850a17d0}: static Lorg/jetbrains/kotlin/gradle/plugin/internal/DefaultIdeaSyncDetector$createIdeaPropertiesEvaluator$1;.<clinit>()V> (0x00000000850a17d0) 
thrown [s\open\src\hotspot\share\prims\jni.cpp, line 1112]
Event: 15.168 Thread 0x000001f3743b8310 Exception <a 'java/lang/ClassNotFoundException'{0x0000000084818030}: org/jetbrains/kotlin/gradle/targets/js/npm/DefaultNpmDependencyExtensionBeanInfo> (0x0000000084818030) 
thrown [s\open\src\hotspot\share\classfile\systemDictionary.cpp, line 256]
Event: 15.169 Thread 0x000001f3743b8310 Exception <a 'java/lang/ClassNotFoundException'{0x000000008482c9c0}: org/jetbrains/kotlin/gradle/targets/js/npm/DefaultNpmDependencyExtensionCustomizer> (0x000000008482c9c0) 
thrown [s\open\src\hotspot\share\classfile\systemDictionary.cpp, line 256]
Event: 15.178 Thread 0x000001f3743b8310 Exception <a 'java/lang/ClassNotFoundException'{0x00000000848d4878}: org/jetbrains/kotlin/gradle/targets/js/npm/NpmDependencyExtensionKt$defaultNpmDependencyDelegate$1BeanInfo> (0x00000000848d4878) 
thrown [s\open\src\hotspot\share\classfile\systemDictionary.cpp, line 256]
Event: 15.179 Thread 0x000001f3743b8310 Exception <a 'java/lang/ClassNotFoundException'{0x00000000848e9248}: org/jetbrains/kotlin/gradle/targets/js/npm/NpmDependencyExtensionDelegateBeanInfo> (0x00000000848e9248) 
thrown [s\open\src\hotspot\share\classfile\systemDictionary.cpp, line 256]
Event: 15.179 Thread 0x000001f3743b8310 Exception <a 'java/lang/ClassNotFoundException'{0x00000000848fde78}: org/jetbrains/kotlin/gradle/targets/js/npm/NpmDependencyExtensionDelegateCustomizer> (0x00000000848fde78) 
thrown [s\open\src\hotspot\share\classfile\systemDictionary.cpp, line 256]
Event: 15.186 Thread 0x000001f3743b8310 Exception <a 'java/lang/ClassNotFoundException'{0x000000008f33c398}: org/jetbrains/kotlin/gradle/targets/js/npm/NpmDependencyExtensionKt$defaultNpmDependencyDelegate$1Customizer> (0x000000008f33c398) 
thrown [s\open\src\hotspot\share\classfile\systemDictionary.cpp, line 256]
Event: 15.191 Thread 0x000001f3743b8310 Exception <a 'java/lang/ClassNotFoundException'{0x000000008f38b530}: org/jetbrains/kotlin/gradle/targets/js/npm/DefaultDevNpmDependencyExtensionBeanInfo> (0x000000008f38b530) 
thrown [s\open\src\hotspot\share\classfile\systemDictionary.cpp, line 256]
Event: 15.192 Thread 0x000001f3743b8310 Exception <a 'java/lang/ClassNotFoundException'{0x000000008f3a0a48}: org/jetbrains/kotlin/gradle/targets/js/npm/DefaultDevNpmDependencyExtensionCustomizer> (0x000000008f3a0a48) 
thrown [s\open\src\hotspot\share\classfile\systemDictionary.cpp, line 256]
Event: 15.196 Thread 0x000001f3743b8310 Exception <a 'java/lang/ClassNotFoundException'{0x000000008f3f80b0}: org/jetbrains/kotlin/gradle/targets/js/npm/DefaultPeerNpmDependencyExtensionBeanInfo> (0x000000008f3f80b0) 
thrown [s\open\src\hotspot\share\classfile\systemDictionary.cpp, line 256]
Event: 15.200 Thread 0x000001f3743b8310 Exception <a 'java/lang/ClassNotFoundException'{0x000000008f30d368}: org/jetbrains/kotlin/gradle/targets/js/npm/DefaultPeerNpmDependencyExtensionCustomizer> (0x000000008f30d368) 
thrown [s\open\src\hotspot\share\classfile\systemDictionary.cpp, line 256]
Event: 15.221 Thread 0x000001f3743b8310 Exception <a 'java/lang/ClassNotFoundException'{0x000000008f36a8c0}: org/jetbrains/kotlin/gradle/targets/js/npm/DefaultPeerNpmDependencyExtension$delegate$1BeanInfo> (0x000000008f36a8c0) 
thrown [s\open\src\hotspot\share\classfile\systemDictionary.cpp, line 256]
Event: 15.222 Thread 0x000001f3743b8310 Exception <a 'java/lang/ClassNotFoundException'{0x000000008f380120}: org/jetbrains/kotlin/gradle/targets/js/npm/DefaultPeerNpmDependencyExtension$delegate$1Customizer> (0x000000008f380120) 
thrown [s\open\src\hotspot\share\classfile\systemDictionary.cpp, line 256]

VM Operations (20 events):
Event: 13.669 Executing VM operation: G1Concurrent
Event: 13.674 Executing VM operation: G1Concurrent done
Event: 13.687 Executing VM operation: G1Concurrent
Event: 13.688 Executing VM operation: G1Concurrent done
Event: 13.922 Executing VM operation: G1CollectForAllocation
Event: 13.924 Executing VM operation: G1CollectForAllocation done
Event: 13.965 Executing VM operation: G1CollectForAllocation
Event: 13.967 Executing VM operation: G1CollectForAllocation done
Event: 14.044 Executing VM operation: HandshakeAllThreads
Event: 14.044 Executing VM operation: HandshakeAllThreads done
Event: 14.600 Executing VM operation: G1CollectForAllocation
Event: 14.603 Executing VM operation: G1CollectForAllocation done
Event: 14.633 Executing VM operation: G1Concurrent
Event: 14.638 Executing VM operation: G1Concurrent done
Event: 14.651 Executing VM operation: G1Concurrent
Event: 14.651 Executing VM operation: G1Concurrent done
Event: 15.180 Executing VM operation: G1CollectForAllocation
Event: 15.182 Executing VM operation: G1CollectForAllocation done
Event: 15.197 Executing VM operation: G1CollectForAllocation
Event: 15.199 Executing VM operation: G1CollectForAllocation done

Events (20 events):
Event: 14.034 loading class com/sun/org/apache/xerces/internal/jaxp/DocumentBuilderFactoryImpl
Event: 14.034 loading class com/sun/org/apache/xerces/internal/jaxp/DocumentBuilderFactoryImpl done
Event: 14.034 loading class com/sun/org/apache/xerces/internal/utils/XMLSecurityManager
Event: 14.035 loading class com/sun/org/apache/xerces/internal/utils/XMLSecurityManager done
Event: 14.035 loading class com/sun/org/apache/xerces/internal/utils/XMLSecurityManager$Limit
Event: 14.035 loading class com/sun/org/apache/xerces/internal/utils/XMLSecurityManager$Limit done
Event: 14.035 loading class com/sun/org/apache/xerces/internal/utils/XMLSecurityManager$NameMap
Event: 14.035 loading class com/sun/org/apache/xerces/internal/utils/XMLSecurityManager$NameMap done
Event: 14.035 loading class com/sun/org/apache/xerces/internal/utils/XMLSecurityPropertyManager
Event: 14.036 loading class com/sun/org/apache/xerces/internal/utils/XMLSecurityPropertyManager done
Event: 14.036 loading class com/sun/org/apache/xerces/internal/utils/XMLSecurityPropertyManager$State
Event: 14.036 loading class com/sun/org/apache/xerces/internal/utils/XMLSecurityPropertyManager$State done
Event: 14.036 loading class com/sun/org/apache/xerces/internal/utils/XMLSecurityPropertyManager$Property
Event: 14.036 loading class com/sun/org/apache/xerces/internal/utils/XMLSecurityPropertyManager$Property done
Event: 14.068 loading class java/util/regex/Pattern$SliceI
Event: 14.068 loading class java/util/regex/Pattern$SliceI done
Event: 14.070 Thread 0x000001f372251390 Thread added: 0x000001f372251390
Event: 14.106 Thread 0x000001f3774986a0 Thread added: 0x000001f3774986a0
Event: 15.174 Thread 0x000001f372251390 Thread exited: 0x000001f372251390
Event: 15.469 Thread 0x000001f372251390 Thread added: 0x000001f372251390


Dynamic libraries:
0x00007ff6c4390000 - 0x00007ff6c43a0000 	C:\Program Files\Java\jdk-17\bin\java.exe
0x00007ffbe62a0000 - 0x00007ffbe6508000 	C:\WINDOWS\SYSTEM32\ntdll.dll
0x00007ffbe4170000 - 0x00007ffbe4239000 	C:\WINDOWS\System32\KERNEL32.DLL
0x00007ffbe3750000 - 0x00007ffbe3b3d000 	C:\WINDOWS\System32\KERNELBASE.dll
0x00007ffbe3550000 - 0x00007ffbe369b000 	C:\WINDOWS\System32\ucrtbase.dll
0x00007ffbaead0000 - 0x00007ffbaeaeb000 	C:\Program Files\Java\jdk-17\bin\VCRUNTIME140.dll
0x00007ffbb0f70000 - 0x00007ffbb0f89000 	C:\Program Files\Java\jdk-17\bin\jli.dll
0x00007ffbe61a0000 - 0x00007ffbe6254000 	C:\WINDOWS\System32\ADVAPI32.dll
0x00007ffbe59f0000 - 0x00007ffbe5a99000 	C:\WINDOWS\System32\msvcrt.dll
0x00007ffbe5e90000 - 0x00007ffbe5f36000 	C:\WINDOWS\System32\sechost.dll
0x00007ffbe4040000 - 0x00007ffbe4158000 	C:\WINDOWS\System32\RPCRT4.dll
0x00007ffbe5fc0000 - 0x00007ffbe618c000 	C:\WINDOWS\System32\USER32.dll
0x00007ffbe3d50000 - 0x00007ffbe3d77000 	C:\WINDOWS\System32\win32u.dll
0x00007ffbe5bd0000 - 0x00007ffbe5bfb000 	C:\WINDOWS\System32\GDI32.dll
0x00007ffbe3f00000 - 0x00007ffbe4037000 	C:\WINDOWS\System32\gdi32full.dll
0x00007ffbe36a0000 - 0x00007ffbe3743000 	C:\WINDOWS\System32\msvcp_win.dll
0x00007ffbd06e0000 - 0x00007ffbd097a000 	C:\WINDOWS\WinSxS\amd64_microsoft.windows.common-controls_6595b64144ccf1df_6.0.26100.4484_none_3e0e6d4ce32ef3b3\COMCTL32.dll
0x00007ffbdb770000 - 0x00007ffbdb77b000 	C:\WINDOWS\SYSTEM32\VERSION.dll
0x00007ffbe5c10000 - 0x00007ffbe5c3f000 	C:\WINDOWS\System32\IMM32.DLL
0x00007ffbc4f50000 - 0x00007ffbc4f5c000 	C:\Program Files\Java\jdk-17\bin\vcruntime140_1.dll
0x00007ffb57710000 - 0x00007ffb5779e000 	C:\Program Files\Java\jdk-17\bin\msvcp140.dll
0x00007ffae0fe0000 - 0x00007ffae1bc0000 	C:\Program Files\Java\jdk-17\bin\server\jvm.dll
0x00007ffbe6190000 - 0x00007ffbe6198000 	C:\WINDOWS\System32\PSAPI.DLL
0x00007ffbaa3b0000 - 0x00007ffbaa3ba000 	C:\WINDOWS\SYSTEM32\WSOCK32.dll
0x00007ffbdb020000 - 0x00007ffbdb055000 	C:\WINDOWS\SYSTEM32\WINMM.dll
0x00007ffbe5e10000 - 0x00007ffbe5e84000 	C:\WINDOWS\System32\WS2_32.dll
0x00007ffbe21a0000 - 0x00007ffbe21bb000 	C:\WINDOWS\SYSTEM32\kernel.appcore.dll
0x00007ffbc4ed0000 - 0x00007ffbc4eda000 	C:\Program Files\Java\jdk-17\bin\jimage.dll
0x00007ffbd5da0000 - 0x00007ffbd5fe1000 	C:\WINDOWS\SYSTEM32\DBGHELP.DLL
0x00007ffbe4240000 - 0x00007ffbe45c6000 	C:\WINDOWS\System32\combase.dll
0x00007ffbe45d0000 - 0x00007ffbe46b0000 	C:\WINDOWS\System32\OLEAUT32.dll
0x00007ffbcc6f0000 - 0x00007ffbcc733000 	C:\WINDOWS\SYSTEM32\dbgcore.DLL
0x00007ffbe33f0000 - 0x00007ffbe3489000 	C:\WINDOWS\System32\bcryptPrimitives.dll
0x00007ffbc3ac0000 - 0x00007ffbc3ace000 	C:\Program Files\Java\jdk-17\bin\instrument.dll
0x00007ffbaeaa0000 - 0x00007ffbaeac5000 	C:\Program Files\Java\jdk-17\bin\java.dll
0x00007ffb57630000 - 0x00007ffb57707000 	C:\Program Files\Java\jdk-17\bin\jsvml.dll
0x00007ffbe4fb0000 - 0x00007ffbe56fa000 	C:\WINDOWS\System32\SHELL32.dll
0x00007ffbe3b40000 - 0x00007ffbe3cb4000 	C:\WINDOWS\System32\wintypes.dll
0x00007ffbe1060000 - 0x00007ffbe18bb000 	C:\WINDOWS\SYSTEM32\windows.storage.dll
0x00007ffbe5aa0000 - 0x00007ffbe5b95000 	C:\WINDOWS\System32\SHCORE.dll
0x00007ffbe5ca0000 - 0x00007ffbe5d0a000 	C:\WINDOWS\System32\shlwapi.dll
0x00007ffbe3300000 - 0x00007ffbe332f000 	C:\WINDOWS\SYSTEM32\profapi.dll
0x00007ffbaea20000 - 0x00007ffbaea38000 	C:\Program Files\Java\jdk-17\bin\zip.dll
0x00007ffba9450000 - 0x00007ffba9469000 	C:\Program Files\Java\jdk-17\bin\net.dll
0x00007ffbdcb10000 - 0x00007ffbdcc2e000 	C:\WINDOWS\SYSTEM32\WINHTTP.dll
0x00007ffbe2720000 - 0x00007ffbe278a000 	C:\WINDOWS\system32\mswsock.dll
0x00007ffba9430000 - 0x00007ffba9446000 	C:\Program Files\Java\jdk-17\bin\nio.dll
0x00007ffbc36f0000 - 0x00007ffbc3700000 	C:\Program Files\Java\jdk-17\bin\verify.dll
0x00007ffbb10b0000 - 0x00007ffbb10d7000 	C:\Users\User\.gradle\native\c067742578af261105cb4f569cf0c3c89f3d7b1fecec35dd04571415982c5e48\windows-amd64\native-platform.dll
0x00007ffb51c30000 - 0x00007ffb51d74000 	C:\Users\User\.gradle\native\100fb08df4bc3b14c8652ba06237920a3bd2aa13389f12d3474272988ae205f9\windows-amd64\native-platform-file-events.dll
0x00007ffbc2600000 - 0x00007ffbc260a000 	C:\Program Files\Java\jdk-17\bin\management.dll
0x00007ffbc04e0000 - 0x00007ffbc04eb000 	C:\Program Files\Java\jdk-17\bin\management_ext.dll
0x00007ffbe29d0000 - 0x00007ffbe29eb000 	C:\WINDOWS\SYSTEM32\CRYPTSP.dll
0x00007ffbe2100000 - 0x00007ffbe213a000 	C:\WINDOWS\system32\rsaenh.dll
0x00007ffbe27c0000 - 0x00007ffbe27eb000 	C:\WINDOWS\SYSTEM32\USERENV.dll
0x00007ffbe32d0000 - 0x00007ffbe32f6000 	C:\WINDOWS\SYSTEM32\bcrypt.dll
0x00007ffbe29f0000 - 0x00007ffbe29fc000 	C:\WINDOWS\SYSTEM32\CRYPTBASE.dll
0x00007ffbe1c80000 - 0x00007ffbe1cb3000 	C:\WINDOWS\SYSTEM32\IPHLPAPI.DLL
0x00007ffbe5ba0000 - 0x00007ffbe5baa000 	C:\WINDOWS\System32\NSI.dll
0x00007ffbdcd30000 - 0x00007ffbdcd4f000 	C:\WINDOWS\SYSTEM32\dhcpcsvc6.DLL
0x00007ffbdcd00000 - 0x00007ffbdcd25000 	C:\WINDOWS\SYSTEM32\dhcpcsvc.DLL
0x00007ffbe1d50000 - 0x00007ffbe1e76000 	C:\WINDOWS\SYSTEM32\DNSAPI.dll
0x00007ffbbcfc0000 - 0x00007ffbbcfce000 	C:\Program Files\Java\jdk-17\bin\sunmscapi.dll
0x00007ffbe3d80000 - 0x00007ffbe3ef7000 	C:\WINDOWS\System32\CRYPT32.dll
0x00007ffbe2bf0000 - 0x00007ffbe2c20000 	C:\WINDOWS\SYSTEM32\ncrypt.dll
0x00007ffbe2ba0000 - 0x00007ffbe2bdf000 	C:\WINDOWS\SYSTEM32\NTASN1.dll
0x00007ffbb96a0000 - 0x00007ffbb96a8000 	C:\WINDOWS\system32\wshunix.dll

dbghelp: loaded successfully - version: 4.0.5 - missing functions: none
symbol engine: initialized successfully - sym options: 0x614 - pdb path: .;C:\Program Files\Java\jdk-17\bin;C:\WINDOWS\SYSTEM32;C:\WINDOWS\WinSxS\amd64_microsoft.windows.common-controls_6595b64144ccf1df_6.0.26100.4484_none_3e0e6d4ce32ef3b3;C:\Program Files\Java\jdk-17\bin\server;C:\Users\User\.gradle\native\c067742578af261105cb4f569cf0c3c89f3d7b1fecec35dd04571415982c5e48\windows-amd64;C:\Users\User\.gradle\native\100fb08df4bc3b14c8652ba06237920a3bd2aa13389f12d3474272988ae205f9\windows-amd64

VM Arguments:
jvm_args: -XX:MaxMetaspaceSize=512m --add-opens=java.base/java.util=ALL-UNNAMED --add-opens=java.base/java.lang=ALL-UNNAMED --add-opens=java.base/java.lang.invoke=ALL-UNNAMED --add-opens=java.prefs/java.util.prefs=ALL-UNNAMED --add-exports=jdk.compiler/com.sun.tools.javac.api=ALL-UNNAMED --add-exports=jdk.compiler/com.sun.tools.javac.util=ALL-UNNAMED --add-opens=java.base/java.nio.charset=ALL-UNNAMED --add-opens=java.base/java.net=ALL-UNNAMED --add-opens=java.base/java.util.concurrent.atomic=ALL-UNNAMED -Xmx2048m -Dfile.encoding=windows-1252 -Duser.country=US -Duser.language=en -Duser.variant -javaagent:C:\Users\User\.gradle\wrapper\dists\gradle-8.10.2-all\7iv73wktx1xtkvlq19urqw1wm\gradle-8.10.2\lib\agents\gradle-instrumentation-agent-8.10.2.jar 
java_command: org.gradle.launcher.daemon.bootstrap.GradleDaemon 8.10.2
java_class_path (initial): C:\Users\User\.gradle\wrapper\dists\gradle-8.10.2-all\7iv73wktx1xtkvlq19urqw1wm\gradle-8.10.2\lib\gradle-daemon-main-8.10.2.jar
Launcher Type: SUN_STANDARD

[Global flags]
     intx CICompilerCount                          = 12                                        {product} {ergonomic}
   size_t CompressedClassSpaceSize                 = 436207616                                 {product} {ergonomic}
     uint ConcGCThreads                            = 3                                         {product} {ergonomic}
     uint G1ConcRefinementThreads                  = 13                                        {product} {ergonomic}
   size_t G1HeapRegionSize                         = 1048576                                   {product} {ergonomic}
    uintx GCDrainStackTargetSize                   = 64                                        {product} {ergonomic}
   size_t InitialHeapSize                          = 255852544                                 {product} {ergonomic}
   size_t MarkStackSize                            = 4194304                                   {product} {ergonomic}
   size_t MaxHeapSize                              = 2147483648                                {product} {command line}
   size_t MaxMetaspaceSize                         = 536870912                                 {product} {command line}
   size_t MaxNewSize                               = 1287651328                                {product} {ergonomic}
   size_t MinHeapDeltaBytes                        = 1048576                                   {product} {ergonomic}
   size_t MinHeapSize                              = 8388608                                   {product} {ergonomic}
    uintx NonNMethodCodeHeapSize                   = 7602480                                {pd product} {ergonomic}
    uintx NonProfiledCodeHeapSize                  = 122027880                              {pd product} {ergonomic}
    uintx ProfiledCodeHeapSize                     = 122027880                              {pd product} {ergonomic}
    uintx ReservedCodeCacheSize                    = 251658240                              {pd product} {ergonomic}
     bool SegmentedCodeCache                       = true                                      {product} {ergonomic}
   size_t SoftMaxHeapSize                          = 2147483648                             {manageable} {ergonomic}
     bool UseCompressedClassPointers               = true                           {product lp64_product} {ergonomic}
     bool UseCompressedOops                        = true                           {product lp64_product} {ergonomic}
     bool UseG1GC                                  = true                                      {product} {ergonomic}
     bool UseLargePagesIndividualAllocation        = false                                  {pd product} {ergonomic}

Logging:
Log output configuration:
 #0: stdout all=warning uptime,level,tags
 #1: stderr all=off uptime,level,tags

Environment Variables:
CLASSPATH=c:\Users\User\Conductor-Mobile-App\android\\gradle\wrapper\gradle-wrapper.jar
PATH=C:\Python313\Scripts\;C:\Python313\;C:\Program Files\Common Files\Oracle\Java\javapath;C:\Users\User\AppData\Local\Programs\Python\Python312\Scripts\;C:\Users\User\AppData\Local\Programs\Python\Python312\;C:\Program Files\Python38\Scripts\;C:\Program Files\Python38\;C:\Program Files (x86)\Common Files\Oracle\Java\javapath;C:\Windows\system32;C:\Windows;C:\Windows\System32\Wbem;C:\Windows\System32\WindowsPowerShell\v1.0\;C:\Windows\System32\OpenSSH\;C:\Program Files (x86)\NVIDIA Corporation\PhysX\Common;C:\Program Files\NVIDIA Corporation\NVIDIA NvDLISR;C:\WINDOWS\system32;C:\WINDOWS;C:\WINDOWS\System32\Wbem;C:\WINDOWS\System32\WindowsPowerShell\v1.0\;C:\WINDOWS\System32\OpenSSH\;C:\ProgramData\chocolatey\bin;C:\Program Files\Docker\Docker\resources\bin;C:\Program Files\dotnet\;C:\Program Files\GitHub CLI\;C:\Program Files\Git\cmd;E:\xamp\php;C:\ProgramData\ComposerSetup\bin;C:\Program Files\nodejs\;C:\Program Files\Vagrant\bin;C:\ProgramData\chocolatey\lib\maven\apache-maven-3.9.9\bin;C:\Program Files\Amazon\AWSCLIV2\;E:\Dev\flutter\bin;C:\Users\User\AppData\Local\Pub\Cache\bin;C:\Users\User\Downloads\kotlin-compiler-2.1.21\kotlinc\bin;C:\Users\User\AppData\Local\Microsoft\WindowsApps;C:\Program Files\JetBrains\IntelliJ IDEA Community Edition 2022.2.2\bin;C:\MinGW\bin;C:\Program Files\JetBrains\PyCharm Community Edition 2022.2.2\bin;C:\Program Files\JetBrains\PyCharm Edu 2022.2.2\bin;C:\Program Files\JetBrains\IntelliJ IDEA Educational Edition 2022.2.2\bin;C:\msys64\ucrt64\bin.;C:\Users\User\AppData\Local\GitHubDesktop\bin;C:\Users\User\codeblocks\MinGW\bin;C:\Users\User\AppData\Local\Coursier\data\bin;E:\mongodb\;C:\Users\User\AppData\Local\Microsoft\WindowsApps;C:\Users\User\AppData\Local\Programs\Microsoft VS Code\bin;C:\Program Files\JetBrains\IntelliJ IDEA 2024.3.1\bin;;C:\Users\User\AppData\Roaming\Composer\vendor\bin;C:\Users\User\AppData\Roaming\npm;E:\Dev\flutter\bin;C:\Users\User\AppData\Local\Pub\Cache\bin;C:\Users\User\Downloads\kotlin-compiler-2.1.21\
USERNAME=User
OS=Windows_NT
PROCESSOR_IDENTIFIER=AMD64 Family 25 Model 68 Stepping 1, AuthenticAMD



---------------  S Y S T E M  ---------------

OS:
 Windows 11 , 64 bit Build 26100 (10.0.26100.4484)
OS uptime: 0 days 3:06 hours

CPU: total 16 (initial active 16) (16 cores per cpu, 2 threads per core) family 25 model 68 stepping 1 microcode 0xa404101, cx8, cmov, fxsr, ht, mmx, 3dnowpref, sse, sse2, sse3, ssse3, sse4a, sse4.1, sse4.2, popcnt, lzcnt, tsc, tscinvbit, avx, avx2, aes, clmul, bmi1, bmi2, adx, sha, fma, vzeroupper, clflush, clflushopt

Memory: 4k page, system-wide physical 15613M (884M free)
TotalPageFile size 31140M (AvailPageFile size 5M)
current process WorkingSet (physical memory assigned to process): 299M, peak: 331M
current process commit charge ("private bytes"): 355M, peak: 448M

vm_info: Java HotSpot(TM) 64-Bit Server VM (17.0.11+7-LTS-207) for windows-amd64 JRE (17.0.11+7-LTS-207), built on Mar 11 2024 19:01:50 by "mach5one" with MS VC++ 17.6 (VS2022)

END.
